<!DOCTYPE html>
<html lang="en" class="h-100">


<!-- Mirrored from support.w3itexperts.com/ticket-detail/b0UzL1Z6NGFGT2RicCtIS044Z0svQT09 by HTTrack Website Copier/3.x [XR&CO'2014], Sat, 17 Feb 2024 04:32:07 GMT -->
<!-- Added by HTTrack --><meta http-equiv="content-type" content="text/html;charset=UTF-8" /><!-- /Added by HTTrack -->
<head>
	<meta charset="utf-8">
	<meta http-equiv="X-UA-Compatible" content="IE=edge">
	<meta name="viewport" content="width=device-width,initial-scale=1">
	<meta name="csrf-token" content="1Aa3MwOweba5CMfqfJICIqo10uJtL1bTIgTD5RSq">
	<title>W3Itexperts </title>
	<meta name="description" content=""/>
	<!-- Favicon icon -->
	<link rel="icon" type="image/png" sizes="16x16" href="../public/storage/configuration-images/1626253721.favicon.png">
	<link href="../../cdn.lineicons.com/2.0/LineIcons.css" rel="stylesheet" type="text/css"/>
	
	
	 
					<link href="../public/vendor/sweetalert2/dist/sweetalert2.min.css" rel="stylesheet" type="text/css"/>
					<link href="../public/vendor/bootstrap-select/dist/css/bootstrap-select.min.css" rel="stylesheet" type="text/css"/>
					<link href="../public/css/style.css" rel="stylesheet" type="text/css"/>
				
		 
						<link href="../public/vendor/summernote/summernote.css" rel="stylesheet" type="text/css"/>
						<link href="../public/vendor/dropzone/dist/dropzone.css" rel="stylesheet" type="text/css"/>
						<link href="../public/vendor/magnific-popup/magnific-popup.css" rel="stylesheet" type="text/css"/>
						<link href="../public/vendor/star-rating/star-rating-svg.css" rel="stylesheet" type="text/css"/>
						<link href="../public/css/lightbox.css" rel="stylesheet" type="text/css"/>
						<link href="../public/css/custom.css" rel="stylesheet" type="text/css"/>
					
	<link href="../../fonts.googleapis.com/css24961.css?family=Nunito:wght@400;600;700&amp;display=swap">
	<link href="../public/css/lightbox.css" rel="stylesheet" type="text/css"/>
</head>

<body>
	<div class="box-header">
		<div class="container">
			<div class="box-header-inner">
				<h1 class="text-logo">W3 Support</h1>
				<a href="javascript:void(0);" class="toggle-icon">
					<span></span>
					<span></span>
					<span></span>
				</a>
				<ul class="nav support-menu">
					<h1 class="text-logo text-white">W3 Support</h1>
					<li>
						<a href="../index.html">Submit a Ticket</a>
					</li>
										<li> <a href="../public-tickets.html">Public Tickets</a></li>
					<li><a href="../public-articles.html">Articles</a></li>
					
											<li><a href="../login.html">login</a></li>
									</ul>
			</div>
		</div>
	</div>
	<div class="container boxarea">
				

	
<div class="container-fluid">
	<div class="row">
		<div class="col-xl-12">
			<div class="card">
									<div class="card-header bg-success">
						<h5 class="mb-0 text-uppercase text-white"><i class="fa fa-user-circle mr-2"></i>Public Ticket #2035</h5>
					</div>
								<div class="card-body d-flex flex-wrap pb-2 justify-content-between">
					<div>
						<h3 class="mb-3 mr-2">deploy on Netlify</h3>
					</div>
					<div class="d-flex align-items-center mb-3">
													<span class="badge badge-outline-light text-secondary">Closed</span>
											</div>
				</div>
				<div class="ticket-editor " id="TicketDetailReplySec">
											<div class="card-header">
							<h5 class="mb-0">Comments</h5>
						</div>
									</div>
									
					<div class="card-body msg-box comment-sec ">
						<div class="media">
							<div class="text-center mr-3">
								<img class="align-self-start ticket-thumb rounded-circle" width="60"  src="../public/storage/user-images/1624882348.png" alt="DexignLab">
															</div>
							<div class="media-body chat-bx">
																<span class="text-black">Yamini Gaur</span>
																	<span>replied</span>
																																<a href="javascript:void(0);" class="d-block conversation-date mt-1"> 1 year ago on April 06, 2022 at 08:47 AM</a>

								
									<div class="media-body ticketContentContainer edit-content-2270">
										<div class="pt-3 pb-3 ticket-description-sec">
											<p>Hello saya,</p><p>Thanks for waiting.&nbsp;<span style="font-size: 0.875rem;">Sorry for the inconvenience.</span></p><p><span style="font-size: 0.875rem;">To deploy your project on Netlify, firstly upload your project on GitHub, and after that login to Netlify and follow the below video link to add your project to Netlify.
</span></p><p><span style="font-size: 0.875rem;">Check and follow the given link:  </span><a href="https://www.youtube.com/watch?v=wKC70r3xbKU" target="_blank">https://www.youtube.com/watch?v=wKC70r3xbKU</a></p><p><span style="font-size: 0.875rem;">
</span></p><p><br></p><p>Thanks for this query, we learn a lot from your query.</p><p><br></p><p>Thanks &amp; Regards</p><p>Yamini</p><p>DexignZone</p>
										</div>
									</div>
									<div class="media-body d-none editFormContainer edit-form-2270"></div>
									<div class="attached-area">
																			</div>

																								</div>
							<div class="edit-icon align-self-start">
															</div>
						</div>
					</div>
									
					<div class="card-body msg-box comment-sec ">
						<div class="media">
							<div class="text-center mr-3">
								<img class="align-self-start ticket-thumb rounded-circle" width="60"  src="../public/storage/user-images/1624882348.png" alt="DexignLab">
															</div>
							<div class="media-body chat-bx">
																<span class="text-black">Yamini Gaur</span>
																	<span>replied</span>
																																<a href="javascript:void(0);" class="d-block conversation-date mt-1"> 1 year ago on March 15, 2022 at 04:43 AM</a>

								
									<div class="media-body ticketContentContainer edit-content-2091">
										<div class="pt-3 pb-3 ticket-description-sec">
											<p>Hello saya,</p><p>Please check the below link and this solve your problem with the font awesome icon.</p><p>Check:&nbsp;&nbsp;<a href="https://prnt.sc/V9ZKDHmgo_z1" target="_blank">https://prnt.sc/V9ZKDHmgo_z1</a><a href="https://prnt.sc/V9ZKDHmgo_z1" target="_blank"></a></p><p>And please give us the time we will update you as soon as possible on your remaining query.&nbsp;</p><p>Thanks &amp; Regards</p><p>Yamini</p><p>DexignZone</p>
										</div>
									</div>
									<div class="media-body d-none editFormContainer edit-form-2091"></div>
									<div class="attached-area">
																			</div>

																								</div>
							<div class="edit-icon align-self-start">
															</div>
						</div>
					</div>
									
					<div class="card-body msg-box comment-sec ">
						<div class="media">
							<div class="text-center mr-3">
								<img class="align-self-start ticket-thumb rounded-circle" width="60"  src="../public/images/no-user.png" alt="DexignLab">
															</div>
							<div class="media-body chat-bx">
																<span class="text-black">saya </span>
																	<span>replied</span>
																																<a href="javascript:void(0);" class="d-block conversation-date mt-1"> 1 year ago on March 11, 2022 at 04:13 AM</a>

								
									<div class="media-body ticketContentContainer edit-content-2077">
										<div class="pt-3 pb-3 ticket-description-sec">
											<p>I want to ask question additional.</p><p><span style="font-size: 0.875rem;">I want to add font awesome icon(I want to change icon), Where am I add icon code?</span></p>
										</div>
									</div>
									<div class="media-body d-none editFormContainer edit-form-2077"></div>
									<div class="attached-area">
																			</div>

																								</div>
							<div class="edit-icon align-self-start">
															</div>
						</div>
					</div>
									
					<div class="card-body msg-box comment-sec ">
						<div class="media">
							<div class="text-center mr-3">
								<img class="align-self-start ticket-thumb rounded-circle" width="60"  src="../public/images/no-user.png" alt="DexignLab">
															</div>
							<div class="media-body chat-bx">
																<span class="text-black">saya </span>
																	<span>replied</span>
																																<a href="javascript:void(0);" class="d-block conversation-date mt-1"> 1 year ago on March 11, 2022 at 02:18 AM</a>

								
									<div class="media-body ticketContentContainer edit-content-2073">
										<div class="pt-3 pb-3 ticket-description-sec">
											<p>I send error log.</p><p>11:04:26 AM: npm ERR! code 1</p><p>11:04:26 AM: npm ERR! path /opt/build/repo/node_modules/node-sass</p><p>11:04:26 AM: npm ERR! command failed</p><p>11:04:26 AM: Creating deploy upload records</p><p>11:04:26 AM: npm ERR! command sh -c node scripts/build.js</p><p>11:04:26 AM: npm ERR! Building: /opt/buildhome/.nvm/versions/node/v16.14.0/bin/node /opt/build/repo/node_modules/node-gyp/bin/node-gyp.js rebuild --verbose --libsass_ext= --libsass_cflags= --libsass_ldflags= --libsass_library=</p><p>11:04:26 AM: npm ERR! make: Entering directory '/opt/build/repo/node_modules/node-sass/build'</p><p>11:04:26 AM: npm ERR!   g++ -o Release/obj.target/libsass/src/libsass/src/ast.o ../src/libsass/src/ast.cpp '-DNODE_GYP_MODULE_NAME=libsass' '-DUSING_UV_SHARED=1' '-DUSING_V8_SHARED=1' '-DV8_DEPRECATION_WARNINGS=1' '-DV8_DEPRECATION_WARNINGS' '-DV8_IMMINENT_DEPRECATION_WARNINGS' '-D_GLIBCXX_USE_CXX11_ABI=1' '-D_LARGEFILE_SOURCE' '-D_FILE_OFFSET_BITS=64' '-D__STDC_FORMAT_MACROS' '-DOPENSSL_NO_PINSHARED' '-DOPENSSL_THREADS' '-DLIBSASS_VERSION="3.5.5"' -I/opt/buildhome/.cache/node-gyp/16.14.0/include/node -I/opt/buildhome/.cache/node-gyp/16.14.0/src -I/opt/buildhome/.cache/node-gyp/16.14.0/deps/openssl/config -I/opt/buildhome/.cache/node-gyp/16.14.0/deps/openssl/openssl/include -I/opt/buildhome/.cache/node-gyp/16.14.0/deps/uv/include -I/opt/buildhome/.cache/node-gyp/16.14.0/deps/zlib -I/opt/buildhome/.cache/node-gyp/16.14.0/deps/v8/include -I../src/libsass/include  -fPIC -pthread -Wall -Wextra -Wno-unused-parameter -m64 -O3 -fno-omit-frame-pointer -std=gnu++14 -std=c++0x -fexceptions -frtti -MMD -MF ./Release/.deps/Release/obj.target/libsass/src/libsass/src/ast.o.d.raw   -c</p><p>11:04:26 AM: npm ERR!   g++ -o Release/obj.target/libsass/src/libsass/src/ast_fwd_decl.o ../src/libsass/src/ast_fwd_decl.cpp '-DNODE_GYP_MODULE_NAME=libsass' '-DUSING_UV_SHARED=1' '-DUSING_V8_SHARED=1' '-DV8_DEPRECATION_WARNINGS=1' '-DV8_DEPRECATION_WARNINGS' '-DV8_IMMINENT_DEPRECATION_WARNINGS' '-D_GLIBCXX_USE_CXX11_ABI=1' '-D_LARGEFILE_SOURCE' '-D_FILE_OFFSET_BITS=64' '-D__STDC_FORMAT_MACROS' '-DOPENSSL_NO_PINSHARED' '-DOPENSSL_THREADS' '-DLIBSASS_VERSION="3.5.5"' -I/opt/buildhome/.cache/node-gyp/16.14.0/include/node -I/opt/buildhome/.cache/node-gyp/16.14.0/src -I/opt/buildhome/.cache/node-gyp/16.14.0/deps/openssl/config -I/opt/buildhome/.cache/node-gyp/16.14.0/deps/openssl/openssl/include -I/opt/buildhome/.cache/node-gyp/16.14.0/deps/uv/include -I/opt/buildhome/.cache/node-gyp/16.14.0/deps/zlib -I/opt/buildhome/.cache/node-gyp/16.14.0/deps/v8/include -I../src/libsass/include  -fPIC -pthread -Wall -Wextra -Wno-unused-parameter -m64 -O3 -fno-omit-frame-pointer -std=gnu++14 -std=c++0x -fexceptions -frtti -MMD -MF ./Release/.deps/Release/obj.target/libsass/src/libsass/src/ast_fwd_decl.o.d.raw   -c</p><p>11:04:26 AM: Failed during stage 'building site': Build script returned non-zero exit code: 1 (https://ntl.fyi/exit-code-1)</p><p>11:04:26 AM: npm ERR!   g++ -o Release/obj.target/libsass/src/libsass/src/backtrace.o ../src/libsass/src/backtrace.cpp '-DNODE_GYP_MODULE_NAME=libsass' '-DUSING_UV_SHARED=1' '-DUSING_V8_SHARED=1' '-DV8_DEPRECATION_WARNINGS=1' '-DV8_DEPRECATION_WARNINGS' '-DV8_IMMINENT_DEPRECATION_WARNINGS' '-D_GLIBCXX_USE_CXX11_ABI=1' '-D_LARGEFILE_SOURCE' '-D_FILE_OFFSET_BITS=64' '-D__STDC_FORMAT_MACROS' '-DOPENSSL_NO_PINSHARED' '-DOPENSSL_THREADS' '-DLIBSASS_VERSION="3.5.5"' -I/opt/buildhome/.cache/node-gyp/16.14.0/include/node -I/opt/buildhome/.cache/node-gyp/16.14.0/src -I/opt/buildhome/.cache/node-gyp/16.14.0/deps/openssl/config -I/opt/buildhome/.cache/node-gyp/16.14.0/deps/openssl/openssl/include -I/opt/buildhome/.cache/node-gyp/16.14.0/deps/uv/include -I/opt/buildhome/.cache/node-gyp/16.14.0/deps/zlib -I/opt/buildhome/.cache/node-gyp/16.14.0/deps/v8/include -I../src/libsass/include  -fPIC -pthread -Wall -Wextra -Wno-unused-parameter -m64 -O3 -fno-omit-frame-pointer -std=gnu++14 -std=c++0x -fexceptions -frtti -MMD -MF ./Release/.deps/Release/obj.target/libsass/src/libsass/src/backtrace.o.d.raw   -c</p><p>11:04:26 AM: npm ERR!   g++ -o Release/obj.target/libsass/src/libsass/src/base64vlq.o ../src/libsass/src/base64vlq.cpp '-DNODE_GYP_MODULE_NAME=libsass' '-DUSING_UV_SHARED=1' '-DUSING_V8_SHARED=1' '-DV8_DEPRECATION_WARNINGS=1' '-DV8_DEPRECATION_WARNINGS' '-DV8_IMMINENT_DEPRECATION_WARNINGS' '-D_GLIBCXX_USE_CXX11_ABI=1' '-D_LARGEFILE_SOURCE' '-D_FILE_OFFSET_BITS=64' '-D__STDC_FORMAT_MACROS' '-DOPENSSL_NO_PINSHARED' '-DOPENSSL_THREADS' '-DLIBSASS_VERSION="3.5.5"' -I/opt/buildhome/.cache/node-gyp/16.14.0/include/node -I/opt/buildhome/.cache/node-gyp/16.14.0/src -I/opt/buildhome/.cache/node-gyp/16.14.0/deps/openssl/config -I/opt/buildhome/.cache/node-gyp/16.14.0/deps/openssl/openssl/include -I/opt/buildhome/.cache/node-gyp/16.14.0/deps/uv/include -I/opt/buildhome/.cache/node-gyp/16.14.0/deps/zlib -I/opt/buildhome/.cache/node-gyp/16.14.0/deps/v8/include -I../src/libsass/include  -fPIC -pthread -Wall -Wextra -Wno-unused-parameter -m64 -O3 -fno-omit-frame-pointer -std=gnu++14 -std=c++0x -fexceptions -frtti -MMD -MF ./Release/.deps/Release/obj.target/libsass/src/libsass/src/base64vlq.o.d.raw   -c</p><p>11:04:26 AM: npm ERR!   g++ -o Release/obj.target/libsass/src/libsass/src/bind.o ../src/libsass/src/bind.cpp '-DNODE_GYP_MODULE_NAME=libsass' '-DUSING_UV_SHARED=1' '-DUSING_V8_SHARED=1' '-DV8_DEPRECATION_WARNINGS=1' '-DV8_DEPRECATION_WARNINGS' '-DV8_IMMINENT_DEPRECATION_WARNINGS' '-D_GLIBCXX_USE_CXX11_ABI=1' '-D_LARGEFILE_SOURCE' '-D_FILE_OFFSET_BITS=64' '-D__STDC_FORMAT_MACROS' '-DOPENSSL_NO_PINSHARED' '-DOPENSSL_THREADS' '-DLIBSASS_VERSION="3.5.5"' -I/opt/buildhome/.cache/node-gyp/16.14.0/include/node -I/opt/buildhome/.cache/node-gyp/16.14.0/src -I/opt/buildhome/.cache/node-gyp/16.14.0/deps/openssl/config -I/opt/buildhome/.cache/node-gyp/16.14.0/deps/openssl/openssl/include -I/opt/buildhome/.cache/node-gyp/16.14.0/deps/uv/include -I/opt/buildhome/.cache/node-gyp/16.14.0/deps/zlib -I/opt/buildhome/.cache/node-gyp/16.14.0/deps/v8/include -I../src/libsass/include  -fPIC -pthread -Wall -Wextra -Wno-unused-parameter -m64 -O3 -fno-omit-frame-pointer -std=gnu++14 -std=c++0x -fexceptions -frtti -MMD -MF ./Release/.deps/Release/obj.target/libsass/src/libsass/src/bind.o.d.raw   -c</p><p>11:04:26 AM: npm ERR!   cc -o Release/obj.target/libsass/src/libsass/src/cencode.o ../src/libsass/src/cencode.c '-DNODE_GYP_MODULE_NAME=libsass' '-DUSING_UV_SHARED=1' '-DUSING_V8_SHARED=1' '-DV8_DEPRECATION_WARNINGS=1' '-DV8_DEPRECATION_WARNINGS' '-DV8_IMMINENT_DEPRECATION_WARNINGS' '-D_GLIBCXX_USE_CXX11_ABI=1' '-D_LARGEFILE_SOURCE' '-D_FILE_OFFSET_BITS=64' '-D__STDC_FORMAT_MACROS' '-DOPENSSL_NO_PINSHARED' '-DOPENSSL_THREADS' '-DLIBSASS_VERSION="3.5.5"' -I/opt/buildhome/.cache/node-gyp/16.14.0/include/node -I/opt/buildhome/.cache/node-gyp/16.14.0/src -I/opt/buildhome/.cache/node-gyp/16.14.0/deps/openssl/config -I/opt/buildhome/.cache/node-gyp/16.14.0/deps/openssl/openssl/include -I/opt/buildhome/.cache/node-gyp/16.14.0/deps/uv/include -I/opt/buildhome/.cache/node-gyp/16.14.0/deps/zlib -I/opt/buildhome/.cache/node-gyp/16.14.0/deps/v8/include -I../src/libsass/include  -fPIC -pthread -Wall -Wextra -Wno-unused-parameter -m64 -O3 -fno-omit-frame-pointer  -MMD -MF ./Release/.deps/Release/obj.target/libsass/src/libsass/src/cencode.o.d.raw   -c</p><p>11:04:26 AM: npm ERR!   g++ -o Release/obj.target/libsass/src/libsass/src/check_nesting.o ../src/libsass/src/check_nesting.cpp '-DNODE_GYP_MODULE_NAME=libsass' '-DUSING_UV_SHARED=1' '-DUSING_V8_SHARED=1' '-DV8_DEPRECATION_WARNINGS=1' '-DV8_DEPRECATION_WARNINGS' '-DV8_IMMINENT_DEPRECATION_WARNINGS' '-D_GLIBCXX_USE_CXX11_ABI=1' '-D_LARGEFILE_SOURCE' '-D_FILE_OFFSET_BITS=64' '-D__STDC_FORMAT_MACROS' '-DOPENSSL_NO_PINSHARED' '-DOPENSSL_THREADS' '-DLIBSASS_VERSION="3.5.5"' -I/opt/buildhome/.cache/node-gyp/16.14.0/include/node -I/opt/buildhome/.cache/node-gyp/16.14.0/src -I/opt/buildhome/.cache/node-gyp/16.14.0/deps/openssl/config -I/opt/buildhome/.cache/node-gyp/16.14.0/deps/openssl/openssl/include -I/opt/buildhome/.cache/node-gyp/16.14.0/deps/uv/include -I/opt/buildhome/.cache/node-gyp/16.14.0/deps/zlib -I/opt/buildhome/.cache/node-gyp/16.14.0/deps/v8/include -I../src/libsass/include  -fPIC -pthread -Wall -Wextra -Wno-unused-parameter -m64 -O3 -fno-omit-frame-pointer -std=gnu++14 -std=c++0x -fexceptions -frtti -MMD -MF ./Release/.deps/Release/obj.target/libsass/src/libsass/src/check_nesting.o.d.raw   -c</p><p>11:04:26 AM: npm ERR!   g++ -o Release/obj.target/libsass/src/libsass/src/color_maps.o ../src/libsass/src/color_maps.cpp '-DNODE_GYP_MODULE_NAME=libsass' '-DUSING_UV_SHARED=1' '-DUSING_V8_SHARED=1' '-DV8_DEPRECATION_WARNINGS=1' '-DV8_DEPRECATION_WARNINGS' '-DV8_IMMINENT_DEPRECATION_WARNINGS' '-D_GLIBCXX_USE_CXX11_ABI=1' '-D_LARGEFILE_SOURCE' '-D_FILE_OFFSET_BITS=64' '-D__STDC_FORMAT_MACROS' '-DOPENSSL_NO_PINSHARED' '-DOPENSSL_THREADS' '-DLIBSASS_VERSION="3.5.5"' -I/opt/buildhome/.cache/node-gyp/16.14.0/include/node -I/opt/buildhome/.cache/node-gyp/16.14.0/src -I/opt/buildhome/.cache/node-gyp/16.14.0/deps/openssl/config -I/opt/buildhome/.cache/node-gyp/16.14.0/deps/openssl/openssl/include -I/opt/buildhome/.cache/node-gyp/16.14.0/deps/uv/include -I/opt/buildhome/.cache/node-gyp/16.14.0/deps/zlib -I/opt/buildhome/.cache/node-gyp/16.14.0/deps/v8/include -I../src/libsass/include  -fPIC -pthread -Wall -Wextra -Wno-unused-parameter -m64 -O3 -fno-omit-frame-pointer -std=gnu++14 -std=c++0x -fexceptions -frtti -MMD -MF ./Release/.deps/Release/obj.target/libsass/src/libsass/src/color_maps.o.d.raw   -c</p><p>11:04:26 AM: npm ERR!   g++ -o Release/obj.target/libsass/src/libsass/src/constants.o ../src/libsass/src/constants.cpp '-DNODE_GYP_MODULE_NAME=libsass' '-DUSING_UV_SHARED=1' '-DUSING_V8_SHARED=1' '-DV8_DEPRECATION_WARNINGS=1' '-DV8_DEPRECATION_WARNINGS' '-DV8_IMMINENT_DEPRECATION_WARNINGS' '-D_GLIBCXX_USE_CXX11_ABI=1' '-D_LARGEFILE_SOURCE' '-D_FILE_OFFSET_BITS=64' '-D__STDC_FORMAT_MACROS' '-DOPENSSL_NO_PINSHARED' '-DOPENSSL_THREADS' '-DLIBSASS_VERSION="3.5.5"' -I/opt/buildhome/.cache/node-gyp/16.14.0/include/node -I/opt/buildhome/.cache/node-gyp/16.14.0/src -I/opt/buildhome/.cache/node-gyp/16.14.0/deps/openssl/config -I/opt/buildhome/.cache/node-gyp/16.14.0/deps/openssl/openssl/include -I/opt/buildhome/.cache/node-gyp/16.14.0/deps/uv/include -I/opt/buildhome/.cache/node-gyp/16.14.0/deps/zlib -I/opt/buildhome/.cache/node-gyp/16.14.0/deps/v8/include -I../src/libsass/include  -fPIC -pthread -Wall -Wextra -Wno-unused-parameter -m64 -O3 -fno-omit-frame-pointer -std=gnu++14 -std=c++0x -fexceptions -frtti -MMD -MF ./Release/.deps/Release/obj.target/libsass/src/libsass/src/constants.o.d.raw   -c</p><p>11:04:26 AM: npm ERR!   g++ -o Release/obj.target/libsass/src/libsass/src/context.o ../src/libsass/src/context.cpp '-DNODE_GYP_MODULE_NAME=libsass' '-DUSING_UV_SHARED=1' '-DUSING_V8_SHARED=1' '-DV8_DEPRECATION_WARNINGS=1' '-DV8_DEPRECATION_WARNINGS' '-DV8_IMMINENT_DEPRECATION_WARNINGS' '-D_GLIBCXX_USE_CXX11_ABI=1' '-D_LARGEFILE_SOURCE' '-D_FILE_OFFSET_BITS=64' '-D__STDC_FORMAT_MACROS' '-DOPENSSL_NO_PINSHARED' '-DOPENSSL_THREADS' '-DLIBSASS_VERSION="3.5.5"' -I/opt/buildhome/.cache/node-gyp/16.14.0/include/node -I/opt/buildhome/.cache/node-gyp/16.14.0/src -I/opt/buildhome/.cache/node-gyp/16.14.0/deps/openssl/config -I/opt/buildhome/.cache/node-gyp/16.14.0/deps/openssl/openssl/include -I/opt/buildhome/.cache/node-gyp/16.14.0/deps/uv/include -I/opt/buildhome/.cache/node-gyp/16.14.0/deps/zlib -I/opt/buildhome/.cache/node-gyp/16.14.0/deps/v8/include -I../src/libsass/include  -fPIC -pthread -Wall -Wextra -Wno-unused-parameter -m64 -O3 -fno-omit-frame-pointer -std=gnu++14 -std=c++0x -fexceptions -frtti -MMD -MF ./Release/.deps/Release/obj.target/libsass/src/libsass/src/context.o.d.raw   -c</p><p>11:04:26 AM: npm ERR!   g++ -o Release/obj.target/libsass/src/libsass/src/cssize.o ../src/libsass/src/cssize.cpp '-DNODE_GYP_MODULE_NAME=libsass' '-DUSING_UV_SHARED=1' '-DUSING_V8_SHARED=1' '-DV8_DEPRECATION_WARNINGS=1' '-DV8_DEPRECATION_WARNINGS' '-DV8_IMMINENT_DEPRECATION_WARNINGS' '-D_GLIBCXX_USE_CXX11_ABI=1' '-D_LARGEFILE_SOURCE' '-D_FILE_OFFSET_BITS=64' '-D__STDC_FORMAT_MACROS' '-DOPENSSL_NO_PINSHARED' '-DOPENSSL_THREADS' '-DLIBSASS_VERSION="3.5.5"' -I/opt/buildhome/.cache/node-gyp/16.14.0/include/node -I/opt/buildhome/.cache/node-gyp/16.14.0/src -I/opt/buildhome/.cache/node-gyp/16.14.0/deps/openssl/config -I/opt/buildhome/.cache/node-gyp/16.14.0/deps/openssl/openssl/include -I/opt/buildhome/.cache/node-gyp/16.14.0/deps/uv/include -I/opt/buildhome/.cache/node-gyp/16.14.0/deps/zlib -I/opt/buildhome/.cache/node-gyp/16.14.0/deps/v8/include -I../src/libsass/include  -fPIC -pthread -Wall -Wextra -Wno-unused-parameter -m64 -O3 -fno-omit-frame-pointer -std=gnu++14 -std=c++0x -fexceptions -frtti -MMD -MF ./Release/.deps/Release/obj.target/libsass/src/libsass/src/cssize.o.d.raw   -c</p><p>11:04:26 AM: npm ERR!   g++ -o Release/obj.target/libsass/src/libsass/src/emitter.o ../src/libsass/src/emitter.cpp '-DNODE_GYP_MODULE_NAME=libsass' '-DUSING_UV_SHARED=1' '-DUSING_V8_SHARED=1' '-DV8_DEPRECATION_WARNINGS=1' '-DV8_DEPRECATION_WARNINGS' '-DV8_IMMINENT_DEPRECATION_WARNINGS' '-D_GLIBCXX_USE_CXX11_ABI=1' '-D_LARGEFILE_SOURCE' '-D_FILE_OFFSET_BITS=64' '-D__STDC_FORMAT_MACROS' '-DOPENSSL_NO_PINSHARED' '-DOPENSSL_THREADS' '-DLIBSASS_VERSION="3.5.5"' -I/opt/buildhome/.cache/node-gyp/16.14.0/include/node -I/opt/buildhome/.cache/node-gyp/16.14.0/src -I/opt/buildhome/.cache/node-gyp/16.14.0/deps/openssl/config -I/opt/buildhome/.cache/node-gyp/16.14.0/deps/openssl/openssl/include -I/opt/buildhome/.cache/node-gyp/16.14.0/deps/uv/include -I/opt/buildhome/.cache/node-gyp/16.14.0/deps/zlib -I/opt/buildhome/.cache/node-gyp/16.14.0/deps/v8/include -I../src/libsass/include  -fPIC -pthread -Wall -Wextra -Wno-unused-parameter -m64 -O3 -fno-omit-frame-pointer -std=gnu++14 -std=c++0x -fexceptions -frtti -MMD -MF ./Release/.deps/Release/obj.target/libsass/src/libsass/src/emitter.o.d.raw   -c</p><p>11:04:26 AM: npm ERR!   g++ -o Release/obj.target/libsass/src/libsass/src/environment.o ../src/libsass/src/environment.cpp '-DNODE_GYP_MODULE_NAME=libsass' '-DUSING_UV_SHARED=1' '-DUSING_V8_SHARED=1' '-DV8_DEPRECATION_WARNINGS=1' '-DV8_DEPRECATION_WARNINGS' '-DV8_IMMINENT_DEPRECATION_WARNINGS' '-D_GLIBCXX_USE_CXX11_ABI=1' '-D_LARGEFILE_SOURCE' '-D_FILE_OFFSET_BITS=64' '-D__STDC_FORMAT_MACROS' '-DOPENSSL_NO_PINSHARED' '-DOPENSSL_THREADS' '-DLIBSASS_VERSION="3.5.5"' -I/opt/buildhome/.cache/node-gyp/16.14.0/include/node -I/opt/buildhome/.cache/node-gyp/16.14.0/src -I/opt/buildhome/.cache/node-gyp/16.14.0/deps/openssl/config -I/opt/buildhome/.cache/node-gyp/16.14.0/deps/openssl/openssl/include -I/opt/buildhome/.cache/node-gyp/16.14.0/deps/uv/include -I/opt/buildhome/.cache/node-gyp/16.14.0/deps/zlib -I/opt/buildhome/.cache/node-gyp/16.14.0/deps/v8/include -I../src/libsass/include  -fPIC -pthread -Wall -Wextra -Wno-unused-parameter -m64 -O3 -fno-omit-frame-pointer -std=gnu++14 -std=c++0x -fexceptions -frtti -MMD -MF ./Release/.deps/Release/obj.target/libsass/src/libsass/src/environment.o.d.raw   -c</p><p>11:04:26 AM: npm ERR!   g++ -o Release/obj.target/libsass/src/libsass/src/error_handling.o ../src/libsass/src/error_handling.cpp '-DNODE_GYP_MODULE_NAME=libsass' '-DUSING_UV_SHARED=1' '-DUSING_V8_SHARED=1' '-DV8_DEPRECATION_WARNINGS=1' '-DV8_DEPRECATION_WARNINGS' '-DV8_IMMINENT_DEPRECATION_WARNINGS' '-D_GLIBCXX_USE_CXX11_ABI=1' '-D_LARGEFILE_SOURCE' '-D_FILE_OFFSET_BITS=64' '-D__STDC_FORMAT_MACROS' '-DOPENSSL_NO_PINSHARED' '-DOPENSSL_THREADS' '-DLIBSASS_VERSION="3.5.5"' -I/opt/buildhome/.cache/node-gyp/16.14.0/include/node -I/opt/buildhome/.cache/node-gyp/16.14.0/src -I/opt/buildhome/.cache/node-gyp/16.14.0/deps/openssl/config -I/opt/buildhome/.cache/node-gyp/16.14.0/deps/openssl/openssl/include -I/opt/buildhome/.cache/node-gyp/16.14.0/deps/uv/include -I/opt/buildhome/.cache/node-gyp/16.14.0/deps/zlib -I/opt/buildhome/.cache/node-gyp/16.14.0/deps/v8/include -I../src/libsass/include  -fPIC -pthread -Wall -Wextra -Wno-unused-parameter -m64 -O3 -fno-omit-frame-pointer -std=gnu++14 -std=c++0x -fexceptions -frtti -MMD -MF ./Release/.deps/Release/obj.target/libsass/src/libsass/src/error_handling.o.d.raw   -c</p><p>11:04:26 AM: npm ERR!   g++ -o Release/obj.target/libsass/src/libsass/src/eval.o ../src/libsass/src/eval.cpp '-DNODE_GYP_MODULE_NAME=libsass' '-DUSING_UV_SHARED=1' '-DUSING_V8_SHARED=1' '-DV8_DEPRECATION_WARNINGS=1' '-DV8_DEPRECATION_WARNINGS' '-DV8_IMMINENT_DEPRECATION_WARNINGS' '-D_GLIBCXX_USE_CXX11_ABI=1' '-D_LARGEFILE_SOURCE' '-D_FILE_OFFSET_BITS=64' '-D__STDC_FORMAT_MACROS' '-DOPENSSL_NO_PINSHARED' '-DOPENSSL_THREADS' '-DLIBSASS_VERSION="3.5.5"' -I/opt/buildhome/.cache/node-gyp/16.14.0/include/node -I/opt/buildhome/.cache/node-gyp/16.14.0/src -I/opt/buildhome/.cache/node-gyp/16.14.0/deps/openssl/config -I/opt/buildhome/.cache/node-gyp/16.14.0/deps/openssl/openssl/include -I/opt/buildhome/.cache/node-gyp/16.14.0/deps/uv/include -I/opt/buildhome/.cache/node-gyp/16.14.0/deps/zlib -I/opt/buildhome/.cache/node-gyp/16.14.0/deps/v8/include -I../src/libsass/include  -fPIC -pthread -Wall -Wextra -Wno-unused-parameter -m64 -O3 -fno-omit-frame-pointer -std=gnu++14 -std=c++0x -fexceptions -frtti -MMD -MF ./Release/.deps/Release/obj.target/libsass/src/libsass/src/eval.o.d.raw   -c</p><p>11:04:26 AM: npm ERR!   g++ -o Release/obj.target/libsass/src/libsass/src/expand.o ../src/libsass/src/expand.cpp '-DNODE_GYP_MODULE_NAME=libsass' '-DUSING_UV_SHARED=1' '-DUSING_V8_SHARED=1' '-DV8_DEPRECATION_WARNINGS=1' '-DV8_DEPRECATION_WARNINGS' '-DV8_IMMINENT_DEPRECATION_WARNINGS' '-D_GLIBCXX_USE_CXX11_ABI=1' '-D_LARGEFILE_SOURCE' '-D_FILE_OFFSET_BITS=64' '-D__STDC_FORMAT_MACROS' '-DOPENSSL_NO_PINSHARED' '-DOPENSSL_THREADS' '-DLIBSASS_VERSION="3.5.5"' -I/opt/buildhome/.cache/node-gyp/16.14.0/include/node -I/opt/buildhome/.cache/node-gyp/16.14.0/src -I/opt/buildhome/.cache/node-gyp/16.14.0/deps/openssl/config -I/opt/buildhome/.cache/node-gyp/16.14.0/deps/openssl/openssl/include -I/opt/buildhome/.cache/node-gyp/16.14.0/deps/uv/include -I/opt/buildhome/.cache/node-gyp/16.14.0/deps/zlib -I/opt/buildhome/.cache/node-gyp/16.14.0/deps/v8/include -I../src/libsass/include  -fPIC -pthread -Wall -Wextra -Wno-unused-parameter -m64 -O3 -fno-omit-frame-pointer -std=gnu++14 -std=c++0x -fexceptions -frtti -MMD -MF ./Release/.deps/Release/obj.target/libsass/src/libsass/src/expand.o.d.raw   -c</p><p>11:04:26 AM: npm ERR!   g++ -o Release/obj.target/libsass/src/libsass/src/extend.o ../src/libsass/src/extend.cpp '-DNODE_GYP_MODULE_NAME=libsass' '-DUSING_UV_SHARED=1' '-DUSING_V8_SHARED=1' '-DV8_DEPRECATION_WARNINGS=1' '-DV8_DEPRECATION_WARNINGS' '-DV8_IMMINENT_DEPRECATION_WARNINGS' '-D_GLIBCXX_USE_CXX11_ABI=1' '-D_LARGEFILE_SOURCE' '-D_FILE_OFFSET_BITS=64' '-D__STDC_FORMAT_MACROS' '-DOPENSSL_NO_PINSHARED' '-DOPENSSL_THREADS' '-DLIBSASS_VERSION="3.5.5"' -I/opt/buildhome/.cache/node-gyp/16.14.0/include/node -I/opt/buildhome/.cache/node-gyp/16.14.0/src -I/opt/buildhome/.cache/node-gyp/16.14.0/deps/openssl/config -I/opt/buildhome/.cache/node-gyp/16.14.0/deps/openssl/openssl/include -I/opt/buildhome/.cache/node-gyp/16.14.0/deps/uv/include -I/opt/buildhome/.cache/node-gyp/16.14.0/deps/zlib -I/opt/buildhome/.cache/node-gyp/16.14.0/deps/v8/include -I../src/libsass/include  -fPIC -pthread -Wall -Wextra -Wno-unused-parameter -m64 -O3 -fno-omit-frame-pointer -std=gnu++14 -std=c++0x -fexceptions -frtti -MMD -MF ./Release/.deps/Release/obj.target/libsass/src/libsass/src/extend.o.d.raw   -c</p><p>11:04:26 AM: npm ERR!   g++ -o Release/obj.target/libsass/src/libsass/src/file.o ../src/libsass/src/file.cpp '-DNODE_GYP_MODULE_NAME=libsass' '-DUSING_UV_SHARED=1' '-DUSING_V8_SHARED=1' '-DV8_DEPRECATION_WARNINGS=1' '-DV8_DEPRECATION_WARNINGS' '-DV8_IMMINENT_DEPRECATION_WARNINGS' '-D_GLIBCXX_USE_CXX11_ABI=1' '-D_LARGEFILE_SOURCE' '-D_FILE_OFFSET_BITS=64' '-D__STDC_FORMAT_MACROS' '-DOPENSSL_NO_PINSHARED' '-DOPENSSL_THREADS' '-DLIBSASS_VERSION="3.5.5"' -I/opt/buildhome/.cache/node-gyp/16.14.0/include/node -I/opt/buildhome/.cache/node-gyp/16.14.0/src -I/opt/buildhome/.cache/node-gyp/16.14.0/deps/openssl/config -I/opt/buildhome/.cache/node-gyp/16.14.0/deps/openssl/openssl/include -I/opt/buildhome/.cache/node-gyp/16.14.0/deps/uv/include -I/opt/buildhome/.cache/node-gyp/16.14.0/deps/zlib -I/opt/buildhome/.cache/node-gyp/16.14.0/deps/v8/include -I../src/libsass/include  -fPIC -pthread -Wall -Wextra -Wno-unused-parameter -m64 -O3 -fno-omit-frame-pointer -std=gnu++14 -std=c++0x -fexceptions -frtti -MMD -MF ./Release/.deps/Release/obj.target/libsass/src/libsass/src/file.o.d.raw   -c</p><p>11:04:26 AM: npm ERR!   g++ -o Release/obj.target/libsass/src/libsass/src/functions.o ../src/libsass/src/functions.cpp '-DNODE_GYP_MODULE_NAME=libsass' '-DUSING_UV_SHARED=1' '-DUSING_V8_SHARED=1' '-DV8_DEPRECATION_WARNINGS=1' '-DV8_DEPRECATION_WARNINGS' '-DV8_IMMINENT_DEPRECATION_WARNINGS' '-D_GLIBCXX_USE_CXX11_ABI=1' '-D_LARGEFILE_SOURCE' '-D_FILE_OFFSET_BITS=64' '-D__STDC_FORMAT_MACROS' '-DOPENSSL_NO_PINSHARED' '-DOPENSSL_THREADS' '-DLIBSASS_VERSION="3.5.5"' -I/opt/buildhome/.cache/node-gyp/16.14.0/include/node -I/opt/buildhome/.cache/node-gyp/16.14.0/src -I/opt/buildhome/.cache/node-gyp/16.14.0/deps/openssl/config -I/opt/buildhome/.cache/node-gyp/16.14.0/deps/openssl/openssl/include -I/opt/buildhome/.cache/node-gyp/16.14.0/deps/uv/include -I/opt/buildhome/.cache/node-gyp/16.14.0/deps/zlib -I/opt/buildhome/.cache/node-gyp/16.14.0/deps/v8/include -I../src/libsass/include  -fPIC -pthread -Wall -Wextra -Wno-unused-parameter -m64 -O3 -fno-omit-frame-pointer -std=gnu++14 -std=c++0x -fexceptions -frtti -MMD -MF ./Release/.deps/Release/obj.target/libsass/src/libsass/src/functions.o.d.raw   -c</p><p>11:04:26 AM: npm ERR!   g++ -o Release/obj.target/libsass/src/libsass/src/inspect.o ../src/libsass/src/inspect.cpp '-DNODE_GYP_MODULE_NAME=libsass' '-DUSING_UV_SHARED=1' '-DUSING_V8_SHARED=1' '-DV8_DEPRECATION_WARNINGS=1' '-DV8_DEPRECATION_WARNINGS' '-DV8_IMMINENT_DEPRECATION_WARNINGS' '-D_GLIBCXX_USE_CXX11_ABI=1' '-D_LARGEFILE_SOURCE' '-D_FILE_OFFSET_BITS=64' '-D__STDC_FORMAT_MACROS' '-DOPENSSL_NO_PINSHARED' '-DOPENSSL_THREADS' '-DLIBSASS_VERSION="3.5.5"' -I/opt/buildhome/.cache/node-gyp/16.14.0/include/node -I/opt/buildhome/.cache/node-gyp/16.14.0/src -I/opt/buildhome/.cache/node-gyp/16.14.0/deps/openssl/config -I/opt/buildhome/.cache/node-gyp/16.14.0/deps/openssl/openssl/include -I/opt/buildhome/.cache/node-gyp/16.14.0/deps/uv/include -I/opt/buildhome/.cache/node-gyp/16.14.0/deps/zlib -I/opt/buildhome/.cache/node-gyp/16.14.0/deps/v8/include -I../src/libsass/include  -fPIC -pthread -Wall -Wextra -Wno-unused-parameter -m64 -O3 -fno-omit-frame-pointer -std=gnu++14 -std=c++0x -fexceptions -frtti -MMD -MF ./Release/.deps/Release/obj.target/libsass/src/libsass/src/inspect.o.d.raw   -c</p><p>11:04:26 AM: npm ERR!   g++ -o Release/obj.target/libsass/src/libsass/src/json.o ../src/libsass/src/json.cpp '-DNODE_GYP_MODULE_NAME=libsass' '-DUSING_UV_SHARED=1' '-DUSING_V8_SHARED=1' '-DV8_DEPRECATION_WARNINGS=1' '-DV8_DEPRECATION_WARNINGS' '-DV8_IMMINENT_DEPRECATION_WARNINGS' '-D_GLIBCXX_USE_CXX11_ABI=1' '-D_LARGEFILE_SOURCE' '-D_FILE_OFFSET_BITS=64' '-D__STDC_FORMAT_MACROS' '-DOPENSSL_NO_PINSHARED' '-DOPENSSL_THREADS' '-DLIBSASS_VERSION="3.5.5"' -I/opt/buildhome/.cache/node-gyp/16.14.0/include/node -I/opt/buildhome/.cache/node-gyp/16.14.0/src -I/opt/buildhome/.cache/node-gyp/16.14.0/deps/openssl/config -I/opt/buildhome/.cache/node-gyp/16.14.0/deps/openssl/openssl/include -I/opt/buildhome/.cache/node-gyp/16.14.0/deps/uv/include -I/opt/buildhome/.cache/node-gyp/16.14.0/deps/zlib -I/opt/buildhome/.cache/node-gyp/16.14.0/deps/v8/include -I../src/libsass/include  -fPIC -pthread -Wall -Wextra -Wno-unused-parameter -m64 -O3 -fno-omit-frame-pointer -std=gnu++14 -std=c++0x -fexceptions -frtti -MMD -MF ./Release/.deps/Release/obj.target/libsass/src/libsass/src/json.o.d.raw   -c</p><p>11:04:26 AM: npm ERR!   g++ -o Release/obj.target/libsass/src/libsass/src/lexer.o ../src/libsass/src/lexer.cpp '-DNODE_GYP_MODULE_NAME=libsass' '-DUSING_UV_SHARED=1' '-DUSING_V8_SHARED=1' '-DV8_DEPRECATION_WARNINGS=1' '-DV8_DEPRECATION_WARNINGS' '-DV8_IMMINENT_DEPRECATION_WARNINGS' '-D_GLIBCXX_USE_CXX11_ABI=1' '-D_LARGEFILE_SOURCE' '-D_FILE_OFFSET_BITS=64' '-D__STDC_FORMAT_MACROS' '-DOPENSSL_NO_PINSHARED' '-DOPENSSL_THREADS' '-DLIBSASS_VERSION="3.5.5"' -I/opt/buildhome/.cache/node-gyp/16.14.0/include/node -I/opt/buildhome/.cache/node-gyp/16.14.0/src -I/opt/buildhome/.cache/node-gyp/16.14.0/deps/openssl/config -I/opt/buildhome/.cache/node-gyp/16.14.0/deps/openssl/openssl/include -I/opt/buildhome/.cache/node-gyp/16.14.0/deps/uv/include -I/opt/buildhome/.cache/node-gyp/16.14.0/deps/zlib -I/opt/buildhome/.cache/node-gyp/16.14.0/deps/v8/include -I../src/libsass/include  -fPIC -pthread -Wall -Wextra -Wno-unused-parameter -m64 -O3 -fno-omit-frame-pointer -std=gnu++14 -std=c++0x -fexceptions -frtti -MMD -MF ./Release/.deps/Release/obj.target/libsass/src/libsass/src/lexer.o.d.raw   -c</p><p>11:04:26 AM: npm ERR!   g++ -o Release/obj.target/libsass/src/libsass/src/listize.o ../src/libsass/src/listize.cpp '-DNODE_GYP_MODULE_NAME=libsass' '-DUSING_UV_SHARED=1' '-DUSING_V8_SHARED=1' '-DV8_DEPRECATION_WARNINGS=1' '-DV8_DEPRECATION_WARNINGS' '-DV8_IMMINENT_DEPRECATION_WARNINGS' '-D_GLIBCXX_USE_CXX11_ABI=1' '-D_LARGEFILE_SOURCE' '-D_FILE_OFFSET_BITS=64' '-D__STDC_FORMAT_MACROS' '-DOPENSSL_NO_PINSHARED' '-DOPENSSL_THREADS' '-DLIBSASS_VERSION="3.5.5"' -I/opt/buildhome/.cache/node-gyp/16.14.0/include/node -I/opt/buildhome/.cache/node-gyp/16.14.0/src -I/opt/buildhome/.cache/node-gyp/16.14.0/deps/openssl/config -I/opt/buildhome/.cache/node-gyp/16.14.0/deps/openssl/openssl/include -I/opt/buildhome/.cache/node-gyp/16.14.0/deps/uv/include -I/opt/buildhome/.cache/node-gyp/16.14.0/deps/zlib -I/opt/buildhome/.cache/node-gyp/16.14.0/deps/v8/include -I../src/libsass/include  -fPIC -pthread -Wall -Wextra -Wno-unused-parameter -m64 -O3 -fno-omit-frame-pointer -std=gnu++14 -std=c++0x -fexceptions -frtti -MMD -MF ./Release/.deps/Release/obj.target/libsass/src/libsass/src/listize.o.d.raw   -c</p><p>11:04:26 AM: npm ERR!   g++ -o Release/obj.target/libsass/src/libsass/src/memory/SharedPtr.o ../src/libsass/src/memory/SharedPtr.cpp '-DNODE_GYP_MODULE_NAME=libsass' '-DUSING_UV_SHARED=1' '-DUSING_V8_SHARED=1' '-DV8_DEPRECATION_WARNINGS=1' '-DV8_DEPRECATION_WARNINGS' '-DV8_IMMINENT_DEPRECATION_WARNINGS' '-D_GLIBCXX_USE_CXX11_ABI=1' '-D_LARGEFILE_SOURCE' '-D_FILE_OFFSET_BITS=64' '-D__STDC_FORMAT_MACROS' '-DOPENSSL_NO_PINSHARED' '-DOPENSSL_THREADS' '-DLIBSASS_VERSION="3.5.5"' -I/opt/buildhome/.cache/node-gyp/16.14.0/include/node -I/opt/buildhome/.cache/node-gyp/16.14.0/src -I/opt/buildhome/.cache/node-gyp/16.14.0/deps/openssl/config -I/opt/buildhome/.cache/node-gyp/16.14.0/deps/openssl/openssl/include -I/opt/buildhome/.cache/node-gyp/16.14.0/deps/uv/include -I/opt/buildhome/.cache/node-gyp/16.14.0/deps/zlib -I/opt/buildhome/.cache/node-gyp/16.14.0/deps/v8/include -I../src/libsass/include  -fPIC -pthread -Wall -Wextra -Wno-unused-parameter -m64 -O3 -fno-omit-frame-pointer -std=gnu++14 -std=c++0x -fexceptions -frtti -MMD -MF ./Release/.deps/Release/obj.target/libsass/src/libsass/src/memory/SharedPtr.o.d.raw   -c</p><p>11:04:26 AM: npm ERR!   g++ -o Release/obj.target/libsass/src/libsass/src/node.o ../src/libsass/src/node.cpp '-DNODE_GYP_MODULE_NAME=libsass' '-DUSING_UV_SHARED=1' '-DUSING_V8_SHARED=1' '-DV8_DEPRECATION_WARNINGS=1' '-DV8_DEPRECATION_WARNINGS' '-DV8_IMMINENT_DEPRECATION_WARNINGS' '-D_GLIBCXX_USE_CXX11_ABI=1' '-D_LARGEFILE_SOURCE' '-D_FILE_OFFSET_BITS=64' '-D__STDC_FORMAT_MACROS' '-DOPENSSL_NO_PINSHARED' '-DOPENSSL_THREADS' '-DLIBSASS_VERSION="3.5.5"' -I/opt/buildhome/.cache/node-gyp/16.14.0/include/node -I/opt/buildhome/.cache/node-gyp/16.14.0/src -I/opt/buildhome/.cache/node-gyp/16.14.0/deps/openssl/config -I/opt/buildhome/.cache/node-gyp/16.14.0/deps/openssl/openssl/include -I/opt/buildhome/.cache/node-gyp/16.14.0/deps/uv/include -I/opt/buildhome/.cache/node-gyp/16.14.0/deps/zlib -I/opt/buildhome/.cache/node-gyp/16.14.0/deps/v8/include -I../src/libsass/include  -fPIC -pthread -Wall -Wextra -Wno-unused-parameter -m64 -O3 -fno-omit-frame-pointer -std=gnu++14 -std=c++0x -fexceptions -frtti -MMD -MF ./Release/.deps/Release/obj.target/libsass/src/libsass/src/node.o.d.raw   -c</p><p>11:04:26 AM: npm ERR!   g++ -o Release/obj.target/libsass/src/libsass/src/operators.o ../src/libsass/src/operators.cpp '-DNODE_GYP_MODULE_NAME=libsass' '-DUSING_UV_SHARED=1' '-DUSING_V8_SHARED=1' '-DV8_DEPRECATION_WARNINGS=1' '-DV8_DEPRECATION_WARNINGS' '-DV8_IMMINENT_DEPRECATION_WARNINGS' '-D_GLIBCXX_USE_CXX11_ABI=1' '-D_LARGEFILE_SOURCE' '-D_FILE_OFFSET_BITS=64' '-D__STDC_FORMAT_MACROS' '-DOPENSSL_NO_PINSHARED' '-DOPENSSL_THREADS' '-DLIBSASS_VERSION="3.5.5"' -I/opt/buildhome/.cache/node-gyp/16.14.0/include/node -I/opt/buildhome/.cache/node-gyp/16.14.0/src -I/opt/buildhome/.cache/node-gyp/16.14.0/deps/openssl/config -I/opt/buildhome/.cache/node-gyp/16.14.0/deps/openssl/openssl/include -I/opt/buildhome/.cache/node-gyp/16.14.0/deps/uv/include -I/opt/buildhome/.cache/node-gyp/16.14.0/deps/zlib -I/opt/buildhome/.cache/node-gyp/16.14.0/deps/v8/include -I../src/libsass/include  -fPIC -pthread -Wall -Wextra -Wno-unused-parameter -m64 -O3 -fno-omit-frame-pointer -std=gnu++14 -std=c++0x -fexceptions -frtti -MMD -MF ./Release/.deps/Release/obj.target/libsass/src/libsass/src/operators.o.d.raw   -c</p><p>11:04:26 AM: npm ERR!   g++ -o Release/obj.target/libsass/src/libsass/src/output.o ../src/libsass/src/output.cpp '-DNODE_GYP_MODULE_NAME=libsass' '-DUSING_UV_SHARED=1' '-DUSING_V8_SHARED=1' '-DV8_DEPRECATION_WARNINGS=1' '-DV8_DEPRECATION_WARNINGS' '-DV8_IMMINENT_DEPRECATION_WARNINGS' '-D_GLIBCXX_USE_CXX11_ABI=1' '-D_LARGEFILE_SOURCE' '-D_FILE_OFFSET_BITS=64' '-D__STDC_FORMAT_MACROS' '-DOPENSSL_NO_PINSHARED' '-DOPENSSL_THREADS' '-DLIBSASS_VERSION="3.5.5"' -I/opt/buildhome/.cache/node-gyp/16.14.0/include/node -I/opt/buildhome/.cache/node-gyp/16.14.0/src -I/opt/buildhome/.cache/node-gyp/16.14.0/deps/openssl/config -I/opt/buildhome/.cache/node-gyp/16.14.0/deps/openssl/openssl/include -I/opt/buildhome/.cache/node-gyp/16.14.0/deps/uv/include -I/opt/buildhome/.cache/node-gyp/16.14.0/deps/zlib -I/opt/buildhome/.cache/node-gyp/16.14.0/deps/v8/include -I../src/libsass/include  -fPIC -pthread -Wall -Wextra -Wno-unused-parameter -m64 -O3 -fno-omit-frame-pointer -std=gnu++14 -std=c++0x -fexceptions -frtti -MMD -MF ./Release/.deps/Release/obj.target/libsass/src/libsass/src/output.o.d.raw   -c</p><p>11:04:26 AM: npm ERR!   g++ -o Release/obj.target/libsass/src/libsass/src/parser.o ../src/libsass/src/parser.cpp '-DNODE_GYP_MODULE_NAME=libsass' '-DUSING_UV_SHARED=1' '-DUSING_V8_SHARED=1' '-DV8_DEPRECATION_WARNINGS=1' '-DV8_DEPRECATION_WARNINGS' '-DV8_IMMINENT_DEPRECATION_WARNINGS' '-D_GLIBCXX_USE_CXX11_ABI=1' '-D_LARGEFILE_SOURCE' '-D_FILE_OFFSET_BITS=64' '-D__STDC_FORMAT_MACROS' '-DOPENSSL_NO_PINSHARED' '-DOPENSSL_THREADS' '-DLIBSASS_VERSION="3.5.5"' -I/opt/buildhome/.cache/node-gyp/16.14.0/include/node -I/opt/buildhome/.cache/node-gyp/16.14.0/src -I/opt/buildhome/.cache/node-gyp/16.14.0/deps/openssl/config -I/opt/buildhome/.cache/node-gyp/16.14.0/deps/openssl/openssl/include -I/opt/buildhome/.cache/node-gyp/16.14.0/deps/uv/include -I/opt/buildhome/.cache/node-gyp/16.14.0/deps/zlib -I/opt/buildhome/.cache/node-gyp/16.14.0/deps/v8/include -I../src/libsass/include  -fPIC -pthread -Wall -Wextra -Wno-unused-parameter -m64 -O3 -fno-omit-frame-pointer -std=gnu++14 -std=c++0x -fexceptions -frtti -MMD -MF ./Release/.deps/Release/obj.target/libsass/src/libsass/src/parser.o.d.raw   -c</p><p>11:04:26 AM: npm ERR!   g++ -o Release/obj.target/libsass/src/libsass/src/plugins.o ../src/libsass/src/plugins.cpp '-DNODE_GYP_MODULE_NAME=libsass' '-DUSING_UV_SHARED=1' '-DUSING_V8_SHARED=1' '-DV8_DEPRECATION_WARNINGS=1' '-DV8_DEPRECATION_WARNINGS' '-DV8_IMMINENT_DEPRECATION_WARNINGS' '-D_GLIBCXX_USE_CXX11_ABI=1' '-D_LARGEFILE_SOURCE' '-D_FILE_OFFSET_BITS=64' '-D__STDC_FORMAT_MACROS' '-DOPENSSL_NO_PINSHARED' '-DOPENSSL_THREADS' '-DLIBSASS_VERSION="3.5.5"' -I/opt/buildhome/.cache/node-gyp/16.14.0/include/node -I/opt/buildhome/.cache/node-gyp/16.14.0/src -I/opt/buildhome/.cache/node-gyp/16.14.0/deps/openssl/config -I/opt/buildhome/.cache/node-gyp/16.14.0/deps/openssl/openssl/include -I/opt/buildhome/.cache/node-gyp/16.14.0/deps/uv/include -I/opt/buildhome/.cache/node-gyp/16.14.0/deps/zlib -I/opt/buildhome/.cache/node-gyp/16.14.0/deps/v8/include -I../src/libsass/include  -fPIC -pthread -Wall -Wextra -Wno-unused-parameter -m64 -O3 -fno-omit-frame-pointer -std=gnu++14 -std=c++0x -fexceptions -frtti -MMD -MF ./Release/.deps/Release/obj.target/libsass/src/libsass/src/plugins.o.d.raw   -c</p><p>11:04:26 AM: npm ERR!   g++ -o Release/obj.target/libsass/src/libsass/src/position.o ../src/libsass/src/position.cpp '-DNODE_GYP_MODULE_NAME=libsass' '-DUSING_UV_SHARED=1' '-DUSING_V8_SHARED=1' '-DV8_DEPRECATION_WARNINGS=1' '-DV8_DEPRECATION_WARNINGS' '-DV8_IMMINENT_DEPRECATION_WARNINGS' '-D_GLIBCXX_USE_CXX11_ABI=1' '-D_LARGEFILE_SOURCE' '-D_FILE_OFFSET_BITS=64' '-D__STDC_FORMAT_MACROS' '-DOPENSSL_NO_PINSHARED' '-DOPENSSL_THREADS' '-DLIBSASS_VERSION="3.5.5"' -I/opt/buildhome/.cache/node-gyp/16.14.0/include/node -I/opt/buildhome/.cache/node-gyp/16.14.0/src -I/opt/buildhome/.cache/node-gyp/16.14.0/deps/openssl/config -I/opt/buildhome/.cache/node-gyp/16.14.0/deps/openssl/openssl/include -I/opt/buildhome/.cache/node-gyp/16.14.0/deps/uv/include -I/opt/buildhome/.cache/node-gyp/16.14.0/deps/zlib -I/opt/buildhome/.cache/node-gyp/16.14.0/deps/v8/include -I../src/libsass/include  -fPIC -pthread -Wall -Wextra -Wno-unused-parameter -m64 -O3 -fno-omit-frame-pointer -std=gnu++14 -std=c++0x -fexceptions -frtti -MMD -MF ./Release/.deps/Release/obj.target/libsass/src/libsass/src/position.o.d.raw   -c</p><p>11:04:26 AM: npm ERR!   g++ -o Release/obj.target/libsass/src/libsass/src/prelexer.o ../src/libsass/src/prelexer.cpp '-DNODE_GYP_MODULE_NAME=libsass' '-DUSING_UV_SHARED=1' '-DUSING_V8_SHARED=1' '-DV8_DEPRECATION_WARNINGS=1' '-DV8_DEPRECATION_WARNINGS' '-DV8_IMMINENT_DEPRECATION_WARNINGS' '-D_GLIBCXX_USE_CXX11_ABI=1' '-D_LARGEFILE_SOURCE' '-D_FILE_OFFSET_BITS=64' '-D__STDC_FORMAT_MACROS' '-DOPENSSL_NO_PINSHARED' '-DOPENSSL_THREADS' '-DLIBSASS_VERSION="3.5.5"' -I/opt/buildhome/.cache/node-gyp/16.14.0/include/node -I/opt/buildhome/.cache/node-gyp/16.14.0/src -I/opt/buildhome/.cache/node-gyp/16.14.0/deps/openssl/config -I/opt/buildhome/.cache/node-gyp/16.14.0/deps/openssl/openssl/include -I/opt/buildhome/.cache/node-gyp/16.14.0/deps/uv/include -I/opt/buildhome/.cache/node-gyp/16.14.0/deps/zlib -I/opt/buildhome/.cache/node-gyp/16.14.0/deps/v8/include -I../src/libsass/include  -fPIC -pthread -Wall -Wextra -Wno-unused-parameter -m64 -O3 -fno-omit-frame-pointer -std=gnu++14 -std=c++0x -fexceptions -frtti -MMD -MF ./Release/.deps/Release/obj.target/libsass/src/libsass/src/prelexer.o.d.raw   -c</p><p>11:04:26 AM: npm ERR!   g++ -o Release/obj.target/libsass/src/libsass/src/remove_placeholders.o ../src/libsass/src/remove_placeholders.cpp '-DNODE_GYP_MODULE_NAME=libsass' '-DUSING_UV_SHARED=1' '-DUSING_V8_SHARED=1' '-DV8_DEPRECATION_WARNINGS=1' '-DV8_DEPRECATION_WARNINGS' '-DV8_IMMINENT_DEPRECATION_WARNINGS' '-D_GLIBCXX_USE_CXX11_ABI=1' '-D_LARGEFILE_SOURCE' '-D_FILE_OFFSET_BITS=64' '-D__STDC_FORMAT_MACROS' '-DOPENSSL_NO_PINSHARED' '-DOPENSSL_THREADS' '-DLIBSASS_VERSION="3.5.5"' -I/opt/buildhome/.cache/node-gyp/16.14.0/include/node -I/opt/buildhome/.cache/node-gyp/16.14.0/src -I/opt/buildhome/.cache/node-gyp/16.14.0/deps/openssl/config -I/opt/buildhome/.cache/node-gyp/16.14.0/deps/openssl/openssl/include -I/opt/buildhome/.cache/node-gyp/16.14.0/deps/uv/include -I/opt/buildhome/.cache/node-gyp/16.14.0/deps/zlib -I/opt/buildhome/.cache/node-gyp/16.14.0/deps/v8/include -I../src/libsass/include  -fPIC -pthread -Wall -Wextra -Wno-unused-parameter -m64 -O3 -fno-omit-frame-pointer -std=gnu++14 -std=c++0x -fexceptions -frtti -MMD -MF ./Release/.deps/Release/obj.target/libsass/src/libsass/src/remove_placeholders.o.d.raw   -c</p><p>11:04:26 AM: npm ERR!   g++ -o Release/obj.target/libsass/src/libsass/src/sass.o ../src/libsass/src/sass.cpp '-DNODE_GYP_MODULE_NAME=libsass' '-DUSING_UV_SHARED=1' '-DUSING_V8_SHARED=1' '-DV8_DEPRECATION_WARNINGS=1' '-DV8_DEPRECATION_WARNINGS' '-DV8_IMMINENT_DEPRECATION_WARNINGS' '-D_GLIBCXX_USE_CXX11_ABI=1' '-D_LARGEFILE_SOURCE' '-D_FILE_OFFSET_BITS=64' '-D__STDC_FORMAT_MACROS' '-DOPENSSL_NO_PINSHARED' '-DOPENSSL_THREADS' '-DLIBSASS_VERSION="3.5.5"' -I/opt/buildhome/.cache/node-gyp/16.14.0/include/node -I/opt/buildhome/.cache/node-gyp/16.14.0/src -I/opt/buildhome/.cache/node-gyp/16.14.0/deps/openssl/config -I/opt/buildhome/.cache/node-gyp/16.14.0/deps/openssl/openssl/include -I/opt/buildhome/.cache/node-gyp/16.14.0/deps/uv/include -I/opt/buildhome/.cache/node-gyp/16.14.0/deps/zlib -I/opt/buildhome/.cache/node-gyp/16.14.0/deps/v8/include -I../src/libsass/include  -fPIC -pthread -Wall -Wextra -Wno-unused-parameter -m64 -O3 -fno-omit-frame-pointer -std=gnu++14 -std=c++0x -fexceptions -frtti -MMD -MF ./Release/.deps/Release/obj.target/libsass/src/libsass/src/sass.o.d.raw   -c</p><p>11:04:26 AM: npm ERR!   g++ -o Release/obj.target/libsass/src/libsass/src/sass2scss.o ../src/libsass/src/sass2scss.cpp '-DNODE_GYP_MODULE_NAME=libsass' '-DUSING_UV_SHARED=1' '-DUSING_V8_SHARED=1' '-DV8_DEPRECATION_WARNINGS=1' '-DV8_DEPRECATION_WARNINGS' '-DV8_IMMINENT_DEPRECATION_WARNINGS' '-D_GLIBCXX_USE_CXX11_ABI=1' '-D_LARGEFILE_SOURCE' '-D_FILE_OFFSET_BITS=64' '-D__STDC_FORMAT_MACROS' '-DOPENSSL_NO_PINSHARED' '-DOPENSSL_THREADS' '-DLIBSASS_VERSION="3.5.5"' -I/opt/buildhome/.cache/node-gyp/16.14.0/include/node -I/opt/buildhome/.cache/node-gyp/16.14.0/src -I/opt/buildhome/.cache/node-gyp/16.14.0/deps/openssl/config -I/opt/buildhome/.cache/node-gyp/16.14.0/deps/openssl/openssl/include -I/opt/buildhome/.cache/node-gyp/16.14.0/deps/uv/include -I/opt/buildhome/.cache/node-gyp/16.14.0/deps/zlib -I/opt/buildhome/.cache/node-gyp/16.14.0/deps/v8/include -I../src/libsass/include  -fPIC -pthread -Wall -Wextra -Wno-unused-parameter -m64 -O3 -fno-omit-frame-pointer -std=gnu++14 -std=c++0x -fexceptions -frtti -MMD -MF ./Release/.deps/Release/obj.target/libsass/src/libsass/src/sass2scss.o.d.raw   -c</p><p>11:04:26 AM: npm ERR!   g++ -o Release/obj.target/libsass/src/libsass/src/sass_context.o ../src/libsass/src/sass_context.cpp '-DNODE_GYP_MODULE_NAME=libsass' '-DUSING_UV_SHARED=1' '-DUSING_V8_SHARED=1' '-DV8_DEPRECATION_WARNINGS=1' '-DV8_DEPRECATION_WARNINGS' '-DV8_IMMINENT_DEPRECATION_WARNINGS' '-D_GLIBCXX_USE_CXX11_ABI=1' '-D_LARGEFILE_SOURCE' '-D_FILE_OFFSET_BITS=64' '-D__STDC_FORMAT_MACROS' '-DOPENSSL_NO_PINSHARED' '-DOPENSSL_THREADS' '-DLIBSASS_VERSION="3.5.5"' -I/opt/buildhome/.cache/node-gyp/16.14.0/include/node -I/opt/buildhome/.cache/node-gyp/16.14.0/src -I/opt/buildhome/.cache/node-gyp/16.14.0/deps/openssl/config -I/opt/buildhome/.cache/node-gyp/16.14.0/deps/openssl/openssl/include -I/opt/buildhome/.cache/node-gyp/16.14.0/deps/uv/include -I/opt/buildhome/.cache/node-gyp/16.14.0/deps/zlib -I/opt/buildhome/.cache/node-gyp/16.14.0/deps/v8/include -I../src/libsass/include  -fPIC -pthread -Wall -Wextra -Wno-unused-parameter -m64 -O3 -fno-omit-frame-pointer -std=gnu++14 -std=c++0x -fexceptions -frtti -MMD -MF ./Release/.deps/Release/obj.target/libsass/src/libsass/src/sass_context.o.d.raw   -c</p><p>11:04:26 AM: npm ERR!   g++ -o Release/obj.target/libsass/src/libsass/src/sass_functions.o ../src/libsass/src/sass_functions.cpp '-DNODE_GYP_MODULE_NAME=libsass' '-DUSING_UV_SHARED=1' '-DUSING_V8_SHARED=1' '-DV8_DEPRECATION_WARNINGS=1' '-DV8_DEPRECATION_WARNINGS' '-DV8_IMMINENT_DEPRECATION_WARNINGS' '-D_GLIBCXX_USE_CXX11_ABI=1' '-D_LARGEFILE_SOURCE' '-D_FILE_OFFSET_BITS=64' '-D__STDC_FORMAT_MACROS' '-DOPENSSL_NO_PINSHARED' '-DOPENSSL_THREADS' '-DLIBSASS_VERSION="3.5.5"' -I/opt/buildhome/.cache/node-gyp/16.14.0/include/node -I/opt/buildhome/.cache/node-gyp/16.14.0/src -I/opt/buildhome/.cache/node-gyp/16.14.0/deps/openssl/config -I/opt/buildhome/.cache/node-gyp/16.14.0/deps/openssl/openssl/include -I/opt/buildhome/.cache/node-gyp/16.14.0/deps/uv/include -I/opt/buildhome/.cache/node-gyp/16.14.0/deps/zlib -I/opt/buildhome/.cache/node-gyp/16.14.0/deps/v8/include -I../src/libsass/include  -fPIC -pthread -Wall -Wextra -Wno-unused-parameter -m64 -O3 -fno-omit-frame-pointer -std=gnu++14 -std=c++0x -fexceptions -frtti -MMD -MF ./Release/.deps/Release/obj.target/libsass/src/libsass/src/sass_functions.o.d.raw   -c</p><p>11:04:26 AM: npm ERR!   g++ -o Release/obj.target/libsass/src/libsass/src/sass_util.o ../src/libsass/src/sass_util.cpp '-DNODE_GYP_MODULE_NAME=libsass' '-DUSING_UV_SHARED=1' '-DUSING_V8_SHARED=1' '-DV8_DEPRECATION_WARNINGS=1' '-DV8_DEPRECATION_WARNINGS' '-DV8_IMMINENT_DEPRECATION_WARNINGS' '-D_GLIBCXX_USE_CXX11_ABI=1' '-D_LARGEFILE_SOURCE' '-D_FILE_OFFSET_BITS=64' '-D__STDC_FORMAT_MACROS' '-DOPENSSL_NO_PINSHARED' '-DOPENSSL_THREADS' '-DLIBSASS_VERSION="3.5.5"' -I/opt/buildhome/.cache/node-gyp/16.14.0/include/node -I/opt/buildhome/.cache/node-gyp/16.14.0/src -I/opt/buildhome/.cache/node-gyp/16.14.0/deps/openssl/config -I/opt/buildhome/.cache/node-gyp/16.14.0/deps/openssl/openssl/include -I/opt/buildhome/.cache/node-gyp/16.14.0/deps/uv/include -I/opt/buildhome/.cache/node-gyp/16.14.0/deps/zlib -I/opt/buildhome/.cache/node-gyp/16.14.0/deps/v8/include -I../src/libsass/include  -fPIC -pthread -Wall -Wextra -Wno-unused-parameter -m64 -O3 -fno-omit-frame-pointer -std=gnu++14 -std=c++0x -fexceptions -frtti -MMD -MF ./Release/.deps/Release/obj.target/libsass/src/libsass/src/sass_util.o.d.raw   -c</p><p>11:04:26 AM: npm ERR!   g++ -o Release/obj.target/libsass/src/libsass/src/sass_values.o ../src/libsass/src/sass_values.cpp '-DNODE_GYP_MODULE_NAME=libsass' '-DUSING_UV_SHARED=1' '-DUSING_V8_SHARED=1' '-DV8_DEPRECATION_WARNINGS=1' '-DV8_DEPRECATION_WARNINGS' '-DV8_IMMINENT_DEPRECATION_WARNINGS' '-D_GLIBCXX_USE_CXX11_ABI=1' '-D_LARGEFILE_SOURCE' '-D_FILE_OFFSET_BITS=64' '-D__STDC_FORMAT_MACROS' '-DOPENSSL_NO_PINSHARED' '-DOPENSSL_THREADS' '-DLIBSASS_VERSION="3.5.5"' -I/opt/buildhome/.cache/node-gyp/16.14.0/include/node -I/opt/buildhome/.cache/node-gyp/16.14.0/src -I/opt/buildhome/.cache/node-gyp/16.14.0/deps/openssl/config -I/opt/buildhome/.cache/node-gyp/16.14.0/deps/openssl/openssl/include -I/opt/buildhome/.cache/node-gyp/16.14.0/deps/uv/include -I/opt/buildhome/.cache/node-gyp/16.14.0/deps/zlib -I/opt/buildhome/.cache/node-gyp/16.14.0/deps/v8/include -I../src/libsass/include  -fPIC -pthread -Wall -Wextra -Wno-unused-parameter -m64 -O3 -fno-omit-frame-pointer -std=gnu++14 -std=c++0x -fexceptions -frtti -MMD -MF ./Release/.deps/Release/obj.target/libsass/src/libsass/src/sass_values.o.d.raw   -c</p><p>11:04:26 AM: npm ERR!   g++ -o Release/obj.target/libsass/src/libsass/src/source_map.o ../src/libsass/src/source_map.cpp '-DNODE_GYP_MODULE_NAME=libsass' '-DUSING_UV_SHARED=1' '-DUSING_V8_SHARED=1' '-DV8_DEPRECATION_WARNINGS=1' '-DV8_DEPRECATION_WARNINGS' '-DV8_IMMINENT_DEPRECATION_WARNINGS' '-D_GLIBCXX_USE_CXX11_ABI=1' '-D_LARGEFILE_SOURCE' '-D_FILE_OFFSET_BITS=64' '-D__STDC_FORMAT_MACROS' '-DOPENSSL_NO_PINSHARED' '-DOPENSSL_THREADS' '-DLIBSASS_VERSION="3.5.5"' -I/opt/buildhome/.cache/node-gyp/16.14.0/include/node -I/opt/buildhome/.cache/node-gyp/16.14.0/src -I/opt/buildhome/.cache/node-gyp/16.14.0/deps/openssl/config -I/opt/buildhome/.cache/node-gyp/16.14.0/deps/openssl/openssl/include -I/opt/buildhome/.cache/node-gyp/16.14.0/deps/uv/include -I/opt/buildhome/.cache/node-gyp/16.14.0/deps/zlib -I/opt/buildhome/.cache/node-gyp/16.14.0/deps/v8/include -I../src/libsass/include  -fPIC -pthread -Wall -Wextra -Wno-unused-parameter -m64 -O3 -fno-omit-frame-pointer -std=gnu++14 -std=c++0x -fexceptions -frtti -MMD -MF ./Release/.deps/Release/obj.target/libsass/src/libsass/src/source_map.o.d.raw   -c</p><p>11:04:26 AM: npm ERR!   g++ -o Release/obj.target/libsass/src/libsass/src/subset_map.o ../src/libsass/src/subset_map.cpp '-DNODE_GYP_MODULE_NAME=libsass' '-DUSING_UV_SHARED=1' '-DUSING_V8_SHARED=1' '-DV8_DEPRECATION_WARNINGS=1' '-DV8_DEPRECATION_WARNINGS' '-DV8_IMMINENT_DEPRECATION_WARNINGS' '-D_GLIBCXX_USE_CXX11_ABI=1' '-D_LARGEFILE_SOURCE' '-D_FILE_OFFSET_BITS=64' '-D__STDC_FORMAT_MACROS' '-DOPENSSL_NO_PINSHARED' '-DOPENSSL_THREADS' '-DLIBSASS_VERSION="3.5.5"' -I/opt/buildhome/.cache/node-gyp/16.14.0/include/node -I/opt/buildhome/.cache/node-gyp/16.14.0/src -I/opt/buildhome/.cache/node-gyp/16.14.0/deps/openssl/config -I/opt/buildhome/.cache/node-gyp/16.14.0/deps/openssl/openssl/include -I/opt/buildhome/.cache/node-gyp/16.14.0/deps/uv/include -I/opt/buildhome/.cache/node-gyp/16.14.0/deps/zlib -I/opt/buildhome/.cache/node-gyp/16.14.0/deps/v8/include -I../src/libsass/include  -fPIC -pthread -Wall -Wextra -Wno-unused-parameter -m64 -O3 -fno-omit-frame-pointer -std=gnu++14 -std=c++0x -fexceptions -frtti -MMD -MF ./Release/.deps/Release/obj.target/libsass/src/libsass/src/subset_map.o.d.raw   -c</p><p>11:04:26 AM: npm ERR!   g++ -o Release/obj.target/libsass/src/libsass/src/to_c.o ../src/libsass/src/to_c.cpp '-DNODE_GYP_MODULE_NAME=libsass' '-DUSING_UV_SHARED=1' '-DUSING_V8_SHARED=1' '-DV8_DEPRECATION_WARNINGS=1' '-DV8_DEPRECATION_WARNINGS' '-DV8_IMMINENT_DEPRECATION_WARNINGS' '-D_GLIBCXX_USE_CXX11_ABI=1' '-D_LARGEFILE_SOURCE' '-D_FILE_OFFSET_BITS=64' '-D__STDC_FORMAT_MACROS' '-DOPENSSL_NO_PINSHARED' '-DOPENSSL_THREADS' '-DLIBSASS_VERSION="3.5.5"' -I/opt/buildhome/.cache/node-gyp/16.14.0/include/node -I/opt/buildhome/.cache/node-gyp/16.14.0/src -I/opt/buildhome/.cache/node-gyp/16.14.0/deps/openssl/config -I/opt/buildhome/.cache/node-gyp/16.14.0/deps/openssl/openssl/include -I/opt/buildhome/.cache/node-gyp/16.14.0/deps/uv/include -I/opt/buildhome/.cache/node-gyp/16.14.0/deps/zlib -I/opt/buildhome/.cache/node-gyp/16.14.0/deps/v8/include -I../src/libsass/include  -fPIC -pthread -Wall -Wextra -Wno-unused-parameter -m64 -O3 -fno-omit-frame-pointer -std=gnu++14 -std=c++0x -fexceptions -frtti -MMD -MF ./Release/.deps/Release/obj.target/libsass/src/libsass/src/to_c.o.d.raw   -c</p><p>11:04:26 AM: npm ERR!   g++ -o Release/obj.target/libsass/src/libsass/src/to_value.o ../src/libsass/src/to_value.cpp '-DNODE_GYP_MODULE_NAME=libsass' '-DUSING_UV_SHARED=1' '-DUSING_V8_SHARED=1' '-DV8_DEPRECATION_WARNINGS=1' '-DV8_DEPRECATION_WARNINGS' '-DV8_IMMINENT_DEPRECATION_WARNINGS' '-D_GLIBCXX_USE_CXX11_ABI=1' '-D_LARGEFILE_SOURCE' '-D_FILE_OFFSET_BITS=64' '-D__STDC_FORMAT_MACROS' '-DOPENSSL_NO_PINSHARED' '-DOPENSSL_THREADS' '-DLIBSASS_VERSION="3.5.5"' -I/opt/buildhome/.cache/node-gyp/16.14.0/include/node -I/opt/buildhome/.cache/node-gyp/16.14.0/src -I/opt/buildhome/.cache/node-gyp/16.14.0/deps/openssl/config -I/opt/buildhome/.cache/node-gyp/16.14.0/deps/openssl/openssl/include -I/opt/buildhome/.cache/node-gyp/16.14.0/deps/uv/include -I/opt/buildhome/.cache/node-gyp/16.14.0/deps/zlib -I/opt/buildhome/.cache/node-gyp/16.14.0/deps/v8/include -I../src/libsass/include  -fPIC -pthread -Wall -Wextra -Wno-unused-parameter -m64 -O3 -fno-omit-frame-pointer -std=gnu++14 -std=c++0x -fexceptions -frtti -MMD -MF ./Release/.deps/Release/obj.target/libsass/src/libsass/src/to_value.o.d.raw   -c</p><p>11:04:26 AM: npm ERR!   g++ -o Release/obj.target/libsass/src/libsass/src/units.o ../src/libsass/src/units.cpp '-DNODE_GYP_MODULE_NAME=libsass' '-DUSING_UV_SHARED=1' '-DUSING_V8_SHARED=1' '-DV8_DEPRECATION_WARNINGS=1' '-DV8_DEPRECATION_WARNINGS' '-DV8_IMMINENT_DEPRECATION_WARNINGS' '-D_GLIBCXX_USE_CXX11_ABI=1' '-D_LARGEFILE_SOURCE' '-D_FILE_OFFSET_BITS=64' '-D__STDC_FORMAT_MACROS' '-DOPENSSL_NO_PINSHARED' '-DOPENSSL_THREADS' '-DLIBSASS_VERSION="3.5.5"' -I/opt/buildhome/.cache/node-gyp/16.14.0/include/node -I/opt/buildhome/.cache/node-gyp/16.14.0/src -I/opt/buildhome/.cache/node-gyp/16.14.0/deps/openssl/config -I/opt/buildhome/.cache/node-gyp/16.14.0/deps/openssl/openssl/include -I/opt/buildhome/.cache/node-gyp/16.14.0/deps/uv/include -I/opt/buildhome/.cache/node-gyp/16.14.0/deps/zlib -I/opt/buildhome/.cache/node-gyp/16.14.0/deps/v8/include -I../src/libsass/include  -fPIC -pthread -Wall -Wextra -Wno-unused-parameter -m64 -O3 -fno-omit-frame-pointer -std=gnu++14 -std=c++0x -fexceptions -frtti -MMD -MF ./Release/.deps/Release/obj.target/libsass/src/libsass/src/units.o.d.raw   -c</p><p>11:04:26 AM: npm ERR!   g++ -o Release/obj.target/libsass/src/libsass/src/utf8_string.o ../src/libsass/src/utf8_string.cpp '-DNODE_GYP_MODULE_NAME=libsass' '-DUSING_UV_SHARED=1' '-DUSING_V8_SHARED=1' '-DV8_DEPRECATION_WARNINGS=1' '-DV8_DEPRECATION_WARNINGS' '-DV8_IMMINENT_DEPRECATION_WARNINGS' '-D_GLIBCXX_USE_CXX11_ABI=1' '-D_LARGEFILE_SOURCE' '-D_FILE_OFFSET_BITS=64' '-D__STDC_FORMAT_MACROS' '-DOPENSSL_NO_PINSHARED' '-DOPENSSL_THREADS' '-DLIBSASS_VERSION="3.5.5"' -I/opt/buildhome/.cache/node-gyp/16.14.0/include/node -I/opt/buildhome/.cache/node-gyp/16.14.0/src -I/opt/buildhome/.cache/node-gyp/16.14.0/deps/openssl/config -I/opt/buildhome/.cache/node-gyp/16.14.0/deps/openssl/openssl/include -I/opt/buildhome/.cache/node-gyp/16.14.0/deps/uv/include -I/opt/buildhome/.cache/node-gyp/16.14.0/deps/zlib -I/opt/buildhome/.cache/node-gyp/16.14.0/deps/v8/include -I../src/libsass/include  -fPIC -pthread -Wall -Wextra -Wno-unused-parameter -m64 -O3 -fno-omit-frame-pointer -std=gnu++14 -std=c++0x -fexceptions -frtti -MMD -MF ./Release/.deps/Release/obj.target/libsass/src/libsass/src/utf8_string.o.d.raw   -c</p><p>11:04:26 AM: npm ERR!   g++ -o Release/obj.target/libsass/src/libsass/src/util.o ../src/libsass/src/util.cpp '-DNODE_GYP_MODULE_NAME=libsass' '-DUSING_UV_SHARED=1' '-DUSING_V8_SHARED=1' '-DV8_DEPRECATION_WARNINGS=1' '-DV8_DEPRECATION_WARNINGS' '-DV8_IMMINENT_DEPRECATION_WARNINGS' '-D_GLIBCXX_USE_CXX11_ABI=1' '-D_LARGEFILE_SOURCE' '-D_FILE_OFFSET_BITS=64' '-D__STDC_FORMAT_MACROS' '-DOPENSSL_NO_PINSHARED' '-DOPENSSL_THREADS' '-DLIBSASS_VERSION="3.5.5"' -I/opt/buildhome/.cache/node-gyp/16.14.0/include/node -I/opt/buildhome/.cache/node-gyp/16.14.0/src -I/opt/buildhome/.cache/node-gyp/16.14.0/deps/openssl/config -I/opt/buildhome/.cache/node-gyp/16.14.0/deps/openssl/openssl/include -I/opt/buildhome/.cache/node-gyp/16.14.0/deps/uv/include -I/opt/buildhome/.cache/node-gyp/16.14.0/deps/zlib -I/opt/buildhome/.cache/node-gyp/16.14.0/deps/v8/include -I../src/libsass/include  -fPIC -pthread -Wall -Wextra -Wno-unused-parameter -m64 -O3 -fno-omit-frame-pointer -std=gnu++14 -std=c++0x -fexceptions -frtti -MMD -MF ./Release/.deps/Release/obj.target/libsass/src/libsass/src/util.o.d.raw   -c</p><p>11:04:26 AM: npm ERR!   g++ -o Release/obj.target/libsass/src/libsass/src/values.o ../src/libsass/src/values.cpp '-DNODE_GYP_MODULE_NAME=libsass' '-DUSING_UV_SHARED=1' '-DUSING_V8_SHARED=1' '-DV8_DEPRECATION_WARNINGS=1' '-DV8_DEPRECATION_WARNINGS' '-DV8_IMMINENT_DEPRECATION_WARNINGS' '-D_GLIBCXX_USE_CXX11_ABI=1' '-D_LARGEFILE_SOURCE' '-D_FILE_OFFSET_BITS=64' '-D__STDC_FORMAT_MACROS' '-DOPENSSL_NO_PINSHARED' '-DOPENSSL_THREADS' '-DLIBSASS_VERSION="3.5.5"' -I/opt/buildhome/.cache/node-gyp/16.14.0/include/node -I/opt/buildhome/.cache/node-gyp/16.14.0/src -I/opt/buildhome/.cache/node-gyp/16.14.0/deps/openssl/config -I/opt/buildhome/.cache/node-gyp/16.14.0/deps/openssl/openssl/include -I/opt/buildhome/.cache/node-gyp/16.14.0/deps/uv/include -I/opt/buildhome/.cache/node-gyp/16.14.0/deps/zlib -I/opt/buildhome/.cache/node-gyp/16.14.0/deps/v8/include -I../src/libsass/include  -fPIC -pthread -Wall -Wextra -Wno-unused-parameter -m64 -O3 -fno-omit-frame-pointer -std=gnu++14 -std=c++0x -fexceptions -frtti -MMD -MF ./Release/.deps/Release/obj.target/libsass/src/libsass/src/values.o.d.raw   -c</p><p>11:04:26 AM: npm ERR!   rm -f Release/obj.target/src/sass.a &amp;&amp; ar crs Release/obj.target/src/sass.a Release/obj.target/libsass/src/libsass/src/ast.o Release/obj.target/libsass/src/libsass/src/ast_fwd_decl.o Release/obj.target/libsass/src/libsass/src/backtrace.o Release/obj.target/libsass/src/libsass/src/base64vlq.o Release/obj.target/libsass/src/libsass/src/bind.o Release/obj.target/libsass/src/libsass/src/cencode.o Release/obj.target/libsass/src/libsass/src/check_nesting.o Release/obj.target/libsass/src/libsass/src/color_maps.o Release/obj.target/libsass/src/libsass/src/constants.o Release/obj.target/libsass/src/libsass/src/context.o Release/obj.target/libsass/src/libsass/src/cssize.o Release/obj.target/libsass/src/libsass/src/emitter.o Release/obj.target/libsass/src/libsass/src/environment.o Release/obj.target/libsass/src/libsass/src/error_handling.o Release/obj.target/libsass/src/libsass/src/eval.o Release/obj.target/libsass/src/libsass/src/expand.o Release/obj.target/libsass/src/libsass/src/extend.o Release/obj.target/libsass/src/libsass/src/file.o Release/obj.target/libsass/src/libsass/src/functions.o Release/obj.target/libsass/src/libsass/src/inspect.o Release/obj.target/libsass/src/libsass/src/json.o Release/obj.target/libsass/src/libsass/src/lexer.o Release/obj.target/libsass/src/libsass/src/listize.o Release/obj.target/libsass/src/libsass/src/memory/SharedPtr.o Release/obj.target/libsass/src/libsass/src/node.o Release/obj.target/libsass/src/libsass/src/operators.o Release/obj.target/libsass/src/libsass/src/output.o Release/obj.target/libsass/src/libsass/src/parser.o Release/obj.target/libsass/src/libsass/src/plugins.o Release/obj.target/libsass/src/libsass/src/position.o Release/obj.target/libsass/src/libsass/src/prelexer.o Release/obj.target/libsass/src/libsass/src/remove_placeholders.o Release/obj.target/libsass/src/libsass/src/sass.o Release/obj.target/libsass/src/libsass/src/sass2scss.o Release/obj.target/libsass/src/libsass/src/sass_context.o Release/obj.target/libsass/src/libsass/src/sass_functions.o Release/obj.target/libsass/src/libsass/src/sass_util.o Release/obj.target/libsass/src/libsass/src/sass_values.o Release/obj.target/libsass/src/libsass/src/source_map.o Release/obj.target/libsass/src/libsass/src/subset_map.o Release/obj.target/libsass/src/libsass/src/to_c.o Release/obj.target/libsass/src/libsass/src/to_value.o Release/obj.target/libsass/src/libsass/src/units.o Release/obj.target/libsass/src/libsass/src/utf8_string.o Release/obj.target/libsass/src/libsass/src/util.o Release/obj.target/libsass/src/libsass/src/values.o</p><p>11:04:26 AM: npm ERR!   ln -f "Release/obj.target/src/sass.a" "Release/sass.a" 2&gt;/dev/null || (rm -rf "Release/sass.a" &amp;&amp; cp -af "Release/obj.target/src/sass.a" "Release/sass.a")</p><p>11:04:26 AM: npm ERR!   g++ -o Release/obj.target/binding/src/binding.o ../src/binding.cpp '-DNODE_GYP_MODULE_NAME=binding' '-DUSING_UV_SHARED=1' '-DUSING_V8_SHARED=1' '-DV8_DEPRECATION_WARNINGS=1' '-DV8_DEPRECATION_WARNINGS' '-DV8_IMMINENT_DEPRECATION_WARNINGS' '-D_GLIBCXX_USE_CXX11_ABI=1' '-D_LARGEFILE_SOURCE' '-D_FILE_OFFSET_BITS=64' '-D__STDC_FORMAT_MACROS' '-DOPENSSL_NO_PINSHARED' '-DOPENSSL_THREADS' '-DBUILDING_NODE_EXTENSION' -I/opt/buildhome/.cache/node-gyp/16.14.0/include/node -I/opt/buildhome/.cache/node-gyp/16.14.0/src -I/opt/buildhome/.cache/node-gyp/16.14.0/deps/openssl/config -I/opt/buildhome/.cache/node-gyp/16.14.0/deps/openssl/openssl/include -I/opt/buildhome/.cache/node-gyp/16.14.0/deps/uv/include -I/opt/buildhome/.cache/node-gyp/16.14.0/deps/zlib -I/opt/buildhome/.cache/node-gyp/16.14.0/deps/v8/include -I../../nan -I../src/libsass/include  -fPIC -pthread -Wall -Wextra -Wno-unused-parameter -m64 -O3 -fno-omit-frame-pointer -fno-rtti -fno-exceptions -std=gnu++14 -std=c++0x -MMD -MF ./Release/.deps/Release/obj.target/binding/src/binding.o.d.raw   -c</p><p>11:04:26 AM: npm ERR! make: Leaving directory '/opt/build/repo/node_modules/node-sass/build'</p><p>11:04:26 AM: npm ERR! gyp info it worked if it ends with ok</p><p>11:04:26 AM: npm ERR! gyp verb cli [</p><p>11:04:26 AM: npm ERR! gyp verb cli   '/opt/buildhome/.nvm/versions/node/v16.14.0/bin/node',</p><p>11:04:26 AM: npm ERR! gyp verb cli   '/opt/build/repo/node_modules/node-gyp/bin/node-gyp.js',</p><p>11:04:26 AM: npm ERR! gyp verb cli   'rebuild',</p><p>11:04:26 AM: npm ERR! gyp verb cli   '--verbose',</p><p>11:04:26 AM: npm ERR! gyp verb cli   '--libsass_ext=',</p><p>11:04:26 AM: npm ERR! gyp verb cli   '--libsass_cflags=',</p><p>11:04:26 AM: npm ERR! gyp verb cli   '--libsass_ldflags=',</p><p>11:04:26 AM: npm ERR! gyp verb cli   '--libsass_library='</p><p>11:04:26 AM: npm ERR! gyp verb cli ]</p><p>11:04:26 AM: npm ERR! gyp info using node-gyp@7.1.2</p><p>11:04:26 AM: npm ERR! gyp info using node@16.14.0 | linux | x64</p><p>11:04:26 AM: npm ERR! gyp verb command rebuild []</p><p>11:04:26 AM: npm ERR! gyp verb command clean []</p><p>11:04:26 AM: npm ERR! gyp verb clean removing "build" directory</p><p>11:04:26 AM: npm ERR! gyp verb command configure []</p><p>11:04:26 AM: npm ERR! gyp verb find Python Python is not set from command line or npm configuration</p><p>11:04:26 AM: npm ERR! gyp verb find Python Python is not set from environment variable PYTHON</p><p>11:04:26 AM: npm ERR! gyp verb find Python checking if "python3" can be used</p><p>11:04:26 AM: npm ERR! gyp verb find Python - executing "python3" to get executable path</p><p>11:04:26 AM: npm ERR! gyp verb find Python - executable path is "/usr/bin/python3"</p><p>11:04:26 AM: npm ERR! gyp verb find Python - executing "/usr/bin/python3" to get version</p><p>11:04:26 AM: npm ERR! gyp verb find Python - version is "3.8.10"</p><p>11:04:26 AM: npm ERR! gyp info find Python using Python version 3.8.10 found at "/usr/bin/python3"</p><p>11:04:26 AM: npm ERR! gyp verb get node dir no --target version specified, falling back to host node version: 16.14.0</p><p>11:04:26 AM: npm ERR! gyp verb command install [ '16.14.0' ]</p><p>11:04:26 AM: npm ERR! gyp verb install input version string "16.14.0"</p><p>11:04:26 AM: npm ERR! gyp verb install installing version: 16.14.0</p><p>11:04:26 AM: npm ERR! gyp verb install --ensure was passed, so won't reinstall if already installed</p><p>npm ERR! gyp verb install version not already installed, continuing with install 16.14.0</p><p>11:04:26 AM: npm ERR! gyp verb ensuring nodedir is created /opt/buildhome/.cache/node-gyp/16.14.0</p><p>11:04:26 AM: npm ERR! gyp verb created nodedir /opt/buildhome/.cache/node-gyp</p><p>11:04:26 AM: npm ERR! gyp http GET https://nodejs.org/download/release/v16.14.0/node-v16.14.0-headers.tar.gz</p><p>11:04:26 AM: npm ERR! gyp http 200 https://nodejs.org/download/release/v16.14.0/node-v16.14.0-headers.tar.gz</p><p>11:04:26 AM: npm ERR! gyp verb extracted file from tarball node-v16.14.0/include/node/common.gypi</p><p>11:04:26 AM: npm ERR! gyp verb extracted file from tarball node-v16.14.0/include/node/config.gypi</p><p>11:04:26 AM: npm ERR! gyp verb extracted file from tarball node-v16.14.0/include/node/node.h</p><p>11:04:26 AM: npm ERR! gyp verb extracted file from tarball node-v16.14.0/include/node/node_api.h</p><p>11:04:26 AM: npm ERR! gyp verb extracted file from tarball node-v16.14.0/include/node/js_native_api.h</p><p>11:04:26 AM: npm ERR! gyp verb extracted file from tarball node-v16.14.0/include/node/js_native_api_types.h</p><p>11:04:26 AM: npm ERR! gyp verb extracted file from tarball node-v16.14.0/include/node/node_api_types.h</p><p>11:04:26 AM: npm ERR! gyp verb extracted file from tarball node-v16.14.0/include/node/node_buffer.h</p><p>11:04:26 AM: npm ERR! gyp verb extracted file from tarball node-v16.14.0/include/node/node_object_wrap.h</p><p>11:04:26 AM: npm ERR! gyp verb extracted file from tarball node-v16.14.0/include/node/node_version.h</p><p>11:04:26 AM: npm ERR! gyp verb extracted file from tarball node-v16.14.0/include/node/v8-internal.h</p><p>11:04:26 AM: npm ERR! gyp verb extracted file from tarball node-v16.14.0/include/node/v8-platform.h</p><p>11:04:26 AM: npm ERR! gyp verb extracted file from tarball node-v16.14.0/include/node/v8-profiler.h</p><p>11:04:26 AM: npm ERR! gyp verb extracted file from tarball node-v16.14.0/include/node/v8-version.h</p><p>11:04:26 AM: npm ERR! gyp verb extracted file from tarball node-v16.14.0/include/node/v8.h</p><p>11:04:26 AM: npm ERR! gyp verb extracted file from tarball node-v16.14.0/include/node/v8config.h</p><p>11:04:26 AM: npm ERR! gyp verb extracted file from tarball node-v16.14.0/include/node/libplatform/libplatform-export.h</p><p>11:04:26 AM: npm ERR! gyp verb extracted file from tarball node-v16.14.0/include/node/libplatform/libplatform.h</p><p>11:04:26 AM: npm ERR! gyp verb extracted file from tarball node-v16.14.0/include/node/libplatform/v8-tracing.h</p><p>11:04:26 AM: npm ERR! gyp verb extracted file from tarball node-v16.14.0/include/node/cppgc/common.h</p><p>11:04:26 AM: npm ERR! gyp verb extracted file from tarball node-v16.14.0/include/node/uv.h</p><p>11:04:26 AM: npm ERR! gyp verb extracted file from tarball node-v16.14.0/include/node/uv/aix.h</p><p>11:04:26 AM: npm ERR! gyp verb extracted file from tarball node-v16.14.0/include/node/uv/android-ifaddrs.h</p><p>11:04:26 AM: npm ERR! gyp verb extracted file from tarball node-v16.14.0/include/node/uv/bsd.h</p><p>11:04:26 AM: npm ERR! gyp verb extracted file from tarball node-v16.14.0/include/node/uv/darwin.h</p><p>11:04:26 AM: npm ERR! gyp verb extracted file from tarball node-v16.14.0/include/node/uv/linux.h</p><p>11:04:26 AM: npm ERR! gyp verb extracted file from tarball node-v16.14.0/include/node/uv/os390.h</p><p>11:04:26 AM: npm ERR! gyp verb extracted file from tarball node-v16.14.0/include/node/uv/posix.h</p><p>11:04:26 AM: npm ERR! gyp verb extracted file from tarball node-v16.14.0/include/node/uv/stdint-msvc2008.h</p><p>11:04:26 AM: npm ERR! gyp verb extracted file from tarball node-v16.14.0/include/node/uv/sunos.h</p><p>11:04:26 AM: npm ERR! gyp verb extracted file from tarball node-v16.14.0/include/node/uv/threadpool.h</p><p>11:04:26 AM: npm ERR! gyp verb extracted file from tarball node-v16.14.0/include/node/uv/errno.h</p><p>11:04:26 AM: npm ERR! gyp verb extracted file from tarball node-v16.14.0/include/node/uv/tree.h</p><p>11:04:26 AM: npm ERR! gyp verb extracted file from tarball node-v16.14.0/include/node/uv/unix.h</p><p>11:04:26 AM: npm ERR! gyp verb extracted file from tarball node-v16.14.0/include/node/uv/version.h</p><p>11:04:26 AM: npm ERR! gyp verb extracted file from tarball node-v16.14.0/include/node/uv/win.h</p><p>11:04:26 AM: npm ERR! gyp verb extracted file from tarball node-v16.14.0/include/node/openssl/rsa.h</p><p>11:04:26 AM: npm ERR! gyp verb extracted file from tarball node-v16.14.0/include/node/openssl/rsaerr.h</p><p>11:04:26 AM: npm ERR! gyp verb extracted file from tarball node-v16.14.0/include/node/openssl/stack.h</p><p>11:04:26 AM: npm ERR! gyp verb extracted file from tarball node-v16.14.0/include/node/openssl/symhacks.h</p><p>11:04:26 AM: npm ERR! gyp verb extracted file from tarball node-v16.14.0/include/node/openssl/tserr.h</p><p>11:04:26 AM: npm ERR! gyp verb extracted file from tarball node-v16.14.0/include/node/openssl/txt_db.h</p><p>11:04:26 AM: npm ERR! gyp verb extracted file from tarball node-v16.14.0/include/node/openssl/ui.h</p><p>11:04:26 AM: npm ERR! gyp verb extracted file from tarball node-v16.14.0/include/node/openssl/whrlpool.h</p><p>11:04:26 AM: npm ERR! gyp verb extracted file from tarball node-v16.14.0/include/node/openssl/x509err.h</p><p>11:04:26 AM: npm ERR! gyp verb extracted file from tarball node-v16.14.0/include/node/openssl/x509v3err.h</p><p>11:04:26 AM: npm ERR! gyp verb extracted file from tarball node-v16.14.0/include/node/openssl/cast.h</p><p>11:04:26 AM: npm ERR! gyp verb extracted file from tarball node-v16.14.0/include/node/openssl/ossl_typ.h</p><p>11:04:26 AM: npm ERR! gyp verb extracted file from tarball node-v16.14.0/include/node/openssl/pemerr.h</p><p>11:04:26 AM: npm ERR! gyp verb extracted file from tarball node-v16.14.0/include/node/openssl/pkcs12.h</p><p>11:04:26 AM: npm ERR! gyp verb extracted file from tarball node-v16.14.0/include/node/openssl/pkcs7.h</p><p>11:04:26 AM: npm ERR! gyp verb extracted file from tarball node-v16.14.0/include/node/openssl/evperr.h</p><p>11:04:26 AM: npm ERR! gyp verb extracted file from tarball node-v16.14.0/include/node/openssl/kdf.h</p><p>11:04:26 AM: npm ERR! gyp verb extracted file from tarball node-v16.14.0/include/node/openssl/kdferr.h</p><p>11:04:26 AM: npm ERR! gyp verb extracted file from tarball node-v16.14.0/include/node/openssl/pkcs7err.h</p><p>11:04:26 AM: npm ERR! gyp verb extracted file from tarball node-v16.14.0/include/node/openssl/rand.h</p><p>11:04:26 AM: npm ERR! gyp verb extracted file from tarball node-v16.14.0/include/node/openssl/rand_drbg.h</p><p>11:04:26 AM: npm ERR! gyp verb extracted file from tarball node-v16.14.0/include/node/openssl/randerr.h</p><p>11:04:26 AM: npm ERR! gyp verb extracted file from tarball node-v16.14.0/include/node/openssl/rc5.h</p><p>11:04:26 AM: npm ERR! gyp verb extracted file from tarball node-v16.14.0/include/node/openssl/safestack.h</p><p>11:04:26 AM: npm ERR! gyp verb extracted file from tarball node-v16.14.0/include/node/openssl/buffer.h</p><p>11:04:26 AM: npm ERR! gyp verb extracted file from tarball node-v16.14.0/include/node/openssl/md2.h</p><p>11:04:26 AM: npm ERR! gyp verb extracted file from tarball node-v16.14.0/include/node/openssl/md4.h</p><p>11:04:26 AM: npm ERR! gyp verb extracted file from tarball node-v16.14.0/include/node/openssl/objects.h</p><p>11:04:26 AM: npm ERR! gyp verb extracted file from tarball node-v16.14.0/include/node/openssl/objectserr.h</p><p>11:04:26 AM: npm ERR! gyp verb extracted file from tarball node-v16.14.0/include/node/openssl/ocsp.h</p><p>11:04:26 AM: npm ERR! gyp verb extracted file from tarball node-v16.14.0/include/node/openssl/ocsperr.h</p><p>11:04:26 AM: npm ERR! gyp verb extracted file from tarball node-v16.14.0/include/node/openssl/opensslv.h</p><p>11:04:26 AM: npm ERR! gyp verb extracted file from tarball node-v16.14.0/include/node/openssl/pkcs12err.h</p><p>11:04:26 AM: npm ERR! gyp verb extracted file from tarball node-v16.14.0/include/node/openssl/seed.h</p><p>11:04:26 AM: npm ERR! gyp verb extracted file from tarball node-v16.14.0/include/node/openssl/sha.h</p><p>11:04:26 AM: npm ERR! gyp verb extracted file from tarball node-v16.14.0/include/node/openssl/srp.h</p><p>11:04:26 AM: npm ERR! gyp verb extracted file from tarball node-v16.14.0/include/node/openssl/ssl.h</p><p>11:04:26 AM: npm ERR! gyp verb extracted file from tarball node-v16.14.0/include/node/openssl/ssl2.h</p><p>11:04:26 AM: npm ERR! gyp verb extracted file from tarball node-v16.14.0/include/node/openssl/ssl3.h</p><p>11:04:26 AM: npm ERR! gyp verb extracted file from tarball node-v16.14.0/include/node/openssl/sslerr.h</p><p>11:04:26 AM: npm ERR! gyp verb extracted file from tarball node-v16.14.0/include/node/openssl/store.h</p><p>11:04:26 AM: npm ERR! gyp verb extracted file from tarball node-v16.14.0/include/node/openssl/storeerr.h</p><p>11:04:26 AM: npm ERR! gyp verb extracted file from tarball node-v16.14.0/include/node/openssl/tls1.h</p><p>11:04:26 AM: npm ERR! gyp verb extracted file from tarball node-v16.14.0/include/node/openssl/ts.h</p><p>11:04:26 AM: npm ERR! gyp verb extracted file from tarball node-v16.14.0/include/node/openssl/x509.h</p><p>11:04:26 AM: npm ERR! gyp verb extracted file from tarball node-v16.14.0/include/node/openssl/x509_vfy.h</p><p>11:04:26 AM: npm ERR! gyp verb extracted file from tarball node-v16.14.0/include/node/openssl/x509v3.h</p><p>11:04:26 AM: npm ERR! gyp verb extracted file from tarball node-v16.14.0/include/node/openssl/idea.h</p><p>11:04:26 AM: npm ERR! gyp verb extracted file from tarball node-v16.14.0/include/node/openssl/lhash.h</p><p>11:04:26 AM: npm ERR! gyp verb extracted file from tarball node-v16.14.0/include/node/openssl/mdc2.h</p><p>11:04:26 AM: npm ERR! gyp verb extracted file from tarball node-v16.14.0/include/node/openssl/modes.h</p><p>11:04:26 AM: npm ERR! gyp verb extracted file from tarball node-v16.14.0/include/node/openssl/obj_mac.h</p><p>11:04:26 AM: npm ERR! gyp verb extracted file from tarball node-v16.14.0/include/node/openssl/pem.h</p><p>11:04:26 AM: npm ERR! gyp verb extracted file from tarball node-v16.14.0/include/node/openssl/ripemd.h</p><p>11:04:26 AM: npm ERR! gyp verb extracted file from tarball node-v16.14.0/include/node/openssl/cmac.h</p><p>11:04:26 AM: npm ERR! gyp verb extracted file from tarball node-v16.14.0/include/node/openssl/dh.h</p><p>11:04:26 AM: npm ERR! gyp verb extracted file from tarball node-v16.14.0/include/node/openssl/dherr.h</p><p>11:04:26 AM: npm ERR! gyp verb extracted file from tarball node-v16.14.0/include/node/openssl/dsa.h</p><p>11:04:26 AM: npm ERR! gyp verb extracted file from tarball node-v16.14.0/include/node/openssl/dsaerr.h</p><p>11:04:26 AM: npm ERR! gyp verb extracted file from tarball node-v16.14.0/include/node/openssl/dtls1.h</p><p>11:04:26 AM: npm ERR! gyp verb extracted file from tarball node-v16.14.0/include/node/openssl/e_os2.h</p><p>11:04:26 AM: npm ERR! gyp verb extracted file from tarball node-v16.14.0/include/node/openssl/ecdsa.h</p><p>11:04:26 AM: npm ERR! gyp verb extracted file from tarball node-v16.14.0/include/node/openssl/ecerr.h</p><p>11:04:26 AM: npm ERR! gyp verb extracted file from tarball node-v16.14.0/include/node/openssl/engine.h</p><p>11:04:26 AM: npm ERR! gyp verb extracted file from tarball node-v16.14.0/include/node/openssl/engineerr.h</p><p>11:04:26 AM: npm ERR! gyp verb extracted file from tarball node-v16.14.0/include/node/openssl/err.h</p><p>11:04:26 AM: npm ERR! gyp verb extracted file from tarball node-v16.14.0/include/node/openssl/evp.h</p><p>11:04:26 AM: npm ERR! gyp verb extracted file from tarball node-v16.14.0/include/node/openssl/hmac.h</p><p>11:04:26 AM: npm ERR! gyp verb extracted file from tarball node-v16.14.0/include/node/openssl/md5.h</p><p>11:04:26 AM: npm ERR! gyp verb extracted file from tarball node-v16.14.0/include/node/openssl/cms.h</p><p>11:04:26 AM: npm ERR! gyp verb extracted file from tarball node-v16.14.0/include/node/openssl/pem2.h</p><p>11:04:26 AM: npm ERR! gyp verb extracted file from tarball node-v16.14.0/include/node/openssl/srtp.h</p><p>11:04:26 AM: npm ERR! gyp verb extracted file from tarball node-v16.14.0/include/node/openssl/asn1t.h</p><p>11:04:26 AM: npm ERR! gyp verb extracted file from tarball node-v16.14.0/include/node/openssl/async.h</p><p>11:04:26 AM: npm ERR! gyp verb extracted file from tarball node-v16.14.0/include/node/openssl/asyncerr.h</p><p>11:04:26 AM: npm ERR! gyp verb extracted file from tarball node-v16.14.0/include/node/openssl/bio.h</p><p>11:04:26 AM: npm ERR! gyp verb extracted file from tarball node-v16.14.0/include/node/openssl/camellia.h</p><p>11:04:26 AM: npm ERR! gyp verb extracted file from tarball node-v16.14.0/include/node/openssl/aes.h</p><p>11:04:26 AM: npm ERR! gyp verb extracted file from tarball node-v16.14.0/include/node/openssl/asn1_mac.h</p><p>11:04:26 AM: npm ERR! gyp verb extracted file from tarball node-v16.14.0/include/node/openssl/bioerr.h</p><p>11:04:26 AM: npm ERR! gyp verb extracted file from tarball node-v16.14.0/include/node/openssl/blowfish.h</p><p>11:04:26 AM: npm ERR! gyp verb extracted file from tarball node-v16.14.0/include/node/openssl/bn.h</p><p>11:04:26 AM: npm ERR! gyp verb extracted file from tarball node-v16.14.0/include/node/openssl/bnerr.h</p><p>11:04:26 AM: npm ERR! gyp verb extracted file from tarball node-v16.14.0/include/node/openssl/buffererr.h</p><p>11:04:26 AM: npm ERR! gyp verb extracted file from tarball node-v16.14.0/include/node/openssl/cmserr.h</p><p>11:04:26 AM: npm ERR! gyp verb extracted file from tarball node-v16.14.0/include/node/openssl/comp.h</p><p>11:04:26 AM: npm ERR! gyp verb extracted file from tarball node-v16.14.0/include/node/openssl/comperr.h</p><p>11:04:26 AM: npm ERR! gyp verb extracted file from tarball node-v16.14.0/include/node/openssl/rc2.h</p><p>11:04:26 AM: npm ERR! gyp verb extracted file from tarball node-v16.14.0/include/node/openssl/conf.h</p><p>11:04:26 AM: npm ERR! gyp verb extracted file from tarball node-v16.14.0/include/node/openssl/conf_api.h</p><p>11:04:26 AM: npm ERR! gyp verb extracted file from tarball node-v16.14.0/include/node/openssl/conferr.h</p><p>11:04:26 AM: npm ERR! gyp verb extracted file from tarball node-v16.14.0/include/node/openssl/crypto.h</p><p>11:04:26 AM: npm ERR! gyp verb extracted file from tarball node-v16.14.0/include/node/openssl/cryptoerr.h</p><p>11:04:26 AM: npm ERR! gyp verb extracted file from tarball node-v16.14.0/include/node/openssl/ct.h</p><p>11:04:26 AM: npm ERR! gyp verb extracted file from tarball node-v16.14.0/include/node/openssl/cterr.h</p><p>11:04:26 AM: npm ERR! gyp verb extracted file from tarball node-v16.14.0/include/node/openssl/des.h</p><p>11:04:26 AM: npm ERR! gyp verb extracted file from tarball node-v16.14.0/include/node/openssl/ebcdic.h</p><p>11:04:26 AM: npm ERR! gyp verb extracted file from tarball node-v16.14.0/include/node/openssl/uierr.h</p><p>11:04:26 AM: npm ERR! gyp verb extracted file from tarball node-v16.14.0/include/node/openssl/asn1.h</p><p>11:04:26 AM: npm ERR! gyp verb extracted file from tarball node-v16.14.0/include/node/openssl/asn1err.h</p><p>11:04:26 AM: npm ERR! gyp verb extracted file from tarball node-v16.14.0/include/node/openssl/ec.h</p><p>11:04:26 AM: npm ERR! gyp verb extracted file from tarball node-v16.14.0/include/node/openssl/ecdh.h</p><p>11:04:26 AM: npm ERR! gyp verb extracted file from tarball node-v16.14.0/include/node/openssl/rc4.h</p><p>11:04:26 AM: npm ERR! gyp verb extracted file from tarball node-v16.14.0/include/node/openssl/archs/BSD-x86/asm/crypto/include/internal/bn_conf.h</p><p>11:04:26 AM: npm ERR! gyp verb extracted file from tarball node-v16.14.0/include/node/openssl/archs/BSD-x86/asm/crypto/include/internal/dso_conf.h</p><p>11:04:26 AM: npm ERR! gyp verb extracted file from tarball node-v16.14.0/include/node/openssl/archs/BSD-x86/asm/crypto/buildinf.h</p><p>11:04:26 AM: npm ERR! gyp verb extracted file from tarball node-v16.14.0/include/node/openssl/archs/BSD-x86/asm/include/openssl/opensslconf.h</p><p>11:04:26 AM: npm ERR! gyp verb extracted file from tarball node-v16.14.0/include/node/openssl/archs/BSD-x86/asm/include/progs.h</p><p>11:04:26 AM: npm ERR! gyp verb extracted file from tarball node-v16.14.0/include/node/openssl/archs/BSD-x86/asm_avx2/crypto/include/internal/bn_conf.h</p><p>11:04:26 AM: npm ERR! gyp verb extracted file from tarball node-v16.14.0/include/node/openssl/archs/BSD-x86/asm_avx2/crypto/include/internal/dso_conf.h</p><p>11:04:26 AM: npm ERR! gyp verb extracted file from tarball node-v16.14.0/include/node/openssl/archs/BSD-x86/asm_avx2/crypto/buildinf.h</p><p>11:04:26 AM: npm ERR! gyp verb extracted file from tarball node-v16.14.0/include/node/openssl/archs/BSD-x86/asm_avx2/include/openssl/opensslconf.h</p><p>11:04:26 AM: npm ERR! gyp verb extracted file from tarball node-v16.14.0/include/node/openssl/archs/BSD-x86/asm_avx2/include/progs.h</p><p>11:04:26 AM: npm ERR! gyp verb extracted file from tarball node-v16.14.0/include/node/openssl/archs/BSD-x86/no-asm/crypto/include/internal/bn_conf.h</p><p>11:04:26 AM: npm ERR! gyp verb extracted file from tarball node-v16.14.0/include/node/openssl/archs/BSD-x86/no-asm/crypto/include/internal/dso_conf.h</p><p>11:04:26 AM: npm ERR! gyp verb extracted file from tarball node-v16.14.0/include/node/openssl/archs/BSD-x86/no-asm/crypto/buildinf.h</p><p>11:04:26 AM: npm ERR! gyp verb extracted file from tarball node-v16.14.0/include/node/openssl/archs/BSD-x86/no-asm/include/openssl/opensslconf.h</p><p>11:04:26 AM: npm ERR! gyp verb extracted file from tarball node-v16.14.0/include/node/openssl/archs/BSD-x86/no-asm/include/progs.h</p><p>11:04:26 AM: npm ERR! gyp verb extracted file from tarball node-v16.14.0/include/node/openssl/archs/BSD-x86_64/asm/crypto/include/internal/bn_conf.h</p><p>11:04:26 AM: npm ERR! gyp verb extracted file from tarball node-v16.14.0/include/node/openssl/archs/BSD-x86_64/asm/crypto/include/internal/dso_conf.h</p><p>11:04:26 AM: npm ERR! gyp verb extracted file from tarball node-v16.14.0/include/node/openssl/archs/BSD-x86_64/asm/crypto/buildinf.h</p><p>11:04:26 AM: npm ERR! gyp verb extracted file from tarball node-v16.14.0/include/node/openssl/archs/BSD-x86_64/asm/include/openssl/opensslconf.h</p><p>11:04:26 AM: npm ERR! gyp verb extracted file from tarball node-v16.14.0/include/node/openssl/archs/BSD-x86_64/asm/include/progs.h</p><p>11:04:26 AM: npm ERR! gyp verb extracted file from tarball node-v16.14.0/include/node/openssl/archs/BSD-x86_64/asm_avx2/crypto/include/internal/bn_conf.h</p><p>11:04:26 AM: npm ERR! gyp verb extracted file from tarball node-v16.14.0/include/node/openssl/archs/BSD-x86_64/asm_avx2/crypto/include/internal/dso_conf.h</p><p>11:04:26 AM: npm ERR! gyp verb extracted file from tarball node-v16.14.0/include/node/openssl/archs/BSD-x86_64/asm_avx2/crypto/buildinf.h</p><p>11:04:26 AM: npm ERR! gyp verb extracted file from tarball node-v16.14.0/include/node/openssl/archs/BSD-x86_64/asm_avx2/include/openssl/opensslconf.h</p><p>11:04:26 AM: npm ERR! gyp verb extracted file from tarball node-v16.14.0/include/node/openssl/archs/BSD-x86_64/asm_avx2/include/progs.h</p><p>11:04:26 AM: npm ERR! gyp verb extracted file from tarball node-v16.14.0/include/node/openssl/archs/BSD-x86_64/no-asm/crypto/include/internal/bn_conf.h</p><p>11:04:26 AM: npm ERR! gyp verb extracted file from tarball node-v16.14.0/include/node/openssl/archs/BSD-x86_64/no-asm/crypto/include/internal/dso_conf.h</p><p>11:04:26 AM: npm ERR! gyp verb extracted file from tarball node-v16.14.0/include/node/openssl/archs/BSD-x86_64/no-asm/crypto/buildinf.h</p><p>11:04:26 AM: npm ERR! gyp verb extracted file from tarball node-v16.14.0/include/node/openssl/archs/BSD-x86_64/no-asm/include/openssl/opensslconf.h</p><p>11:04:26 AM: npm ERR! gyp verb extracted file from tarball node-v16.14.0/include/node/openssl/archs/BSD-x86_64/no-asm/include/progs.h</p><p>11:04:26 AM: npm ERR! gyp verb extracted file from tarball node-v16.14.0/include/node/openssl/archs/VC-WIN32/asm/crypto/include/internal/bn_conf.h</p><p>11:04:26 AM: npm ERR! gyp verb extracted file from tarball node-v16.14.0/include/node/openssl/archs/VC-WIN32/asm/crypto/include/internal/dso_conf.h</p><p>11:04:26 AM: npm ERR! gyp verb extracted file from tarball node-v16.14.0/include/node/openssl/archs/VC-WIN32/asm/crypto/buildinf.h</p><p>11:04:26 AM: npm ERR! gyp verb extracted file from tarball node-v16.14.0/include/node/openssl/archs/VC-WIN32/asm/include/openssl/opensslconf.h</p><p>11:04:26 AM: npm ERR! gyp verb extracted file from tarball node-v16.14.0/include/node/openssl/archs/VC-WIN32/asm/include/progs.h</p><p>11:04:26 AM: npm ERR! gyp verb extracted file from tarball node-v16.14.0/include/node/openssl/archs/VC-WIN32/asm_avx2/crypto/include/internal/bn_conf.h</p><p>11:04:26 AM: npm ERR! gyp verb extracted file from tarball node-v16.14.0/include/node/openssl/archs/VC-WIN32/asm_avx2/crypto/include/internal/dso_conf.h</p><p>11:04:26 AM: npm ERR! gyp verb extracted file from tarball node-v16.14.0/include/node/openssl/archs/VC-WIN32/asm_avx2/crypto/buildinf.h</p><p>11:04:26 AM: npm ERR! gyp verb extracted file from tarball node-v16.14.0/include/node/openssl/archs/VC-WIN32/asm_avx2/include/openssl/opensslconf.h</p><p>11:04:26 AM: npm ERR! gyp verb extracted file from tarball node-v16.14.0/include/node/openssl/archs/VC-WIN32/asm_avx2/include/progs.h</p><p>11:04:26 AM: npm ERR! gyp verb extracted file from tarball node-v16.14.0/include/node/openssl/archs/VC-WIN32/no-asm/crypto/include/internal/bn_conf.h</p><p>11:04:26 AM: npm ERR! gyp verb extracted file from tarball node-v16.14.0/include/node/openssl/archs/VC-WIN32/no-asm/crypto/include/internal/dso_conf.h</p><p>11:04:26 AM: npm ERR! gyp verb extracted file from tarball node-v16.14.0/include/node/openssl/archs/VC-WIN32/no-asm/crypto/buildinf.h</p><p>11:04:26 AM: npm ERR! gyp verb extracted file from tarball node-v16.14.0/include/node/openssl/archs/VC-WIN32/no-asm/include/openssl/opensslconf.h</p><p>11:04:26 AM: npm ERR! gyp verb extracted file from tarball node-v16.14.0/include/node/openssl/archs/VC-WIN32/no-asm/include/progs.h</p><p>11:04:26 AM: npm ERR! gyp verb extracted file from tarball node-v16.14.0/include/node/openssl/archs/VC-WIN64-ARM/no-asm/crypto/include/internal/bn_conf.h</p><p>11:04:26 AM: npm ERR! gyp verb extracted file from tarball node-v16.14.0/include/node/openssl/archs/VC-WIN64-ARM/no-asm/crypto/include/internal/dso_conf.h</p><p>11:04:26 AM: npm ERR! gyp verb extracted file from tarball node-v16.14.0/include/node/openssl/archs/VC-WIN64-ARM/no-asm/crypto/buildinf.h</p><p>11:04:26 AM: npm ERR! gyp verb extracted file from tarball node-v16.14.0/include/node/openssl/archs/VC-WIN64-ARM/no-asm/include/openssl/opensslconf.h</p><p>11:04:26 AM: npm ERR! gyp verb extracted file from tarball node-v16.14.0/include/node/openssl/archs/VC-WIN64-ARM/no-asm/include/progs.h</p><p>11:04:26 AM: npm ERR! gyp verb extracted file from tarball node-v16.14.0/include/node/openssl/archs/VC-WIN64A/asm/crypto/include/internal/bn_conf.h</p><p>11:04:26 AM: npm ERR! gyp verb extracted file from tarball node-v16.14.0/include/node/openssl/archs/VC-WIN64A/asm/crypto/include/internal/dso_conf.h</p><p>11:04:26 AM: npm ERR! gyp verb extracted file from tarball node-v16.14.0/include/node/openssl/archs/VC-WIN64A/asm/crypto/buildinf.h</p><p>11:04:26 AM: npm ERR! gyp verb extracted file from tarball node-v16.14.0/include/node/openssl/archs/VC-WIN64A/asm/include/openssl/opensslconf.h</p><p>11:04:26 AM: npm ERR! gyp verb extracted file from tarball node-v16.14.0/include/node/openssl/archs/VC-WIN64A/asm/include/progs.h</p><p>11:04:26 AM: npm ERR! gyp verb extracted file from tarball node-v16.14.0/include/node/openssl/archs/VC-WIN64A/asm_avx2/crypto/include/internal/bn_conf.h</p><p>11:04:26 AM: npm ERR! gyp verb extracted file from tarball node-v16.14.0/include/node/openssl/archs/VC-WIN64A/asm_avx2/crypto/include/internal/dso_conf.h</p><p>11:04:26 AM: npm ERR! gyp verb extracted file from tarball node-v16.14.0/include/node/openssl/archs/VC-WIN64A/asm_avx2/crypto/buildinf.h</p><p>11:04:26 AM: npm ERR! gyp verb extracted file from tarball node-v16.14.0/include/node/openssl/archs/VC-WIN64A/asm_avx2/include/openssl/opensslconf.h</p><p>11:04:26 AM: npm ERR! gyp verb extracted file from tarball node-v16.14.0/include/node/openssl/archs/VC-WIN64A/asm_avx2/include/progs.h</p><p>11:04:26 AM: npm ERR! gyp verb extracted file from tarball node-v16.14.0/include/node/openssl/archs/VC-WIN64A/no-asm/crypto/include/internal/bn_conf.h</p><p>11:04:26 AM: npm ERR! gyp verb extracted file from tarball node-v16.14.0/include/node/openssl/archs/VC-WIN64A/no-asm/crypto/include/internal/dso_conf.h</p><p>11:04:26 AM: npm ERR! gyp verb extracted file from tarball node-v16.14.0/include/node/openssl/archs/VC-WIN64A/no-asm/crypto/buildinf.h</p><p>11:04:26 AM: npm ERR! gyp verb extracted file from tarball node-v16.14.0/include/node/openssl/archs/VC-WIN64A/no-asm/include/openssl/opensslconf.h</p><p>11:04:26 AM: npm ERR! gyp verb extracted file from tarball node-v16.14.0/include/node/openssl/archs/VC-WIN64A/no-asm/include/progs.h</p><p>11:04:26 AM: npm ERR! gyp verb extracted file from tarball node-v16.14.0/include/node/openssl/archs/aix-gcc/asm/crypto/include/internal/bn_conf.h</p><p>11:04:26 AM: npm ERR! gyp verb extracted file from tarball node-v16.14.0/include/node/openssl/archs/aix-gcc/asm/crypto/include/internal/dso_conf.h</p><p>11:04:26 AM: npm ERR! gyp verb extracted file from tarball node-v16.14.0/include/node/openssl/archs/aix-gcc/asm/crypto/buildinf.h</p><p>11:04:26 AM: npm ERR! gyp verb extracted file from tarball node-v16.14.0/include/node/openssl/archs/aix-gcc/asm/include/openssl/opensslconf.h</p><p>11:04:26 AM: npm ERR! gyp verb extracted file from tarball node-v16.14.0/include/node/openssl/archs/aix-gcc/asm/include/progs.h</p><p>11:04:26 AM: npm ERR! gyp verb extracted file from tarball node-v16.14.0/include/node/openssl/archs/aix-gcc/asm_avx2/crypto/include/internal/bn_conf.h</p><p>11:04:26 AM: npm ERR! gyp verb extracted file from tarball node-v16.14.0/include/node/openssl/archs/aix-gcc/asm_avx2/crypto/include/internal/dso_conf.h</p><p>11:04:26 AM: npm ERR! gyp verb extracted file from tarball node-v16.14.0/include/node/openssl/archs/aix-gcc/asm_avx2/crypto/buildinf.h</p><p>11:04:26 AM: npm ERR! gyp verb extracted file from tarball node-v16.14.0/include/node/openssl/archs/aix-gcc/asm_avx2/include/openssl/opensslconf.h</p><p>11:04:26 AM: npm ERR! gyp verb extracted file from tarball node-v16.14.0/include/node/openssl/archs/aix-gcc/asm_avx2/include/progs.h</p><p>11:04:26 AM: npm ERR! gyp verb extracted file from tarball node-v16.14.0/include/node/openssl/archs/aix-gcc/no-asm/crypto/include/internal/bn_conf.h</p><p>11:04:26 AM: npm ERR! gyp verb extracted file from tarball node-v16.14.0/include/node/openssl/archs/aix-gcc/no-asm/crypto/include/internal/dso_conf.h</p><p>11:04:26 AM: npm ERR! gyp verb extracted file from tarball node-v16.14.0/include/node/openssl/archs/aix-gcc/no-asm/crypto/buildinf.h</p><p>11:04:26 AM: npm ERR! gyp verb extracted file from tarball node-v16.14.0/include/node/openssl/archs/aix-gcc/no-asm/include/openssl/opensslconf.h</p><p>11:04:26 AM: npm ERR! gyp verb extracted file from tarball node-v16.14.0/include/node/openssl/archs/aix-gcc/no-asm/include/progs.h</p><p>11:04:26 AM: npm ERR! gyp verb extracted file from tarball node-v16.14.0/include/node/openssl/archs/aix64-gcc/asm/crypto/include/internal/bn_conf.h</p><p>11:04:26 AM: npm ERR! gyp verb extracted file from tarball node-v16.14.0/include/node/openssl/archs/aix64-gcc/asm/crypto/include/internal/dso_conf.h</p><p>11:04:26 AM: npm ERR! gyp verb extracted file from tarball node-v16.14.0/include/node/openssl/archs/aix64-gcc/asm/crypto/buildinf.h</p><p>11:04:26 AM: npm ERR! gyp verb extracted file from tarball node-v16.14.0/include/node/openssl/archs/aix64-gcc/asm/include/openssl/opensslconf.h</p><p>11:04:26 AM: npm ERR! gyp verb extracted file from tarball node-v16.14.0/include/node/openssl/archs/aix64-gcc/asm/include/progs.h</p><p>11:04:26 AM: npm ERR! gyp verb extracted file from tarball node-v16.14.0/include/node/openssl/archs/aix64-gcc/asm_avx2/crypto/include/internal/bn_conf.h</p><p>11:04:26 AM: npm ERR! gyp verb extracted file from tarball node-v16.14.0/include/node/openssl/archs/aix64-gcc/asm_avx2/crypto/include/internal/dso_conf.h</p><p>11:04:26 AM: npm ERR! gyp verb extracted file from tarball node-v16.14.0/include/node/openssl/archs/aix64-gcc/asm_avx2/crypto/buildinf.h</p><p>11:04:26 AM: npm ERR! gyp verb extracted file from tarball node-v16.14.0/include/node/openssl/archs/aix64-gcc/asm_avx2/include/openssl/opensslconf.h</p><p>11:04:26 AM: npm ERR! gyp verb extracted file from tarball node-v16.14.0/include/node/openssl/archs/aix64-gcc/asm_avx2/include/progs.h</p><p>11:04:26 AM: npm ERR! gyp verb extracted file from tarball node-v16.14.0/include/node/openssl/archs/aix64-gcc/no-asm/crypto/include/internal/bn_conf.h</p><p>11:04:26 AM: npm ERR! gyp verb extracted file from tarball node-v16.14.0/include/node/openssl/archs/aix64-gcc/no-asm/crypto/include/internal/dso_conf.h</p><p>11:04:26 AM: npm ERR! gyp verb extracted file from tarball node-v16.14.0/include/node/openssl/archs/aix64-gcc/no-asm/crypto/buildinf.h</p><p>11:04:26 AM: npm ERR! gyp verb extracted file from tarball node-v16.14.0/include/node/openssl/archs/aix64-gcc/no-asm/include/openssl/opensslconf.h</p><p>11:04:26 AM: npm ERR! gyp verb extracted file from tarball node-v16.14.0/include/node/openssl/archs/aix64-gcc/no-asm/include/progs.h</p><p>11:04:26 AM: npm ERR! gyp verb extracted file from tarball node-v16.14.0/include/node/openssl/archs/darwin-i386-cc/asm/crypto/include/internal/bn_conf.h</p><p>11:04:26 AM: npm ERR! gyp verb extracted file from tarball node-v16.14.0/include/node/openssl/archs/darwin-i386-cc/asm/crypto/include/internal/dso_conf.h</p><p>11:04:26 AM: npm ERR! gyp verb extracted file from tarball node-v16.14.0/include/node/openssl/archs/darwin-i386-cc/asm/crypto/buildinf.h</p><p>11:04:26 AM: npm ERR! gyp verb extracted file from tarball node-v16.14.0/include/node/openssl/archs/darwin-i386-cc/asm/include/openssl/opensslconf.h</p><p>11:04:26 AM: npm ERR! gyp verb extracted file from tarball node-v16.14.0/include/node/openssl/archs/darwin-i386-cc/asm/include/progs.h</p><p>11:04:26 AM: npm ERR! gyp verb extracted file from tarball node-v16.14.0/include/node/openssl/archs/darwin-i386-cc/asm_avx2/crypto/include/internal/bn_conf.h</p><p>11:04:26 AM: npm ERR! gyp verb extracted file from tarball node-v16.14.0/include/node/openssl/archs/darwin-i386-cc/asm_avx2/crypto/include/internal/dso_conf.h</p><p>11:04:26 AM: npm ERR! gyp verb extracted file from tarball node-v16.14.0/include/node/openssl/archs/darwin-i386-cc/asm_avx2/crypto/buildinf.h</p><p>11:04:26 AM: npm ERR! gyp verb extracted file from tarball node-v16.14.0/include/node/openssl/archs/darwin-i386-cc/asm_avx2/include/openssl/opensslconf.h</p><p>11:04:26 AM: npm ERR! gyp verb extracted file from tarball node-v16.14.0/include/node/openssl/archs/darwin-i386-cc/asm_avx2/include/progs.h</p><p>11:04:26 AM: npm ERR! gyp verb extracted file from tarball node-v16.14.0/include/node/openssl/archs/darwin-i386-cc/no-asm/crypto/include/internal/bn_conf.h</p><p>11:04:26 AM: npm ERR! gyp verb extracted file from tarball node-v16.14.0/include/node/openssl/archs/darwin-i386-cc/no-asm/crypto/include/internal/dso_conf.h</p><p>11:04:26 AM: npm ERR! gyp verb extracted file from tarball node-v16.14.0/include/node/openssl/archs/darwin-i386-cc/no-asm/crypto/buildinf.h</p><p>11:04:26 AM: npm ERR! gyp verb extracted file from tarball node-v16.14.0/include/node/openssl/archs/darwin-i386-cc/no-asm/include/openssl/opensslconf.h</p><p>11:04:26 AM: npm ERR! gyp verb extracted file from tarball node-v16.14.0/include/node/openssl/archs/darwin-i386-cc/no-asm/include/progs.h</p><p>11:04:26 AM: npm ERR! gyp verb extracted file from tarball node-v16.14.0/include/node/openssl/archs/darwin64-arm64-cc/asm/crypto/include/internal/bn_conf.h</p><p>11:04:26 AM: npm ERR! gyp verb extracted file from tarball node-v16.14.0/include/node/openssl/archs/darwin64-arm64-cc/asm/crypto/include/internal/dso_conf.h</p><p>11:04:26 AM: npm ERR! gyp verb extracted file from tarball node-v16.14.0/include/node/openssl/archs/darwin64-arm64-cc/asm/crypto/buildinf.h</p><p>11:04:26 AM: npm ERR! gyp verb extracted file from tarball node-v16.14.0/include/node/openssl/archs/darwin64-arm64-cc/asm/include/openssl/opensslconf.h</p><p>11:04:26 AM: npm ERR! gyp verb extracted file from tarball node-v16.14.0/include/node/openssl/archs/darwin64-arm64-cc/asm/include/progs.h</p><p>11:04:26 AM: npm ERR! gyp verb extracted file from tarball node-v16.14.0/include/node/openssl/archs/darwin64-arm64-cc/asm_avx2/crypto/include/internal/bn_conf.h</p><p>11:04:26 AM: npm ERR! gyp verb extracted file from tarball node-v16.14.0/include/node/openssl/archs/darwin64-arm64-cc/asm_avx2/crypto/include/internal/dso_conf.h</p><p>11:04:26 AM: npm ERR! gyp verb extracted file from tarball node-v16.14.0/include/node/openssl/archs/darwin64-arm64-cc/asm_avx2/crypto/buildinf.h</p><p>11:04:26 AM: npm ERR! gyp verb extracted file from tarball node-v16.14.0/include/node/openssl/archs/darwin64-arm64-cc/asm_avx2/include/openssl/opensslconf.h</p><p>11:04:26 AM: npm ERR! gyp verb extracted file from tarball node-v16.14.0/include/node/openssl/archs/darwin64-arm64-cc/asm_avx2/include/progs.h</p><p>11:04:26 AM: npm ERR! gyp verb extracted file from tarball node-v16.14.0/include/node/openssl/archs/darwin64-arm64-cc/no-asm/crypto/include/internal/bn_conf.h</p><p>11:04:26 AM: npm ERR! gyp verb extracted file from tarball node-v16.14.0/include/node/openssl/archs/darwin64-arm64-cc/no-asm/crypto/include/internal/dso_conf.h</p><p>11:04:26 AM: npm ERR! gyp verb extracted file from tarball node-v16.14.0/include/node/openssl/archs/darwin64-arm64-cc/no-asm/crypto/buildinf.h</p><p>11:04:26 AM: npm ERR! gyp verb extracted file from tarball node-v16.14.0/include/node/openssl/archs/darwin64-arm64-cc/no-asm/include/openssl/opensslconf.h</p><p>11:04:26 AM: npm ERR! gyp verb extracted file from tarball node-v16.14.0/include/node/openssl/archs/darwin64-arm64-cc/no-asm/include/progs.h</p><p>11:04:26 AM: npm ERR! gyp verb extracted file from tarball node-v16.14.0/include/node/openssl/archs/darwin64-x86_64-cc/asm/crypto/include/internal/bn_conf.h</p><p>11:04:26 AM: npm ERR! gyp verb extracted file from tarball node-v16.14.0/include/node/openssl/archs/darwin64-x86_64-cc/asm/crypto/include/internal/dso_conf.h</p><p>11:04:26 AM: npm ERR! gyp verb extracted file from tarball node-v16.14.0/include/node/openssl/archs/darwin64-x86_64-cc/asm/crypto/buildinf.h</p><p>11:04:26 AM: npm ERR! gyp verb extracted file from tarball node-v16.14.0/include/node/openssl/archs/darwin64-x86_64-cc/asm/include/openssl/opensslconf.h</p><p>11:04:26 AM: npm ERR! gyp verb extracted file from tarball node-v16.14.0/include/node/openssl/archs/darwin64-x86_64-cc/asm/include/progs.h</p><p>11:04:26 AM: npm ERR! gyp verb extracted file from tarball node-v16.14.0/include/node/openssl/archs/darwin64-x86_64-cc/asm_avx2/crypto/include/internal/bn_conf.h</p><p>11:04:26 AM: npm ERR! gyp verb extracted file from tarball node-v16.14.0/include/node/openssl/archs/darwin64-x86_64-cc/asm_avx2/crypto/include/internal/dso_conf.h</p><p>11:04:26 AM: npm ERR! gyp verb extracted file from tarball node-v16.14.0/include/node/openssl/archs/darwin64-x86_64-cc/asm_avx2/crypto/buildinf.h</p><p>11:04:26 AM: npm ERR! gyp verb extracted file from tarball node-v16.14.0/include/node/openssl/archs/darwin64-x86_64-cc/asm_avx2/include/openssl/opensslconf.h</p><p>11:04:26 AM: npm ERR! gyp verb extracted file from tarball node-v16.14.0/include/node/openssl/archs/darwin64-x86_64-cc/asm_avx2/include/progs.h</p><p>11:04:26 AM: npm ERR! gyp verb extracted file from tarball node-v16.14.0/include/node/openssl/archs/darwin64-x86_64-cc/no-asm/crypto/include/internal/bn_conf.h</p><p>11:04:26 AM: npm ERR! gyp verb extracted file from tarball node-v16.14.0/include/node/openssl/archs/darwin64-x86_64-cc/no-asm/crypto/include/internal/dso_conf.h</p><p>11:04:26 AM: npm ERR! gyp verb extracted file from tarball node-v16.14.0/include/node/openssl/archs/darwin64-x86_64-cc/no-asm/crypto/buildinf.h</p><p>11:04:26 AM: npm ERR! gyp verb extracted file from tarball node-v16.14.0/include/node/openssl/archs/darwin64-x86_64-cc/no-asm/include/openssl/opensslconf.h</p><p>11:04:26 AM: npm ERR! gyp verb extracted file from tarball node-v16.14.0/include/node/openssl/archs/darwin64-x86_64-cc/no-asm/include/progs.h</p><p>11:04:26 AM: npm ERR! gyp verb extracted file from tarball node-v16.14.0/include/node/openssl/archs/linux-aarch64/asm/crypto/include/internal/bn_conf.h</p><p>11:04:26 AM: npm ERR! gyp verb extracted file from tarball node-v16.14.0/include/node/openssl/archs/linux-aarch64/asm/crypto/include/internal/dso_conf.h</p><p>11:04:26 AM: npm ERR! gyp verb extracted file from tarball node-v16.14.0/include/node/openssl/archs/linux-aarch64/asm/crypto/buildinf.h</p><p>11:04:26 AM: npm ERR! gyp verb extracted file from tarball node-v16.14.0/include/node/openssl/archs/linux-aarch64/asm/include/openssl/opensslconf.h</p><p>11:04:26 AM: npm ERR! gyp verb extracted file from tarball node-v16.14.0/include/node/openssl/archs/linux-aarch64/asm/include/progs.h</p><p>11:04:26 AM: npm ERR! gyp verb extracted file from tarball node-v16.14.0/include/node/openssl/archs/linux-aarch64/asm_avx2/crypto/include/internal/bn_conf.h</p><p>11:04:26 AM: npm ERR! gyp verb extracted file from tarball node-v16.14.0/include/node/openssl/archs/linux-aarch64/asm_avx2/crypto/include/internal/dso_conf.h</p><p>11:04:26 AM: npm ERR! gyp verb extracted file from tarball node-v16.14.0/include/node/openssl/archs/linux-aarch64/asm_avx2/crypto/buildinf.h</p><p>11:04:26 AM: npm ERR! gyp verb extracted file from tarball node-v16.14.0/include/node/openssl/archs/linux-aarch64/asm_avx2/include/openssl/opensslconf.h</p><p>11:04:26 AM: npm ERR! gyp verb extracted file from tarball node-v16.14.0/include/node/openssl/archs/linux-aarch64/asm_avx2/include/progs.h</p><p>11:04:26 AM: npm ERR! gyp verb extracted file from tarball node-v16.14.0/include/node/openssl/archs/linux-aarch64/no-asm/crypto/include/internal/bn_conf.h</p><p>11:04:26 AM: npm ERR! gyp verb extracted file from tarball node-v16.14.0/include/node/openssl/archs/linux-aarch64/no-asm/crypto/include/internal/dso_conf.h</p><p>11:04:26 AM: npm ERR! gyp verb extracted file from tarball node-v16.14.0/include/node/openssl/archs/linux-aarch64/no-asm/crypto/buildinf.h</p><p>11:04:26 AM: npm ERR! gyp verb extracted file from tarball node-v16.14.0/include/node/openssl/archs/linux-aarch64/no-asm/include/openssl/opensslconf.h</p><p>11:04:26 AM: npm ERR! gyp verb extracted file from tarball node-v16.14.0/include/node/openssl/archs/linux-aarch64/no-asm/include/progs.h</p><p>11:04:26 AM: npm ERR! gyp verb extracted file from tarball node-v16.14.0/include/node/openssl/archs/linux-armv4/asm/crypto/include/internal/bn_conf.h</p><p>11:04:26 AM: npm ERR! gyp verb extracted file from tarball node-v16.14.0/include/node/openssl/archs/linux-armv4/asm/crypto/include/internal/dso_conf.h</p><p>11:04:26 AM: npm ERR! gyp verb extracted file from tarball node-v16.14.0/include/node/openssl/archs/linux-armv4/asm/crypto/buildinf.h</p><p>11:04:26 AM: npm ERR! gyp verb extracted file from tarball node-v16.14.0/include/node/openssl/archs/linux-armv4/asm/include/openssl/opensslconf.h</p><p>11:04:26 AM: npm ERR! gyp verb extracted file from tarball node-v16.14.0/include/node/openssl/archs/linux-armv4/asm/include/progs.h</p><p>11:04:26 AM: npm ERR! gyp verb extracted file from tarball node-v16.14.0/include/node/openssl/archs/linux-armv4/asm_avx2/crypto/include/internal/bn_conf.h</p><p>11:04:26 AM: npm ERR! gyp verb extracted file from tarball node-v16.14.0/include/node/openssl/archs/linux-armv4/asm_avx2/crypto/include/internal/dso_conf.h</p><p>11:04:26 AM: npm ERR! gyp verb extracted file from tarball node-v16.14.0/include/node/openssl/archs/linux-armv4/asm_avx2/crypto/buildinf.h</p><p>11:04:26 AM: npm ERR! gyp verb extracted file from tarball node-v16.14.0/include/node/openssl/archs/linux-armv4/asm_avx2/include/openssl/opensslconf.h</p><p>11:04:26 AM: npm ERR! gyp verb extracted file from tarball node-v16.14.0/include/node/openssl/archs/linux-armv4/asm_avx2/include/progs.h</p><p>11:04:26 AM: npm ERR! gyp verb extracted file from tarball node-v16.14.0/include/node/openssl/archs/linux-armv4/no-asm/crypto/include/internal/bn_conf.h</p><p>11:04:26 AM: npm ERR! gyp verb extracted file from tarball node-v16.14.0/include/node/openssl/archs/linux-armv4/no-asm/crypto/include/internal/dso_conf.h</p><p>11:04:26 AM: npm ERR! gyp verb extracted file from tarball node-v16.14.0/include/node/openssl/archs/linux-armv4/no-asm/crypto/buildinf.h</p><p>11:04:26 AM: npm ERR! gyp verb extracted file from tarball node-v16.14.0/include/node/openssl/archs/linux-armv4/no-asm/include/openssl/opensslconf.h</p><p>11:04:26 AM: npm ERR! gyp verb extracted file from tarball node-v16.14.0/include/node/openssl/archs/linux-armv4/no-asm/include/progs.h</p><p>11:04:26 AM: npm ERR! gyp verb extracted file from tarball node-v16.14.0/include/node/openssl/archs/linux-elf/asm/crypto/include/internal/bn_conf.h</p><p>11:04:26 AM: npm ERR! gyp verb extracted file from tarball node-v16.14.0/include/node/openssl/archs/linux-elf/asm/crypto/include/internal/dso_conf.h</p><p>11:04:26 AM: npm ERR! gyp verb extracted file from tarball node-v16.14.0/include/node/openssl/archs/linux-elf/asm/crypto/buildinf.h</p><p>11:04:26 AM: npm ERR! gyp verb extracted file from tarball node-v16.14.0/include/node/openssl/archs/linux-elf/asm/include/openssl/opensslconf.h</p><p>11:04:26 AM: npm ERR! gyp verb extracted file from tarball node-v16.14.0/include/node/openssl/archs/linux-elf/asm/include/progs.h</p><p>11:04:26 AM: npm ERR! gyp verb extracted file from tarball node-v16.14.0/include/node/openssl/archs/linux-elf/asm_avx2/crypto/include/internal/bn_conf.h</p><p>11:04:26 AM: npm ERR! gyp verb extracted file from tarball node-v16.14.0/include/node/openssl/archs/linux-elf/asm_avx2/crypto/include/internal/dso_conf.h</p><p>11:04:26 AM: npm ERR! gyp verb extracted file from tarball node-v16.14.0/include/node/openssl/archs/linux-elf/asm_avx2/crypto/buildinf.h</p><p>11:04:26 AM: npm ERR! gyp verb extracted file from tarball node-v16.14.0/include/node/openssl/archs/linux-elf/asm_avx2/include/openssl/opensslconf.h</p><p>11:04:26 AM: npm ERR! gyp verb extracted file from tarball node-v16.14.0/include/node/openssl/archs/linux-elf/asm_avx2/include/progs.h</p><p>11:04:26 AM: npm ERR! gyp verb extracted file from tarball node-v16.14.0/include/node/openssl/archs/linux-elf/no-asm/crypto/include/internal/bn_conf.h</p><p>11:04:26 AM: npm ERR! gyp verb extracted file from tarball node-v16.14.0/include/node/openssl/archs/linux-elf/no-asm/crypto/include/internal/dso_conf.h</p><p>11:04:26 AM: npm ERR! gyp verb extracted file from tarball node-v16.14.0/include/node/openssl/archs/linux-elf/no-asm/crypto/buildinf.h</p><p>11:04:26 AM: npm ERR! gyp verb extracted file from tarball node-v16.14.0/include/node/openssl/archs/linux-elf/no-asm/include/openssl/opensslconf.h</p><p>11:04:26 AM: npm ERR! gyp verb extracted file from tarball node-v16.14.0/include/node/openssl/archs/linux-elf/no-asm/include/progs.h</p><p>11:04:26 AM: npm ERR! gyp verb extracted file from tarball node-v16.14.0/include/node/openssl/archs/linux-ppc/asm/crypto/include/internal/bn_conf.h</p><p>11:04:26 AM: npm ERR! gyp verb extracted file from tarball node-v16.14.0/include/node/openssl/archs/linux-ppc/asm/crypto/include/internal/dso_conf.h</p><p>11:04:26 AM: npm ERR! gyp verb extracted file from tarball node-v16.14.0/include/node/openssl/archs/linux-ppc/asm/crypto/buildinf.h</p><p>11:04:26 AM: npm ERR! gyp verb extracted file from tarball node-v16.14.0/include/node/openssl/archs/linux-ppc/asm/include/openssl/opensslconf.h</p><p>11:04:26 AM: npm ERR! gyp verb extracted file from tarball node-v16.14.0/include/node/openssl/archs/linux-ppc/asm/include/progs.h</p><p>11:04:26 AM: npm ERR! gyp verb extracted file from tarball node-v16.14.0/include/node/openssl/archs/linux-ppc/asm_avx2/crypto/include/internal/bn_conf.h</p><p>11:04:26 AM: npm ERR! gyp verb extracted file from tarball node-v16.14.0/include/node/openssl/archs/linux-ppc/asm_avx2/crypto/include/internal/dso_conf.h</p><p>11:04:26 AM: npm ERR! gyp verb extracted file from tarball node-v16.14.0/include/node/openssl/archs/linux-ppc/asm_avx2/crypto/buildinf.h</p><p>11:04:26 AM: npm ERR! gyp verb extracted file from tarball node-v16.14.0/include/node/openssl/archs/linux-ppc/asm_avx2/include/openssl/opensslconf.h</p><p>11:04:26 AM: npm ERR! gyp verb extracted file from tarball node-v16.14.0/include/node/openssl/archs/linux-ppc/asm_avx2/include/progs.h</p><p>11:04:26 AM: npm ERR! gyp verb extracted file from tarball node-v16.14.0/include/node/openssl/archs/linux-ppc/no-asm/crypto/include/internal/bn_conf.h</p><p>11:04:26 AM: npm ERR! gyp verb extracted file from tarball node-v16.14.0/include/node/openssl/archs/linux-ppc/no-asm/crypto/include/internal/dso_conf.h</p><p>11:04:26 AM: npm ERR! gyp verb extracted file from tarball node-v16.14.0/include/node/openssl/archs/linux-ppc/no-asm/crypto/buildinf.h</p><p>11:04:26 AM: npm ERR! gyp verb extracted file from tarball node-v16.14.0/include/node/openssl/archs/linux-ppc/no-asm/include/openssl/opensslconf.h</p><p>11:04:26 AM: npm ERR! gyp verb extracted file from tarball node-v16.14.0/include/node/openssl/archs/linux-ppc/no-asm/include/progs.h</p><p>11:04:26 AM: npm ERR! gyp verb extracted file from tarball node-v16.14.0/include/node/openssl/archs/linux-ppc64/asm/crypto/include/internal/bn_conf.h</p><p>11:04:26 AM: npm ERR! gyp verb extracted file from tarball node-v16.14.0/include/node/openssl/archs/linux-ppc64/asm/crypto/include/internal/dso_conf.h</p><p>11:04:26 AM: npm ERR! gyp verb extracted file from tarball node-v16.14.0/include/node/openssl/archs/linux-ppc64/asm/crypto/buildinf.h</p><p>11:04:26 AM: npm ERR! gyp verb extracted file from tarball node-v16.14.0/include/node/openssl/archs/linux-ppc64/asm/include/openssl/opensslconf.h</p><p>11:04:26 AM: npm ERR! gyp verb extracted file from tarball node-v16.14.0/include/node/openssl/archs/linux-ppc64/asm/include/progs.h</p><p>11:04:26 AM: npm ERR! gyp verb extracted file from tarball node-v16.14.0/include/node/openssl/archs/linux-ppc64/asm_avx2/crypto/include/internal/bn_conf.h</p><p>11:04:26 AM: npm ERR! gyp verb extracted file from tarball node-v16.14.0/include/node/openssl/archs/linux-ppc64/asm_avx2/crypto/include/internal/dso_conf.h</p><p>11:04:26 AM: npm ERR! gyp verb extracted file from tarball node-v16.14.0/include/node/openssl/archs/linux-ppc64/asm_avx2/crypto/buildinf.h</p><p>11:04:26 AM: npm ERR! gyp verb extracted file from tarball node-v16.14.0/include/node/openssl/archs/linux-ppc64/asm_avx2/include/openssl/opensslconf.h</p><p>11:04:26 AM: npm ERR! gyp verb extracted file from tarball node-v16.14.0/include/node/openssl/archs/linux-ppc64/asm_avx2/include/progs.h</p><p>11:04:26 AM: npm ERR! gyp verb extracted file from tarball node-v16.14.0/include/node/openssl/archs/linux-ppc64/no-asm/crypto/include/internal/bn_conf.h</p><p>11:04:26 AM: npm ERR! gyp verb extracted file from tarball node-v16.14.0/include/node/openssl/archs/linux-ppc64/no-asm/crypto/include/internal/dso_conf.h</p><p>11:04:26 AM: npm ERR! gyp verb extracted file from tarball node-v16.14.0/include/node/openssl/archs/linux-ppc64/no-asm/crypto/buildinf.h</p><p>11:04:26 AM: npm ERR! gyp verb extracted file from tarball node-v16.14.0/include/node/openssl/archs/linux-ppc64/no-asm/include/openssl/opensslconf.h</p><p>11:04:26 AM: npm ERR! gyp verb extracted file from tarball node-v16.14.0/include/node/openssl/archs/linux-ppc64/no-asm/include/progs.h</p><p>11:04:26 AM: npm ERR! gyp verb extracted file from tarball node-v16.14.0/include/node/openssl/archs/linux-ppc64le/asm/crypto/include/internal/bn_conf.h</p><p>11:04:26 AM: npm ERR! gyp verb extracted file from tarball node-v16.14.0/include/node/openssl/archs/linux-ppc64le/asm/crypto/include/internal/dso_conf.h</p><p>11:04:26 AM: npm ERR! gyp verb extracted file from tarball node-v16.14.0/include/node/openssl/archs/linux-ppc64le/asm/crypto/buildinf.h</p><p>11:04:26 AM: npm ERR! gyp verb extracted file from tarball node-v16.14.0/include/node/openssl/archs/linux-ppc64le/asm/include/openssl/opensslconf.h</p><p>11:04:26 AM: npm ERR! gyp verb extracted file from tarball node-v16.14.0/include/node/openssl/archs/linux-ppc64le/asm/include/progs.h</p><p>11:04:26 AM: npm ERR! gyp verb extracted file from tarball node-v16.14.0/include/node/openssl/archs/linux-ppc64le/asm_avx2/crypto/include/internal/bn_conf.h</p><p>11:04:26 AM: npm ERR! gyp verb extracted file from tarball node-v16.14.0/include/node/openssl/archs/linux-ppc64le/asm_avx2/crypto/include/internal/dso_conf.h</p><p>11:04:26 AM: npm ERR! gyp verb extracted file from tarball node-v16.14.0/include/node/openssl/archs/linux-ppc64le/asm_avx2/crypto/buildinf.h</p><p>11:04:26 AM: npm ERR! gyp verb extracted file from tarball node-v16.14.0/include/node/openssl/archs/linux-ppc64le/asm_avx2/include/openssl/opensslconf.h</p><p>11:04:26 AM: npm ERR! gyp verb extracted file from tarball node-v16.14.0/include/node/openssl/archs/linux-ppc64le/asm_avx2/include/progs.h</p><p>11:04:26 AM: npm ERR! gyp verb extracted file from tarball node-v16.14.0/include/node/openssl/archs/linux-ppc64le/no-asm/crypto/include/internal/bn_conf.h</p><p>11:04:26 AM: npm ERR! gyp verb extracted file from tarball node-v16.14.0/include/node/openssl/archs/linux-ppc64le/no-asm/crypto/include/internal/dso_conf.h</p><p>11:04:26 AM: npm ERR! gyp verb extracted file from tarball node-v16.14.0/include/node/openssl/archs/linux-ppc64le/no-asm/crypto/buildinf.h</p><p>11:04:26 AM: npm ERR! gyp verb extracted file from tarball node-v16.14.0/include/node/openssl/archs/linux-ppc64le/no-asm/include/openssl/opensslconf.h</p><p>11:04:26 AM: npm ERR! gyp verb extracted file from tarball node-v16.14.0/include/node/openssl/archs/linux-ppc64le/no-asm/include/progs.h</p><p>11:04:26 AM: npm ERR! gyp verb extracted file from tarball node-v16.14.0/include/node/openssl/archs/linux-x32/asm/crypto/include/internal/bn_conf.h</p><p>11:04:26 AM: npm ERR! gyp verb extracted file from tarball node-v16.14.0/include/node/openssl/archs/linux-x32/asm/crypto/include/internal/dso_conf.h</p><p>11:04:26 AM: npm ERR! gyp verb extracted file from tarball node-v16.14.0/include/node/openssl/archs/linux-x32/asm/crypto/buildinf.h</p><p>11:04:26 AM: npm ERR! gyp verb extracted file from tarball node-v16.14.0/include/node/openssl/archs/linux-x32/asm/include/openssl/opensslconf.h</p><p>11:04:26 AM: npm ERR! gyp verb extracted file from tarball node-v16.14.0/include/node/openssl/archs/linux-x32/asm/include/progs.h</p><p>11:04:26 AM: npm ERR! gyp verb extracted file from tarball node-v16.14.0/include/node/openssl/archs/linux-x32/asm_avx2/crypto/include/internal/bn_conf.h</p><p>11:04:26 AM: npm ERR! gyp verb extracted file from tarball node-v16.14.0/include/node/openssl/archs/linux-x32/asm_avx2/crypto/include/internal/dso_conf.h</p><p>11:04:26 AM: npm ERR! gyp verb extracted file from tarball node-v16.14.0/include/node/openssl/archs/linux-x32/asm_avx2/crypto/buildinf.h</p><p>11:04:26 AM: npm ERR! gyp verb extracted file from tarball node-v16.14.0/include/node/openssl/archs/linux-x32/asm_avx2/include/openssl/opensslconf.h</p><p>11:04:26 AM: npm ERR! gyp verb extracted file from tarball node-v16.14.0/include/node/openssl/archs/linux-x32/asm_avx2/include/progs.h</p><p>11:04:26 AM: npm ERR! gyp verb extracted file from tarball node-v16.14.0/include/node/openssl/archs/linux-x32/no-asm/crypto/include/internal/bn_conf.h</p><p>11:04:26 AM: npm ERR! gyp verb extracted file from tarball node-v16.14.0/include/node/openssl/archs/linux-x32/no-asm/crypto/include/internal/dso_conf.h</p><p>11:04:26 AM: npm ERR! gyp verb extracted file from tarball node-v16.14.0/include/node/openssl/archs/linux-x32/no-asm/crypto/buildinf.h</p><p>11:04:26 AM: npm ERR! gyp verb extracted file from tarball node-v16.14.0/include/node/openssl/archs/linux-x32/no-asm/include/openssl/opensslconf.h</p><p>11:04:26 AM: npm ERR! gyp verb extracted file from tarball node-v16.14.0/include/node/openssl/archs/linux-x32/no-asm/include/progs.h</p><p>11:04:26 AM: npm ERR! gyp verb extracted file from tarball node-v16.14.0/include/node/openssl/archs/linux-x86_64/asm/crypto/include/internal/bn_conf.h</p><p>11:04:26 AM: npm ERR! gyp verb extracted file from tarball node-v16.14.0/include/node/openssl/archs/linux-x86_64/asm/crypto/include/internal/dso_conf.h</p><p>11:04:26 AM: npm ERR! gyp verb extracted file from tarball node-v16.14.0/include/node/openssl/archs/linux-x86_64/asm/crypto/buildinf.h</p><p>11:04:26 AM: npm ERR! gyp verb extracted file from tarball node-v16.14.0/include/node/openssl/archs/linux-x86_64/asm/include/openssl/opensslconf.h</p><p>11:04:26 AM: npm ERR! gyp verb extracted file from tarball node-v16.14.0/include/node/openssl/archs/linux-x86_64/asm/include/progs.h</p><p>11:04:26 AM: npm ERR! gyp verb extracted file from tarball node-v16.14.0/include/node/openssl/archs/linux-x86_64/asm_avx2/crypto/include/internal/bn_conf.h</p><p>11:04:26 AM: npm ERR! gyp verb extracted file from tarball node-v16.14.0/include/node/openssl/archs/linux-x86_64/asm_avx2/crypto/include/internal/dso_conf.h</p><p>11:04:26 AM: npm ERR! gyp verb extracted file from tarball node-v16.14.0/include/node/openssl/archs/linux-x86_64/asm_avx2/crypto/buildinf.h</p><p>11:04:26 AM: npm ERR! gyp verb extracted file from tarball node-v16.14.0/include/node/openssl/archs/linux-x86_64/asm_avx2/include/openssl/opensslconf.h</p><p>11:04:26 AM: npm ERR! gyp verb extracted file from tarball node-v16.14.0/include/node/openssl/archs/linux-x86_64/asm_avx2/include/progs.h</p><p>11:04:26 AM: npm ERR! gyp verb extracted file from tarball node-v16.14.0/include/node/openssl/archs/linux-x86_64/no-asm/crypto/include/internal/bn_conf.h</p><p>11:04:26 AM: npm ERR! gyp verb extracted file from tarball node-v16.14.0/include/node/openssl/archs/linux-x86_64/no-asm/crypto/include/internal/dso_conf.h</p><p>11:04:26 AM: npm ERR! gyp verb extracted file from tarball node-v16.14.0/include/node/openssl/archs/linux-x86_64/no-asm/crypto/buildinf.h</p><p>11:04:26 AM: npm ERR! gyp verb extracted file from tarball node-v16.14.0/include/node/openssl/archs/linux-x86_64/no-asm/include/openssl/opensslconf.h</p><p>11:04:26 AM: npm ERR! gyp verb extracted file from tarball node-v16.14.0/include/node/openssl/archs/linux-x86_64/no-asm/include/progs.h</p><p>11:04:26 AM: npm ERR! gyp verb extracted file from tarball node-v16.14.0/include/node/openssl/archs/linux32-s390x/asm/crypto/include/internal/bn_conf.h</p><p>11:04:26 AM: npm ERR! gyp verb extracted file from tarball node-v16.14.0/include/node/openssl/archs/linux32-s390x/asm/crypto/include/internal/dso_conf.h</p><p>11:04:26 AM: npm ERR! gyp verb extracted file from tarball node-v16.14.0/include/node/openssl/archs/linux32-s390x/asm/crypto/buildinf.h</p><p>11:04:26 AM: npm ERR! gyp verb extracted file from tarball node-v16.14.0/include/node/openssl/archs/linux32-s390x/asm/include/openssl/opensslconf.h</p><p>11:04:26 AM: npm ERR! gyp verb extracted file from tarball node-v16.14.0/include/node/openssl/archs/linux32-s390x/asm/include/progs.h</p><p>11:04:26 AM: npm ERR! gyp verb extracted file from tarball node-v16.14.0/include/node/openssl/archs/linux32-s390x/asm_avx2/crypto/include/internal/bn_conf.h</p><p>11:04:26 AM: npm ERR! gyp verb extracted file from tarball node-v16.14.0/include/node/openssl/archs/linux32-s390x/asm_avx2/crypto/include/internal/dso_conf.h</p><p>11:04:26 AM: npm ERR! gyp verb extracted file from tarball node-v16.14.0/include/node/openssl/archs/linux32-s390x/asm_avx2/crypto/buildinf.h</p><p>11:04:26 AM: npm ERR! gyp verb extracted file from tarball node-v16.14.0/include/node/openssl/archs/linux32-s390x/asm_avx2/include/openssl/opensslconf.h</p><p>11:04:26 AM: npm ERR! gyp verb extracted file from tarball node-v16.14.0/include/node/openssl/archs/linux32-s390x/asm_avx2/include/progs.h</p><p>11:04:26 AM: npm ERR! gyp verb extracted file from tarball node-v16.14.0/include/node/openssl/archs/linux32-s390x/no-asm/crypto/include/internal/bn_conf.h</p><p>11:04:26 AM: npm ERR! gyp verb extracted file from tarball node-v16.14.0/include/node/openssl/archs/linux32-s390x/no-asm/crypto/include/internal/dso_conf.h</p><p>11:04:26 AM: npm ERR! gyp verb extracted file from tarball node-v16.14.0/include/node/openssl/archs/linux32-s390x/no-asm/crypto/buildinf.h</p><p>11:04:26 AM: npm ERR! gyp verb extracted file from tarball node-v16.14.0/include/node/openssl/archs/linux32-s390x/no-asm/include/openssl/opensslconf.h</p><p>11:04:26 AM: npm ERR! gyp verb extracted file from tarball node-v16.14.0/include/node/openssl/archs/linux32-s390x/no-asm/include/progs.h</p><p>11:04:26 AM: npm ERR! gyp verb extracted file from tarball node-v16.14.0/include/node/openssl/archs/linux64-mips64/asm/crypto/include/internal/bn_conf.h</p><p>11:04:26 AM: npm ERR! gyp verb extracted file from tarball node-v16.14.0/include/node/openssl/archs/linux64-mips64/asm/crypto/include/internal/dso_conf.h</p><p>11:04:26 AM: npm ERR! gyp verb extracted file from tarball node-v16.14.0/include/node/openssl/archs/linux64-mips64/asm/crypto/buildinf.h</p><p>11:04:26 AM: npm ERR! gyp verb extracted file from tarball node-v16.14.0/include/node/openssl/archs/linux64-mips64/asm/include/openssl/opensslconf.h</p><p>11:04:26 AM: npm ERR! gyp verb extracted file from tarball node-v16.14.0/include/node/openssl/archs/linux64-mips64/asm/include/progs.h</p><p>11:04:26 AM: npm ERR! gyp verb extracted file from tarball node-v16.14.0/include/node/openssl/archs/linux64-mips64/asm_avx2/crypto/include/internal/bn_conf.h</p><p>11:04:26 AM: npm ERR! gyp verb extracted file from tarball node-v16.14.0/include/node/openssl/archs/linux64-mips64/asm_avx2/crypto/include/internal/dso_conf.h</p><p>11:04:26 AM: npm ERR! gyp verb extracted file from tarball node-v16.14.0/include/node/openssl/archs/linux64-mips64/asm_avx2/crypto/buildinf.h</p><p>11:04:26 AM: npm ERR! gyp verb extracted file from tarball node-v16.14.0/include/node/openssl/archs/linux64-mips64/asm_avx2/include/openssl/opensslconf.h</p><p>11:04:26 AM: npm ERR! gyp verb extracted file from tarball node-v16.14.0/include/node/openssl/archs/linux64-mips64/asm_avx2/include/progs.h</p><p>11:04:26 AM: npm ERR! gyp verb extracted file from tarball node-v16.14.0/include/node/openssl/archs/linux64-mips64/no-asm/crypto/include/internal/bn_conf.h</p><p>11:04:26 AM: npm ERR! gyp verb extracted file from tarball node-v16.14.0/include/node/openssl/archs/linux64-mips64/no-asm/crypto/include/internal/dso_conf.h</p><p>11:04:26 AM: npm ERR! gyp verb extracted file from tarball node-v16.14.0/include/node/openssl/archs/linux64-mips64/no-asm/crypto/buildinf.h</p><p>11:04:26 AM: npm ERR! gyp verb extracted file from tarball node-v16.14.0/include/node/openssl/archs/linux64-mips64/no-asm/include/openssl/opensslconf.h</p><p>11:04:26 AM: npm ERR! gyp verb extracted file from tarball node-v16.14.0/include/node/openssl/archs/linux64-mips64/no-asm/include/progs.h</p><p>11:04:26 AM: npm ERR! gyp verb extracted file from tarball node-v16.14.0/include/node/openssl/archs/linux64-s390x/asm/crypto/include/internal/bn_conf.h</p><p>11:04:26 AM: npm ERR! gyp verb extracted file from tarball node-v16.14.0/include/node/openssl/archs/linux64-s390x/asm/crypto/include/internal/dso_conf.h</p><p>11:04:26 AM: npm ERR! gyp verb extracted file from tarball node-v16.14.0/include/node/openssl/archs/linux64-s390x/asm/crypto/buildinf.h</p><p>11:04:26 AM: npm ERR! gyp verb extracted file from tarball node-v16.14.0/include/node/openssl/archs/linux64-s390x/asm/include/openssl/opensslconf.h</p><p>11:04:26 AM: npm ERR! gyp verb extracted file from tarball node-v16.14.0/include/node/openssl/archs/linux64-s390x/asm/include/progs.h</p><p>11:04:26 AM: npm ERR! gyp verb extracted file from tarball node-v16.14.0/include/node/openssl/archs/linux64-s390x/asm_avx2/crypto/include/internal/bn_conf.h</p><p>11:04:26 AM: npm ERR! gyp verb extracted file from tarball node-v16.14.0/include/node/openssl/archs/linux64-s390x/asm_avx2/crypto/include/internal/dso_conf.h</p><p>11:04:26 AM: npm ERR! gyp verb extracted file from tarball node-v16.14.0/include/node/openssl/archs/linux64-s390x/asm_avx2/crypto/buildinf.h</p><p>11:04:26 AM: npm ERR! gyp verb extracted file from tarball node-v16.14.0/include/node/openssl/archs/linux64-s390x/asm_avx2/include/openssl/opensslconf.h</p><p>11:04:26 AM: npm ERR! gyp verb extracted file from tarball node-v16.14.0/include/node/openssl/archs/linux64-s390x/asm_avx2/include/progs.h</p><p>11:04:26 AM: npm ERR! gyp verb extracted file from tarball node-v16.14.0/include/node/openssl/archs/linux64-s390x/no-asm/crypto/include/internal/bn_conf.h</p><p>11:04:26 AM: npm ERR! gyp verb extracted file from tarball node-v16.14.0/include/node/openssl/archs/linux64-s390x/no-asm/crypto/include/internal/dso_conf.h</p><p>11:04:26 AM: npm ERR! gyp verb extracted file from tarball node-v16.14.0/include/node/openssl/archs/linux64-s390x/no-asm/crypto/buildinf.h</p><p>11:04:26 AM: npm ERR! gyp verb extracted file from tarball node-v16.14.0/include/node/openssl/archs/linux64-s390x/no-asm/include/openssl/opensslconf.h</p><p>11:04:26 AM: npm ERR! gyp verb extracted file from tarball node-v16.14.0/include/node/openssl/archs/linux64-s390x/no-asm/include/progs.h</p><p>11:04:26 AM: npm ERR! gyp verb extracted file from tarball node-v16.14.0/include/node/openssl/archs/solaris-x86-gcc/asm/crypto/include/internal/bn_conf.h</p><p>11:04:26 AM: npm ERR! gyp verb extracted file from tarball node-v16.14.0/include/node/openssl/archs/solaris-x86-gcc/asm/crypto/include/internal/dso_conf.h</p><p>11:04:26 AM: npm ERR! gyp verb extracted file from tarball node-v16.14.0/include/node/openssl/archs/solaris-x86-gcc/asm/crypto/buildinf.h</p><p>11:04:26 AM: npm ERR! gyp verb extracted file from tarball node-v16.14.0/include/node/openssl/archs/solaris-x86-gcc/asm/include/openssl/opensslconf.h</p><p>11:04:26 AM: npm ERR! gyp verb extracted file from tarball node-v16.14.0/include/node/openssl/archs/solaris-x86-gcc/asm/include/progs.h</p><p>11:04:26 AM: npm ERR! gyp verb extracted file from tarball node-v16.14.0/include/node/openssl/archs/solaris-x86-gcc/asm_avx2/crypto/include/internal/bn_conf.h</p><p>11:04:26 AM: npm ERR! gyp verb extracted file from tarball node-v16.14.0/include/node/openssl/archs/solaris-x86-gcc/asm_avx2/crypto/include/internal/dso_conf.h</p><p>11:04:26 AM: npm ERR! gyp verb extracted file from tarball node-v16.14.0/include/node/openssl/archs/solaris-x86-gcc/asm_avx2/crypto/buildinf.h</p><p>11:04:26 AM: npm ERR! gyp verb extracted file from tarball node-v16.14.0/include/node/openssl/archs/solaris-x86-gcc/asm_avx2/include/openssl/opensslconf.h</p><p>11:04:26 AM: npm ERR! gyp verb extracted file from tarball node-v16.14.0/include/node/openssl/archs/solaris-x86-gcc/asm_avx2/include/progs.h</p><p>11:04:26 AM: npm ERR! gyp verb extracted file from tarball node-v16.14.0/include/node/openssl/archs/solaris-x86-gcc/no-asm/crypto/include/internal/bn_conf.h</p><p>11:04:26 AM: npm ERR! gyp verb extracted file from tarball node-v16.14.0/include/node/openssl/archs/solaris-x86-gcc/no-asm/crypto/include/internal/dso_conf.h</p><p>11:04:26 AM: npm ERR! gyp verb extracted file from tarball node-v16.14.0/include/node/openssl/archs/solaris-x86-gcc/no-asm/crypto/buildinf.h</p><p>11:04:26 AM: npm ERR! gyp verb extracted file from tarball node-v16.14.0/include/node/openssl/archs/solaris-x86-gcc/no-asm/include/openssl/opensslconf.h</p><p>11:04:26 AM: npm ERR! gyp verb extracted file from tarball node-v16.14.0/include/node/openssl/archs/solaris-x86-gcc/no-asm/include/progs.h</p><p>11:04:26 AM: npm ERR! gyp verb extracted file from tarball node-v16.14.0/include/node/openssl/archs/solaris64-x86_64-gcc/asm/crypto/include/internal/bn_conf.h</p><p>11:04:26 AM: npm ERR! gyp verb extracted file from tarball node-v16.14.0/include/node/openssl/archs/solaris64-x86_64-gcc/asm/crypto/include/internal/dso_conf.h</p><p>11:04:26 AM: npm ERR! gyp verb extracted file from tarball node-v16.14.0/include/node/openssl/archs/solaris64-x86_64-gcc/asm/crypto/buildinf.h</p><p>11:04:26 AM: npm ERR! gyp verb extracted file from tarball node-v16.14.0/include/node/openssl/archs/solaris64-x86_64-gcc/asm/include/openssl/opensslconf.h</p><p>11:04:26 AM: npm ERR! gyp verb extracted file from tarball node-v16.14.0/include/node/openssl/archs/solaris64-x86_64-gcc/asm/include/progs.h</p><p>11:04:26 AM: npm ERR! gyp verb extracted file from tarball node-v16.14.0/include/node/openssl/archs/solaris64-x86_64-gcc/asm_avx2/crypto/include/internal/bn_conf.h</p><p>11:04:26 AM: npm ERR! gyp verb extracted file from tarball node-v16.14.0/include/node/openssl/archs/solaris64-x86_64-gcc/asm_avx2/crypto/include/internal/dso_conf.h</p><p>11:04:26 AM: npm ERR! gyp verb extracted file from tarball node-v16.14.0/include/node/openssl/archs/solaris64-x86_64-gcc/asm_avx2/crypto/buildinf.h</p><p>11:04:26 AM: npm ERR! gyp verb extracted file from tarball node-v16.14.0/include/node/openssl/archs/solaris64-x86_64-gcc/asm_avx2/include/openssl/opensslconf.h</p><p>11:04:26 AM: npm ERR! gyp verb extracted file from tarball node-v16.14.0/include/node/openssl/archs/solaris64-x86_64-gcc/asm_avx2/include/progs.h</p><p>11:04:26 AM: npm ERR! gyp verb extracted file from tarball node-v16.14.0/include/node/openssl/archs/solaris64-x86_64-gcc/no-asm/crypto/include/internal/bn_conf.h</p><p>11:04:26 AM: npm ERR! gyp verb extracted file from tarball node-v16.14.0/include/node/openssl/archs/solaris64-x86_64-gcc/no-asm/crypto/include/internal/dso_conf.h</p><p>11:04:26 AM: npm ERR! gyp verb extracted file from tarball node-v16.14.0/include/node/openssl/archs/solaris64-x86_64-gcc/no-asm/crypto/buildinf.h</p><p>11:04:26 AM: npm ERR! gyp verb extracted file from tarball node-v16.14.0/include/node/openssl/archs/solaris64-x86_64-gcc/no-asm/include/openssl/opensslconf.h</p><p>11:04:26 AM: npm ERR! gyp verb extracted file from tarball node-v16.14.0/include/node/openssl/archs/solaris64-x86_64-gcc/no-asm/include/progs.h</p><p>11:04:26 AM: npm ERR! gyp verb extracted file from tarball node-v16.14.0/include/node/openssl/archs/linux64-riscv64/no-asm/crypto/include/internal/bn_conf.h</p><p>11:04:26 AM: npm ERR! gyp verb extracted file from tarball node-v16.14.0/include/node/openssl/archs/linux64-riscv64/no-asm/crypto/include/internal/dso_conf.h</p><p>11:04:26 AM: npm ERR! gyp verb extracted file from tarball node-v16.14.0/include/node/openssl/archs/linux64-riscv64/no-asm/crypto/buildinf.h</p><p>11:04:26 AM: npm ERR! gyp verb extracted file from tarball node-v16.14.0/include/node/openssl/archs/linux64-riscv64/no-asm/include/openssl/opensslconf.h</p><p>11:04:26 AM: npm ERR! gyp verb extracted file from tarball node-v16.14.0/include/node/openssl/archs/linux64-riscv64/no-asm/include/progs.h</p><p>11:04:26 AM: npm ERR! gyp verb extracted file from tarball node-v16.14.0/include/node/openssl/bn_conf.h</p><p>11:04:26 AM: npm ERR! gyp verb extracted file from tarball node-v16.14.0/include/node/openssl/dso_conf.h</p><p>11:04:26 AM: npm ERR! gyp verb extracted file from tarball node-v16.14.0/include/node/openssl/opensslconf.h</p><p>11:04:26 AM: npm ERR! gyp verb extracted file from tarball node-v16.14.0/include/node/openssl/bn_conf_asm.h</p><p>11:04:26 AM: npm ERR! gyp verb extracted file from tarball node-v16.14.0/include/node/openssl/bn_conf_no-asm.h</p><p>11:04:26 AM: npm ERR! gyp verb extracted file from tarball node-v16.14.0/include/node/openssl/dso_conf_asm.h</p><p>11:04:26 AM: npm ERR! gyp verb extracted file from tarball node-v16.14.0/include/node/openssl/dso_conf_no-asm.h</p><p>11:04:26 AM: npm ERR! gyp verb extracted file from tarball node-v16.14.0/include/node/openssl/opensslconf_asm.h</p><p>11:04:26 AM: npm ERR! gyp verb extracted file from tarball node-v16.14.0/include/node/openssl/opensslconf_no-asm.h</p><p>11:04:26 AM: npm ERR! gyp verb extracted file from tarball node-v16.14.0/include/node/zconf.h</p><p>11:04:26 AM: npm ERR! gyp verb extracted file from tarball node-v16.14.0/include/node/zlib.h</p><p>11:04:26 AM: npm ERR! gyp verb content checksum node-v16.14.0-headers.tar.gz 0cb39adcabb513d2651fa25ea39c88cebd76200ea922e619e3b9799fa599ca81</p><p>11:04:26 AM: npm ERR! gyp verb tarball done parsing tarball</p><p>11:04:26 AM: npm ERR! gyp verb check download content checksum, need to download `SHASUMS256.txt`...</p><p>11:04:26 AM: npm ERR! gyp verb checksum url https://nodejs.org/download/release/v16.14.0/SHASUMS256.txt</p><p>11:04:26 AM: npm ERR! gyp http GET https://nodejs.org/download/release/v16.14.0/SHASUMS256.txt</p><p>11:04:26 AM: npm ERR! gyp http 200 https://nodejs.org/download/release/v16.14.0/SHASUMS256.txt</p><p>11:04:26 AM: npm ERR! gyp verb checksum data {"node-v16.14.0-aix-ppc64.tar.gz":"e31a1478b50814848089bc11fb58d463c180ac5e08ec95f6bd314b2a7209d23a","node-v16.14.0-darwin-arm64.tar.gz":"56e547d22bc7be8aa40c8cfd604c156a5bcf8692f643ec1801c1fa2390498542","node-v16.14.0-darwin-arm64.tar.xz":"42eb3b1dc00b44a1e2cb70ddbf5e5e838354dafb969bb54db8b3b287f8df862f","node-v16.14.0-darwin-x64.tar.gz":"26702ab17903ad1ea4e13133bd423c1176db3384b8cf08559d385817c9ca58dc","node-v16.14.0-darwin-x64.tar.xz":"8c0ad2f0c890385242e4f8886e7ddf7cfa14868415113ada5a08130d5a83fc9e","node-v16.14.0-headers.tar.gz":"0cb39adcabb513d2651fa25ea39c88cebd76200ea922e619e3b9799fa599ca81","node-v16.14.0-headers.tar.xz":"aee577d58e8dd6d1a54f3e37f046db8a7233b8d41abfafe45ce366b020d0675d","node-v16.14.0-linux-arm64.tar.gz":"82d71968c82eb391f463df62ba277563a3bd01ce43bba0e7e1c533991567b8fe","node-v16.14.0-linux-arm64.tar.xz":"5a6e818c302527a4b1cdf61d3188408c8a3e4a1bbca1e3f836c93ea8469826ce","node-v16.14.0-linux-armv7l.tar.gz":"2df94404f4dd22aee67370cd24b2c802f82409434e5ed26061c7aaec74a8ebc2","node-v16.14.0-linux-armv7l.tar.xz":"a27a5866445cbe70e086d1a2b6cda27f1127b0b8c5eced31204e4e524790727a","node-v16.14.0-linux-ppc64le.tar.gz":"247cbaa1e3376913ae565f2dfa6dd16f973f72b05786896236b16d92aac4ee7a","node-v16.14.0-linux-ppc64le.tar.xz":"d1012696cacb3833b8b33748905e716f2524766b29a2a4c405f34ed2f3e5fdb4","node-v16.14.0-linux-s390x.tar.gz":"e31023ffaa61ee0e6182e9c21c31dab1a9fbc80975aaedb421ca1261debc0f9a","node-v16.14.0-linux-s390x.tar.xz":"1c98494bc097547bcadb972780aec58bb40b9c094f0daed75debfee4cb980fd9","node-v16.14.0-linux-x64.tar.gz":"2c69e7b040c208b61ebf9735c63d2e5bcabfed32ef05a9b8dd5823489ea50d6b","node-v16.14.0-linux-x64.tar.xz":"0570b9354959f651b814e56a4ce98d4a067bf2385b9a0e6be075739bc65b0fae","node-v16.14.0.pkg":"cde4f7535328263e96b6b027cd26ee9b9ddccd1e4c4e33fbcabea5118a8c1ba0","node-v16.14.0.tar.gz":"29dfce13650f063ff009d18349636333fa4305468b6a8965d442c2e88b1dd60f","node-v16.14.0.tar.xz":"05eb64193e391fa8a2c159c0f60c171824715165f80c67fcab9dbc944e30c623","node-v16.14.0-win-x64.7z":"936a7096244591f044232b6c023b59301d0d2d3819df0310701d3e9d2be0d7ff","node-v16.14.0-win-x64.zip":"c783f32aa22758e9fdcabb23daf348cc52f876fbd679d54edc2c4921ccd6d6c5","node-v16.14.0-win-x86.7z":"509f2b68d13fde1808c933840e2b1e15fc48a137153496f4bac52f875ad7eeac","node-v16.14.0-win-x86.zip":"552535c00d30b55257e7436d34ea18fd80848f7fefe5d4edfb9a068033e48c08","node-v16.14.0-x64.msi":"4d2adf5b11877a9017a0eef735dcc344ceb849bf3bb02da4f5dc1e756cfc9300","node-v16.14.0-x86.msi":"7f59dcf386d8386ceab18426381cebbdc17d437209c72a1694acfa1511c1844e","win-x64/node.exe":"4a9a110c6569503ed83069d19d1c2c604f831cc35c47850fd474c1870b76682e","win-x64/node.lib":"b3cd2185d41c52a9db8d172b9fb78305798db6efc56a71a0677a33d0000ec9de","win-x64/node_pdb.7z":"2ecc02154165f14bf8b5fe9961ff51d98d18199b6cca0af2392445a24189282a","win-x64/node_pdb.zip":"c199d6ae1992e54885acd17810dc96e9ff9ec4c72c9be41ff143c068b810187a","win-x86/node.exe":"b512a47fb2f8aaa43cad3f489ad76aa76071d572f45436414208fd67cc849c37","win-x86/node.lib":"0f1312661ce6d91d315779ba9b378c2a8ebe17cb2f855773eddea4158c14f2d8","win-x86/node_pdb.7z":"19fd911408283f7a4c6dd6b20450f2c185fd17091bcbe2fbe5209c63e89ec65e","win-x86/node_pdb.zip":"a594a4108a7d99ca109072297bb555655951d2e2cbc467ceacadc88890a74d26"}</p><p>11:04:26 AM: npm ERR! gyp verb download contents checksum {"node-v16.14.0-headers.tar.gz":"0cb39adcabb513d2651fa25ea39c88cebd76200ea922e619e3b9799fa599ca81"}</p><p>11:04:26 AM: npm ERR! gyp verb validating download checksum for node-v16.14.0-headers.tar.gz (0cb39adcabb513d2651fa25ea39c88cebd76200ea922e619e3b9799fa599ca81 == 0cb39adcabb513d2651fa25ea39c88cebd76200ea922e619e3b9799fa599ca81)</p><p>11:04:26 AM: npm ERR! gyp verb get node dir target node version installed: 16.14.0</p><p>11:04:26 AM: npm ERR! gyp verb build dir attempting to create "build" dir: /opt/build/repo/node_modules/node-sass/build</p><p>11:04:26 AM: npm ERR! gyp verb build dir "build" dir needed to be created? /opt/build/repo/node_modules/node-sass/build</p><p>11:04:26 AM: npm ERR! gyp verb build/config.gypi creating config file</p><p>11:04:26 AM: npm ERR! gyp verb build/config.gypi writing out config file: /opt/build/repo/node_modules/node-sass/build/config.gypi</p><p>11:04:26 AM: npm ERR! (node:1379) [DEP0150] DeprecationWarning: Setting process.config is deprecated. In the future the property will be read-only.</p><p>11:04:26 AM: npm ERR! (Use `node --trace-deprecation ...` to show where the warning was created)</p><p>11:04:26 AM: npm ERR! gyp verb config.gypi checking for gypi file: /opt/build/repo/node_modules/node-sass/config.gypi</p><p>11:04:26 AM: npm ERR! gyp verb common.gypi checking for gypi file: /opt/build/repo/node_modules/node-sass/common.gypi</p><p>11:04:26 AM: npm ERR! gyp verb gyp gyp format was not specified; forcing "make"</p><p>11:04:26 AM: npm ERR! gyp info spawn /usr/bin/python3</p><p>11:04:26 AM: npm ERR! gyp info spawn args [</p><p>11:04:26 AM: npm ERR! gyp info spawn args   '/opt/build/repo/node_modules/node-gyp/gyp/gyp_main.py',</p><p>11:04:26 AM: npm ERR! gyp info spawn args   'binding.gyp',</p><p>11:04:26 AM: npm ERR! gyp info spawn args   '-f',</p><p>11:04:26 AM: npm ERR! gyp info spawn args   'make',</p><p>11:04:26 AM: npm ERR! gyp info spawn args   '-I',</p><p>11:04:26 AM: npm ERR! gyp info spawn args   '/opt/build/repo/node_modules/node-sass/build/config.gypi',</p><p>11:04:26 AM: npm ERR! gyp info spawn args   '-I',</p><p>11:04:26 AM: npm ERR! gyp info spawn args   '/opt/build/repo/node_modules/node-gyp/addon.gypi',</p><p>11:04:26 AM: npm ERR! gyp info spawn args   '-I',</p><p>11:04:26 AM: npm ERR! gyp info spawn args   '/opt/buildhome/.cache/node-gyp/16.14.0/include/node/common.gypi',</p><p>11:04:26 AM: npm ERR! gyp info spawn args   '-Dlibrary=shared_library',</p><p>11:04:26 AM: npm ERR! gyp info spawn args   '-Dvisibility=default',</p><p>11:04:26 AM: npm ERR! gyp info spawn args   '-Dnode_root_dir=/opt/buildhome/.cache/node-gyp/16.14.0',</p><p>11:04:26 AM: npm ERR! gyp info spawn args   '-Dnode_gyp_dir=/opt/build/repo/node_modules/node-gyp',</p><p>11:04:26 AM: npm ERR! gyp info spawn args   '-Dnode_lib_file=/opt/buildhome/.cache/node-gyp/16.14.0/&lt;(target_arch)/node.lib',</p><p>11:04:26 AM: npm ERR! gyp info spawn args   '-Dmodule_root_dir=/opt/build/repo/node_modules/node-sass',</p><p>11:04:26 AM: npm ERR! gyp info spawn args   '-Dnode_engine=v8',</p><p>11:04:26 AM: npm ERR! gyp info spawn args   '--depth=.',</p><p>11:04:26 AM: npm ERR! gyp info spawn args   '--no-parallel',</p><p>11:04:26 AM: npm ERR! gyp info spawn args   '--generator-output',</p><p>11:04:26 AM: npm ERR! gyp info spawn args   'build',</p><p>11:04:26 AM: npm ERR! gyp info spawn args   '-Goutput_dir=.'</p><p>11:04:26 AM: npm ERR! gyp info spawn args ]</p><p>11:04:26 AM: npm ERR! gyp verb command build []</p><p>11:04:26 AM: npm ERR! gyp verb build type Release</p><p>11:04:26 AM: npm ERR! gyp verb architecture x64</p><p>11:04:26 AM: npm ERR! gyp verb node dev dir /opt/buildhome/.cache/node-gyp/16.14.0</p><p>11:04:26 AM: npm ERR! gyp verb `which` succeeded for `make` /usr/bin/make</p><p>11:04:26 AM: npm ERR! gyp info spawn make</p><p>11:04:26 AM: npm ERR! gyp info spawn args [ 'V=1', 'BUILDTYPE=Release', '-C', 'build' ]</p><p>11:04:26 AM: npm ERR! ../src/libsass/src/cencode.c: In function base64_encode_block:</p><p>11:04:26 AM: npm ERR! ../src/libsass/src/cencode.c:48:11: warning: this statement may fall through [-Wimplicit-fallthrough=]</p><p>11:04:26 AM: npm ERR!    48 |    result = (fragment &amp; 0x003) &lt;&lt; 4;</p><p>11:04:26 AM: npm ERR!       |    ~~~~~~~^~~~~~~~~~~~~~~~~~~~~~~~~</p><p>11:04:26 AM: npm ERR! ../src/libsass/src/cencode.c:52:2: note: here</p><p>11:04:26 AM: npm ERR!    52 |  case step_B:</p><p>11:04:26 AM: npm ERR!       |  ^~~~</p><p>11:04:26 AM: npm ERR! ../src/libsass/src/cencode.c:62:11: warning: this statement may fall through [-Wimplicit-fallthrough=]</p><p>11:04:26 AM: npm ERR!    62 |    result = (fragment &amp; 0x00f) &lt;&lt; 2;</p><p>11:04:26 AM: npm ERR!       |    ~~~~~~~^~~~~~~~~~~~~~~~~~~~~~~~~</p><p>11:04:26 AM: npm ERR! ../src/libsass/src/cencode.c:66:2: note: here</p><p>11:04:26 AM: npm ERR!    66 |  case step_C:</p><p>11:04:26 AM: npm ERR!       |  ^~~~</p><p>11:04:26 AM: npm ERR! ../src/libsass/src/functions.cpp: In function void Sass::Functions::handle_utf8_error(const Sass::ParserState&amp;, Sass::Backtraces):</p><p>11:04:26 AM: npm ERR! ../src/libsass/src/functions.cpp:110:20: warning: catching polymorphic type class utf8::invalid_code_point by value [-Wcatch-value=]</p><p>11:04:26 AM: npm ERR!   110 |       catch (utf8::invalid_code_point) {</p><p>11:04:26 AM: npm ERR!       |                    ^~~~~~~~~~~~~~~~~~</p><p>11:04:26 AM: npm ERR! ../src/libsass/src/functions.cpp:114:20: warning: catching polymorphic type class utf8::not_enough_room by value [-Wcatch-value=]</p><p>11:04:26 AM: npm ERR!   114 |       catch (utf8::not_enough_room) {</p><p>11:04:26 AM: npm ERR!       |                    ^~~~~~~~~~~~~~~</p><p>11:04:26 AM: npm ERR! ../src/libsass/src/functions.cpp:118:20: warning: catching polymorphic type class utf8::invalid_utf8 by value [-Wcatch-value=]</p><p>11:04:26 AM: npm ERR!   118 |       catch (utf8::invalid_utf8) {</p><p>11:04:26 AM: npm ERR!       |                    ^~~~~~~~~~~~</p><p>11:04:26 AM: npm ERR! ../src/libsass/src/json.cpp: In function char* json_encode_string(const char*):</p><p>11:04:26 AM: npm ERR! ../src/libsass/src/json.cpp:405:15: warning: catching polymorphic type class std::exception by value [-Wcatch-value=]</p><p>11:04:26 AM: npm ERR!   405 |   catch (std::exception) {</p><p>11:04:26 AM: npm ERR!       |               ^~~~~~~~~</p><p>11:04:26 AM: npm ERR! ../src/libsass/src/json.cpp: In function char* json_stringify(const JsonNode*, const char*):</p><p>11:04:26 AM: npm ERR! ../src/libsass/src/json.cpp:424:15: warning: catching polymorphic type class std::exception by value [-Wcatch-value=]</p><p>11:04:26 AM: npm ERR!   424 |   catch (std::exception) {</p><p>11:04:26 AM: npm ERR!       |               ^~~~~~~~~</p><p>11:04:26 AM: npm ERR! In file included from /opt/buildhome/.cache/node-gyp/16.14.0/include/node/v8.h:30,</p><p>11:04:26 AM: npm ERR!                  from /opt/buildhome/.cache/node-gyp/16.14.0/include/node/node.h:63,</p><p>11:04:26 AM: npm ERR!                  from ../../nan/nan.h:56,</p><p>11:04:26 AM: npm ERR!                  from ../src/binding.cpp:1:</p><p>11:04:26 AM: npm ERR! /opt/buildhome/.cache/node-gyp/16.14.0/include/node/v8-internal.h: In function void v8::internal::PerformCastCheck(T*):</p><p>11:04:26 AM: npm ERR! /opt/buildhome/.cache/node-gyp/16.14.0/include/node/v8-internal.h:492:38: error: remove_cv_t is not a member of std; did you mean remove_cv?</p><p>11:04:26 AM: npm ERR!   492 |             !std::is_same&lt;Data, std::remove_cv_t&lt;T&gt;&gt;::value&gt;::Perform(data);</p><p>11:04:26 AM: npm ERR!       |                                      ^~~~~~~~~~~</p><p>11:04:26 AM: npm ERR!       |                                      remove_cv</p><p>11:04:26 AM: npm ERR! /opt/buildhome/.cache/node-gyp/16.14.0/include/node/v8-internal.h:492:38: error: remove_cv_t is not a member of std; did you mean remove_cv?</p><p>11:04:26 AM: npm ERR!   492 |             !std::is_same&lt;Data, std::remove_cv_t&lt;T&gt;&gt;::value&gt;::Perform(data);</p><p>11:04:26 AM: npm ERR!       |                                      ^~~~~~~~~~~</p><p>11:04:26 AM: npm ERR!       |                                      remove_cv</p><p>11:04:26 AM: npm ERR! /opt/buildhome/.cache/node-gyp/16.14.0/include/node/v8-internal.h:492:50: error: template argument 2 is invalid</p><p>11:04:26 AM: npm ERR!   492 |             !std::is_same&lt;Data, std::remove_cv_t&lt;T&gt;&gt;::value&gt;::Perform(data);</p><p>11:04:26 AM: npm ERR!       |                                                  ^</p><p>11:04:26 AM: npm ERR! /opt/buildhome/.cache/node-gyp/16.14.0/include/node/v8-internal.h:492:63: error: ::Perform has not been declared</p><p>11:04:26 AM: npm ERR!   492 |             !std::is_same&lt;Data, std::remove_cv_t&lt;T&gt;&gt;::value&gt;::Perform(data);</p><p>11:04:26 AM: npm ERR!       |                                                               ^~~~~~~</p><p>11:04:26 AM: npm ERR! ../src/binding.cpp: In function Nan::NAN_METHOD_RETURN_TYPE render(Nan::NAN_METHOD_ARGS_TYPE):</p><p>11:04:26 AM: npm ERR! ../src/binding.cpp:284:98: warning: cast between incompatible function types from void (*)(uv_work_t*) {aka void (*)(uv_work_s*)} to uv_after_work_cb {aka void (*)(uv_work_s*, int)} [-Wcast-function-type]</p><p>11:04:26 AM: npm ERR!   284 |     int status = uv_queue_work(uv_default_loop(), &amp;ctx_w-&gt;request, compile_it, (uv_after_work_cb)MakeCallback);</p><p>11:04:26 AM: npm ERR!       |                                                                                                  ^~~~~~~~~~~~</p><p>11:04:26 AM: npm ERR! ../src/binding.cpp: In function Nan::NAN_METHOD_RETURN_TYPE render_file(Nan::NAN_METHOD_ARGS_TYPE):</p><p>11:04:26 AM: npm ERR! ../src/binding.cpp:320:98: warning: cast between incompatible function types from void (*)(uv_work_t*) {aka void (*)(uv_work_s*)} to uv_after_work_cb {aka void (*)(uv_work_s*, int)} [-Wcast-function-type]</p><p>11:04:26 AM: npm ERR!   320 |     int status = uv_queue_work(uv_default_loop(), &amp;ctx_w-&gt;request, compile_it, (uv_after_work_cb)MakeCallback);</p><p>11:04:26 AM: npm ERR!       |                                                                                                  ^~~~~~~~~~~~</p><p>11:04:26 AM: npm ERR! In file included from ../../nan/nan.h:56,</p><p>11:04:26 AM: npm ERR!                  from ../src/binding.cpp:1:</p><p>11:04:26 AM: npm ERR! ../src/binding.cpp: At global scope:</p><p>11:04:26 AM: npm ERR! /opt/buildhome/.cache/node-gyp/16.14.0/include/node/node.h:842:43: warning: cast between incompatible function types from void (*)(Nan::ADDON_REGISTER_FUNCTION_ARGS_TYPE) {aka void (*)(v8::Local&lt;v8::Object&gt;)} to node::addon_register_func {aka void (*)(v8::Local&lt;v8::Object&gt;, v8::Local&lt;v8::Value&gt;, void*)} [-Wcast-function-type]</p><p>11:04:26 AM: npm ERR!   842 |       (node::addon_register_func) (regfunc),                          \</p><p>11:04:26 AM: npm ERR!       |                                           ^</p><p>11:04:26 AM: npm ERR! /opt/buildhome/.cache/node-gyp/16.14.0/include/node/node.h:876:3: note: in expansion of macro NODE_MODULE_X</p><p>11:04:26 AM: npm ERR!   876 |   NODE_MODULE_X(modname, regfunc, NULL, 0)  // NOLINT (readability/null_usage)</p><p>11:04:26 AM: npm ERR!       |   ^~~~~~~~~~~~~</p><p>11:04:26 AM: npm ERR! ../src/binding.cpp:358:1: note: in expansion of macro NODE_MODULE</p><p>11:04:26 AM: npm ERR!   358 | NODE_MODULE(binding, RegisterModule);</p><p>11:04:26 AM: npm ERR!       | ^~~~~~~~~~~</p><p>11:04:26 AM: npm ERR! make: *** [binding.target.mk:133: Release/obj.target/binding/src/binding.o] Error 1</p><p>11:04:26 AM: npm ERR! gyp ERR! build error</p><p>11:04:26 AM: npm ERR! gyp ERR! stack Error: `make` failed with exit code: 2</p><p>11:04:26 AM: npm ERR! gyp ERR! stack     at ChildProcess.onExit (/opt/build/repo/node_modules/node-gyp/lib/build.js:194:23)</p><p>11:04:26 AM: npm ERR! gyp ERR! stack     at ChildProcess.emit (node:events:520:28)</p><p>11:04:26 AM: npm ERR! gyp ERR! stack     at Process.ChildProcess._handle.onexit (node:internal/child_process:291:12)</p><p>11:04:26 AM: npm ERR! gyp ERR! System Linux 5.4.149-73.259.amzn2.x86_64</p><p>11:04:26 AM: npm ERR! gyp ERR! command "/opt/buildhome/.nvm/versions/node/v16.14.0/bin/node" "/opt/build/repo/node_modules/node-gyp/bin/node-gyp.js" "rebuild" "--verbose" "--libsass_ext=" "--libsass_cflags=" "--libsass_ldflags=" "--libsass_library="</p><p>11:04:26 AM: npm ERR! gyp ERR! cwd /opt/build/repo/node_modules/node-sass</p><p>11:04:26 AM: npm ERR! gyp ERR! node -v v16.14.0</p><p>11:04:26 AM: npm ERR! gyp ERR! node-gyp -v v7.1.2</p><p>11:04:26 AM: npm ERR! gyp ERR! not ok</p><p>11:04:26 AM: npm ERR! Build failed with error code: 1</p>
										</div>
									</div>
									<div class="media-body d-none editFormContainer edit-form-2073"></div>
									<div class="attached-area">
																			</div>

																								</div>
							<div class="edit-icon align-self-start">
															</div>
						</div>
					</div>
									
					<div class="card-body msg-box comment-sec ">
						<div class="media">
							<div class="text-center mr-3">
								<img class="align-self-start ticket-thumb rounded-circle" width="60"  src="../public/images/no-user.png" alt="DexignLab">
															</div>
							<div class="media-body chat-bx">
																<span class="text-black">saya </span>
																	<span>replied</span>
																																<a href="javascript:void(0);" class="d-block conversation-date mt-1"> 1 year ago on March 11, 2022 at 02:09 AM</a>

								
									<div class="media-body ticketContentContainer edit-content-2072">
										<div class="pt-3 pb-3 ticket-description-sec">
											<p>Hello, Thank you very much for sending reply.</p><p>No(2) problem has been solved,&nbsp;<span style="font-size: 0.875rem;">Thank you!!</span></p><p>I send picture a netlify deploy error.</p>
										</div>
									</div>
									<div class="media-body d-none editFormContainer edit-form-2072"></div>
									<div class="attached-area">
																					<p class="mb-2 attached-title">
												<strong class="text-uppercase">attached files:</strong>
											</p>
																																			<div class="row">
																											<a href="../public/storage/ticket-images/16469645730-%e3%82%b9%e3%82%af%e3%83%aa%e3%83%bc%e3%83%b3%e3%82%b7%e3%83%a7%e3%83%83%e3%83%88%202022-03-11%20%e5%8d%88%e5%89%8d11.07.44.html" class="col-md-12 ticket-image-popup"><i class="ti-clip"></i>
															11 11.07.44.png
														</a>
																									</div>
											    
																			</div>

																								</div>
							<div class="edit-icon align-self-start">
															</div>
						</div>
					</div>
									
					<div class="card-body msg-box comment-sec ">
						<div class="media">
							<div class="text-center mr-3">
								<img class="align-self-start ticket-thumb rounded-circle" width="60"  src="../public/storage/user-images/1624882348.png" alt="DexignLab">
															</div>
							<div class="media-body chat-bx">
																<span class="text-black">Yamini Gaur</span>
																	<span>replied</span>
																																<a href="javascript:void(0);" class="d-block conversation-date mt-1"> 1 year ago on March 10, 2022 at 12:30 PM</a>

								
									<div class="media-body ticketContentContainer edit-content-2068">
										<div class="pt-3 pb-3 ticket-description-sec">
											<p>Hello saya,</p><p>Thanks for being our customer.</p><p>We will work on your first query and reply to you as soon as possible because we deploy it on Vercel so we check it and update you soon.</p><p><br></p><p>And for the second query please follow the below screenshot:</p><p>Check: <a href="https://prnt.sc/B76Cw6qBUtJ5" target="_blank">https://prnt.sc/B76Cw6qBUtJ5</a></p><p><br></p><p>Thanks &amp; Regards</p><p>Yamini</p><p>DexignZone</p>
										</div>
									</div>
									<div class="media-body d-none editFormContainer edit-form-2068"></div>
									<div class="attached-area">
																			</div>

																								</div>
							<div class="edit-icon align-self-start">
															</div>
						</div>
					</div>
									
					<div class="card-body msg-box comment-sec ">
						<div class="media">
							<div class="text-center mr-3">
								<img class="align-self-start ticket-thumb rounded-circle" width="60"  src="../public/images/no-user.png" alt="DexignLab">
															</div>
							<div class="media-body chat-bx">
																<span class="text-black">saya </span>
																	<span>replied</span>
																																<a href="javascript:void(0);" class="d-block conversation-date mt-1"> 1 year ago on March 09, 2022 at 04:36 AM</a>

								
									<div class="media-body ticketContentContainer edit-content-2036">
										<div class="pt-3 pb-3 ticket-description-sec">
											<p>(2) QandA bug report =&gt; I add screen shot</p>
										</div>
									</div>
									<div class="media-body d-none editFormContainer edit-form-2036"></div>
									<div class="attached-area">
																					<p class="mb-2 attached-title">
												<strong class="text-uppercase">attached files:</strong>
											</p>
																																			<div class="row">
																											<a href="../public/storage/ticket-images/16468005800-%e3%82%b9%e3%82%af%e3%83%aa%e3%83%bc%e3%83%b3%e3%82%b7%e3%83%a7%e3%83%83%e3%83%88%202022-03-09%20%e5%8d%88%e5%89%8d11.49.48.html" class="col-md-12 ticket-image-popup"><i class="ti-clip"></i>
															09 11.49.48.png
														</a>
																									</div>
																																			<div class="row">
																											<a href="../public/storage/ticket-images/16468005801-%e3%82%b9%e3%82%af%e3%83%aa%e3%83%bc%e3%83%b3%e3%82%b7%e3%83%a7%e3%83%83%e3%83%88%202022-03-09%20%e5%8d%88%e5%89%8d11.46.56.html" class="col-md-12 ticket-image-popup"><i class="ti-clip"></i>
															09 11.46.56.png
														</a>
																									</div>
											    
																			</div>

																								</div>
							<div class="edit-icon align-self-start">
															</div>
						</div>
					</div>
									
					<div class="card-body msg-box comment-sec ">
						<div class="media">
							<div class="text-center mr-3">
								<img class="align-self-start ticket-thumb rounded-circle" width="60"  src="../public/images/no-user.png" alt="DexignLab">
															</div>
							<div class="media-body chat-bx">
																<span class="text-black">saya </span>
																	<span>replied</span>
																									<span>started the conversation</span>
																								<a href="javascript:void(0);" class="d-block conversation-date mt-1"> 1 year ago on March 09, 2022 at 02:17 AM</a>

								
									<div class="media-body ticketContentContainer edit-content-2035">
										<div class="pt-3 pb-3 ticket-description-sec">
											<p>(1) netlify deploy</p><p>I would like to deploy on Netlify, not Vercel.</p><p>How can I deploy?</p><p>Now, I can't deploy on Netlify.</p><p>Error happens when it's deploying.</p><p>and I can't Install Essential Next.js plugin</p><p><a href="https://www.netlify.com/blog/2021/03/16/try-the-new-essential-next.js-plugin-now-with-auto-install/" target="_blank">https://www.netlify.com/blog/2021/03/16/try-the-new-essential-next.js-plugin-now-with-auto-install/</a></p><p>===============================</p><p><span style="font-size: 14px;">(2) QandA bug report</span></p><p><span style="font-size: 14px;">I clicked open button, error code happens</span></p><p><span style="font-size: 14px;">please check&nbsp;</span><span style="font-size: 14px;">https://samartheme1.vercel.app/faq-1</span></p><p><span style="font-size: 14px;">redirect to </span>https://samartheme1.vercel.app/javascript<br></p><p><br></p>
										</div>
									</div>
									<div class="media-body d-none editFormContainer edit-form-2035"></div>
									<div class="attached-area">
																			</div>

																								</div>
							<div class="edit-icon align-self-start">
															</div>
						</div>
					</div>
												<div class="card-footer border-0">
						<a href="../login.html" class="btn btn-primary text-uppercase">Sign in to reply</a>
				</div>
							</div>
		</div>
	</div>
</div>

	</div>
	<div class="box-footer">
		<div class="container">
			<p>Developed by <a href="https://www.w3itexperts.com/" target="_blank">W3itexperts</a></p>
		</div>
	</div>
	<script src="../public/vendor/global/global.min.js" type="text/javascript"></script>
    		<script src="../public/vendor/bootstrap-select/dist/js/bootstrap-select.min.js" type="text/javascript"></script>
            	<script src="../public/vendor/summernote/js/summernote.min.js" type="text/javascript"></script>
        	<script src="../public/js/summernote-init.js" type="text/javascript"></script>
        	<script src="../public/vendor/magnific-popup/magnific-popup.js" type="text/javascript"></script>
        	<script src="../public/vendor/magnific-popup/magnific-popup-init.js" type="text/javascript"></script>
        		<script src="../public/vendor/sweetalert2/dist/sweetalert2.min.js" type="text/javascript"></script>
    		<script src="../public/js/deznav-init.js" type="text/javascript"></script>
    		<script src="../public/js/custom.js" type="text/javascript"></script>
    		<script src="../public/js/rdxjs-1.0.js" type="text/javascript"></script>
    
<script>
	var get_notification_url = '../admin/login.html';
	var upload_editor_image = '../configurations/upload_editor_image.html';

	$(function () {
		// $('[data-toggle="tooltip"]').tooltip();
		/* initializate the tooltips after ajax requests, if not already done */    
		$( document ).ajaxComplete(function( event, request, settings ) {
			$('[data-toggle="tooltip"]').tooltip();
		});
	})
</script>
</body>


<!-- Mirrored from support.w3itexperts.com/ticket-detail/b0UzL1Z6NGFGT2RicCtIS044Z0svQT09 by HTTrack Website Copier/3.x [XR&CO'2014], Sat, 17 Feb 2024 04:32:08 GMT -->
</html>